

Microchip Technology PIC18 LITE Macro Assembler V1.35 build -356382666 
                                                                                               Wed Aug 26 21:46:24 2015

Microchip Technology Omniscient Code Generator v1.35 (Free mode) build 201507080246
     1                           	processor	18F4550
     2                           	fnconf	rparam,??,?,0
     3                           	opt	pw 120
     4                           	opt	lm
     5                           	psect	cinit,global,reloc=2,class=CODE,delta=1
     6                           	psect	bssCOMRAM,global,class=COMRAM,space=1,delta=1
     7                           	psect	cstackCOMRAM,global,class=COMRAM,space=1,delta=1
     8                           	psect	text0,global,reloc=2,class=CODE,delta=1
     9                           	psect	intcode,global,reloc=2,class=CODE,delta=1
    10                           	psect	intcode_body,global,reloc=2,class=CODE,delta=1
    11                           	psect	intsave_regs,global,class=BIGRAM,space=1,delta=1
    12                           	psect	rparam,global,class=COMRAM,space=1,delta=1
    13                           	psect	temp,global,ovrld,common,class=COMRAM,space=1,delta=1
    14  0000                     _INTCONbits	set	4082
    15  0000                     _LATCbits	set	3979
    16  0000                     _LATDbits	set	3980
    17  0000                     _PR2	set	4043
    18  0000                     _T0CONbits	set	4053
    19  0000                     _T2CONbits	set	4042
    20  0000                     _TMR0H	set	4055
    21  0000                     _TMR0L	set	4054
    22  0000                     _TRISCbits	set	3988
    23  0000                     _TRISDbits	set	3989
    24  0000                     _TMR0IE	set	32661
    25  0000                     _TMR0IF	set	32658
    26                           
    27                           ; #config settings
    28  0000                     
    29                           	psect	cinit
    30  000182                     __pcinit:
    31                           	opt stack 0
    32  000182                     start_initialization:
    33                           	opt stack 0
    34  000182                     __initialization:
    35                           	opt stack 0
    36                           
    37                           ; Clear objects allocated to COMRAM (9 bytes)
    38  000182  EE00  F012         	lfsr	0,__pbssCOMRAM
    39  000186  0E09               	movlw	9
    40  000188                     clear_0:
    41  000188  6AEE               	clrf	postinc0,c
    42  00018A  06E8               	decf	wreg,f,c
    43  00018C  E1FD               	bnz	clear_0
    44  00018E                     end_of_initialization:
    45                           	opt stack 0
    46  00018E                     __end_of__initialization:
    47                           	opt stack 0
    48  00018E  901B               	bcf	int$flags,0,c	;clear compiler interrupt flag (level 1)
    49  000190  921B               	bcf	int$flags,1,c	;clear compiler interrupt flag (level 2)
    50  000192  0100               	movlb	0
    51  000194  EF0D  F000         	goto	_main	;jump to C main() function
    52                           postinc0	equ	0xFEE
    53                           wreg	equ	0xFE8
    54                           
    55                           	psect	bssCOMRAM
    56  000012                     __pbssCOMRAM:
    57                           	opt stack 0
    58  000012                     _sec1:
    59                           	opt stack 0
    60  000012                     	ds	2
    61  000014                     _sec1flag:
    62                           	opt stack 0
    63  000014                     	ds	2
    64  000016                     _sec5:
    65                           	opt stack 0
    66  000016                     	ds	2
    67  000018                     _sec5flag:
    68                           	opt stack 0
    69  000018                     	ds	2
    70  00001A                     _Timer0Flag:
    71                           	opt stack 0
    72  00001A                     	ds	1
    73                           postinc0	equ	0xFEE
    74                           wreg	equ	0xFE8
    75                           
    76                           	psect	cstackCOMRAM
    77  000001                     __pcstackCOMRAM:
    78                           	opt stack 0
    79  000001                     ??_HighISR:
    80                           
    81                           ; 0 bytes @ 0x0
    82  000001                     	ds	14
    83  00000F                     ??_main:
    84                           
    85                           ; 0 bytes @ 0xE
    86  00000F                     	ds	1
    87  000010                     main@i:
    88                           	opt stack 0
    89                           
    90                           ; 2 bytes @ 0xF
    91  000010                     	ds	2
    92                           postinc0	equ	0xFEE
    93                           wreg	equ	0xFE8
    94                           
    95 ;;
    96 ;;Main: autosize = 0, tempsize = 1, incstack = 0, save=0
    97 ;;
    98 ;; *************** function _main *****************
    99 ;; Defined at:
   100 ;;		line 23 in file "timeotest.c"
   101 ;; Parameters:    Size  Location     Type
   102 ;;		None
   103 ;; Auto vars:     Size  Location     Type
   104 ;;  i               2   15[COMRAM] unsigned int 
   105 ;; Return value:  Size  Location     Type
   106 ;;		None               void
   107 ;; Registers used:
   108 ;;		wreg, status,2, status,0
   109 ;; Tracked objects:
   110 ;;		On entry : 0/0
   111 ;;		On exit  : 0/0
   112 ;;		Unchanged: 0/0
   113 ;; Data sizes:     COMRAM   BANK0   BANK1   BANK2   BANK3   BANK4   BANK5   BANK6   BANK7
   114 ;;      Params:         0       0       0       0       0       0       0       0       0
   115 ;;      Locals:         2       0       0       0       0       0       0       0       0
   116 ;;      Temps:          1       0       0       0       0       0       0       0       0
   117 ;;      Totals:         3       0       0       0       0       0       0       0       0
   118 ;;Total ram usage:        3 bytes
   119 ;; Hardware stack levels required when called:    1
   120 ;; This function calls:
   121 ;;		Nothing
   122 ;; This function is called by:
   123 ;;		Startup code after reset
   124 ;; This function uses a non-reentrant model
   125 ;;
   126                           
   127                           	psect	text0
   128  00001A                     __ptext0:
   129                           	opt stack 0
   130  00001A                     _main:
   131                           	opt stack 30
   132                           
   133                           ;timeotest.c: 25: unsigned int i = 0;
   134                           
   135                           ;incstack = 0
   136  00001A  0E00               	movlw	0
   137  00001C  6E11               	movwf	main@i+1,c
   138  00001E  0E00               	movlw	0
   139  000020  6E10               	movwf	main@i,c
   140                           
   141                           ;timeotest.c: 27: LATCbits.LATC2 = 0;
   142  000022  948B               	bcf	3979,2,c	;volatile
   143                           
   144                           ;timeotest.c: 28: TRISCbits.TRISC2 = 0;
   145  000024  9494               	bcf	3988,2,c	;volatile
   146                           
   147                           ;timeotest.c: 29: LATDbits.LATD0 = 0;
   148  000026  908C               	bcf	3980,0,c	;volatile
   149                           
   150                           ;timeotest.c: 30: TRISDbits.TRISD0 = 0;
   151  000028  9095               	bcf	3989,0,c	;volatile
   152                           
   153                           ;timeotest.c: 31: LATDbits.LATD7 = 0;
   154  00002A  9E8C               	bcf	3980,7,c	;volatile
   155                           
   156                           ;timeotest.c: 32: TRISDbits.TRISD7 = 0;
   157  00002C  9E95               	bcf	3989,7,c	;volatile
   158                           
   159                           ;timeotest.c: 34: T2CONbits.TOUTPS = 0x00;
   160  00002E  96CA               	bcf	4042,3,c	;volatile
   161  000030  98CA               	bcf	4042,4,c	;volatile
   162  000032  9ACA               	bcf	4042,5,c	;volatile
   163  000034  9CCA               	bcf	4042,6,c	;volatile
   164                           
   165                           ;timeotest.c: 35: T2CONbits.T2CKPS = 0x02;
   166  000036  50CA               	movf	4042,w,c	;volatile
   167  000038  0BFC               	andlw	-4
   168  00003A  0902               	iorlw	2
   169  00003C  6ECA               	movwf	4042,c	;volatile
   170                           
   171                           ;timeotest.c: 36: T2CONbits.TMR2ON = 1;
   172  00003E  84CA               	bsf	4042,2,c	;volatile
   173                           
   174                           ;timeotest.c: 37: PR2 = ( 4000000 / 4 / 16 / 1000 );
   175  000040  0E3E               	movlw	62
   176  000042  6ECB               	movwf	4043,c	;volatile
   177                           
   178                           ;timeotest.c: 39: T0CONbits.T08BIT = 0;
   179  000044  9CD5               	bcf	4053,6,c	;volatile
   180                           
   181                           ;timeotest.c: 40: T0CONbits.T0CS = 0;
   182  000046  9AD5               	bcf	4053,5,c	;volatile
   183                           
   184                           ;timeotest.c: 41: T0CONbits.T0SE = 0;
   185  000048  98D5               	bcf	4053,4,c	;volatile
   186                           
   187                           ;timeotest.c: 42: T0CONbits.PSA = 0;
   188  00004A  96D5               	bcf	4053,3,c	;volatile
   189                           
   190                           ;timeotest.c: 43: T0CONbits.T0PS = 0x07;
   191  00004C  80D5               	bsf	4053,0,c	;volatile
   192  00004E  82D5               	bsf	4053,1,c	;volatile
   193  000050  84D5               	bsf	4053,2,c	;volatile
   194                           
   195                           ;timeotest.c: 44: TMR0H = ( ( ( 65536 - ( 4000000 / 4 / 256 / 100 )) >> 8 ) & 0xff );
   196  000052  68D7               	setf	4055,c	;volatile
   197                           
   198                           ;timeotest.c: 45: TMR0L = ( ( 65536 - ( 4000000 / 4 / 256 / 100 )) & 0xff );
   199  000054  0ED9               	movlw	217
   200  000056  6ED6               	movwf	4054,c	;volatile
   201                           
   202                           ;timeotest.c: 46: T0CONbits.TMR0ON = 1;
   203  000058  8ED5               	bsf	4053,7,c	;volatile
   204                           
   205                           ;timeotest.c: 48: INTCONbits.TMR0IF = 0;
   206  00005A  94F2               	bcf	intcon,2,c	;volatile
   207                           
   208                           ;timeotest.c: 49: INTCONbits.TMR0IE = 1;
   209  00005C  8AF2               	bsf	intcon,5,c	;volatile
   210                           
   211                           ;timeotest.c: 51: INTCONbits.PEIE = 1;
   212  00005E  8CF2               	bsf	intcon,6,c	;volatile
   213                           
   214                           ;timeotest.c: 52: INTCONbits.GIE = 1;
   215  000060  8EF2               	bsf	intcon,7,c	;volatile
   216  000062                     l687:
   217                           
   218                           ;timeotest.c: 55: {
   219                           ;timeotest.c: 57: if (sec1==3)
   220  000062  0E03               	movlw	3
   221  000064  1812               	xorwf	_sec1,w,c
   222  000066  1013               	iorwf	_sec1+1,w,c
   223  000068  A4D8               	btfss	status,2,c
   224  00006A  D011               	goto	l693
   225                           
   226                           ;timeotest.c: 58: {
   227                           ;timeotest.c: 59: sec1=0;
   228  00006C  0E00               	movlw	0
   229  00006E  6E13               	movwf	_sec1+1,c
   230  000070  0E00               	movlw	0
   231  000072  6E12               	movwf	_sec1,c
   232                           
   233                           ;timeotest.c: 60: LATDbits.LATD7 = !LATDbits.LATD7;
   234  000074  BE8C               	btfsc	3980,7,c	;volatile
   235  000076  D003               	goto	u20
   236  000078  6A0F               	clrf	??_main& (0+255),c
   237  00007A  2A0F               	incf	??_main& (0+255),f,c
   238  00007C  D001               	goto	u38
   239  00007E                     u20:
   240  00007E  6A0F               	clrf	??_main& (0+255),c
   241  000080                     u38:
   242  000080  320F               	rrcf	??_main,f,c
   243  000082  320F               	rrcf	??_main,f,c
   244  000084  508C               	movf	3980,w,c	;volatile
   245  000086  180F               	xorwf	??_main,w,c
   246  000088  0B7F               	andlw	-129
   247  00008A  180F               	xorwf	??_main,w,c
   248  00008C  6E8C               	movwf	3980,c	;volatile
   249  00008E                     l693:
   250                           
   251                           ;timeotest.c: 61: }
   252                           ;timeotest.c: 63: if (sec5==2)
   253  00008E  0E02               	movlw	2
   254  000090  1816               	xorwf	_sec5,w,c
   255  000092  1017               	iorwf	_sec5+1,w,c
   256  000094  A4D8               	btfss	status,2,c
   257  000096  D00F               	goto	l699
   258                           
   259                           ;timeotest.c: 64: {
   260                           ;timeotest.c: 65: sec5=0;
   261  000098  0E00               	movlw	0
   262  00009A  6E17               	movwf	_sec5+1,c
   263  00009C  0E00               	movlw	0
   264  00009E  6E16               	movwf	_sec5,c
   265                           
   266                           ;timeotest.c: 66: LATDbits.LATD0 = !LATDbits.LATD0;
   267  0000A0  B08C               	btfsc	3980,0,c	;volatile
   268  0000A2  D003               	goto	u50
   269  0000A4  6A0F               	clrf	??_main& (0+255),c
   270  0000A6  2A0F               	incf	??_main& (0+255),f,c
   271  0000A8  D001               	goto	u68
   272  0000AA                     u50:
   273  0000AA  6A0F               	clrf	??_main& (0+255),c
   274  0000AC                     u68:
   275  0000AC  508C               	movf	3980,w,c	;volatile
   276  0000AE  180F               	xorwf	??_main,w,c
   277  0000B0  0BFE               	andlw	-2
   278  0000B2  180F               	xorwf	??_main,w,c
   279  0000B4  6E8C               	movwf	3980,c	;volatile
   280  0000B6                     l699:
   281                           
   282                           ;timeotest.c: 67: }
   283                           ;timeotest.c: 69: if (Timer0Flag)
   284  0000B6  501A               	movf	_Timer0Flag,w,c	;volatile
   285  0000B8  B4D8               	btfsc	status,2,c
   286  0000BA  D7D3               	goto	l687
   287                           
   288                           ;timeotest.c: 70: {
   289                           ;timeotest.c: 71: Timer0Flag = 0;
   290  0000BC  0E00               	movlw	0
   291  0000BE  6E1A               	movwf	_Timer0Flag,c	;volatile
   292                           
   293                           ;timeotest.c: 72: if (++sec1flag>100)
   294  0000C0  4A14               	infsnz	_sec1flag,f,c
   295  0000C2  2A15               	incf	_sec1flag+1,f,c
   296  0000C4  BE15               	btfsc	_sec1flag+1,7,c
   297  0000C6  D00C               	goto	l709
   298  0000C8  5015               	movf	_sec1flag+1,w,c
   299  0000CA  E104               	bnz	u80
   300  0000CC  0E65               	movlw	101
   301  0000CE  5C14               	subwf	_sec1flag,w,c
   302  0000D0  A0D8               	btfss	status,0,c
   303  0000D2  D006               	goto	l709
   304  0000D4                     u80:
   305                           
   306                           ;timeotest.c: 73: {
   307                           ;timeotest.c: 74: sec1flag=0;
   308  0000D4  0E00               	movlw	0
   309  0000D6  6E15               	movwf	_sec1flag+1,c
   310  0000D8  0E00               	movlw	0
   311  0000DA  6E14               	movwf	_sec1flag,c
   312                           
   313                           ;timeotest.c: 75: sec1++;
   314  0000DC  4A12               	infsnz	_sec1,f,c
   315  0000DE  2A13               	incf	_sec1+1,f,c
   316  0000E0                     l709:
   317                           
   318                           ;timeotest.c: 76: }
   319                           ;timeotest.c: 77: if (++sec5flag>500)
   320  0000E0  4A18               	infsnz	_sec5flag,f,c
   321  0000E2  2A19               	incf	_sec5flag+1,f,c
   322  0000E4  BE19               	btfsc	_sec5flag+1,7,c
   323  0000E6  D7BD               	goto	l687
   324  0000E8  0EF5               	movlw	245
   325  0000EA  5C18               	subwf	_sec5flag,w,c
   326  0000EC  0E01               	movlw	1
   327  0000EE  5819               	subwfb	_sec5flag+1,w,c
   328  0000F0  A0D8               	btfss	status,0,c
   329  0000F2  D7B7               	goto	l687
   330                           
   331                           ;timeotest.c: 78: {
   332                           ;timeotest.c: 79: sec5flag=0;
   333  0000F4  0E00               	movlw	0
   334  0000F6  6E19               	movwf	_sec5flag+1,c
   335  0000F8  0E00               	movlw	0
   336  0000FA  6E18               	movwf	_sec5flag,c
   337                           
   338                           ;timeotest.c: 80: sec5++;
   339  0000FC  4A16               	infsnz	_sec5,f,c
   340  0000FE  2A17               	incf	_sec5+1,f,c
   341  000100  D7B0               	goto	l687
   342  000102                     __end_of_main:
   343                           	opt stack 0
   344                           intcon	equ	0xFF2
   345                           postinc0	equ	0xFEE
   346                           wreg	equ	0xFE8
   347                           status	equ	0xFD8
   348                           
   349 ;; *************** function _HighISR *****************
   350 ;; Defined at:
   351 ;;		line 87 in file "timeotest.c"
   352 ;; Parameters:    Size  Location     Type
   353 ;;		None
   354 ;; Auto vars:     Size  Location     Type
   355 ;;		None
   356 ;; Return value:  Size  Location     Type
   357 ;;		None               void
   358 ;; Registers used:
   359 ;;		wreg, status,2
   360 ;; Tracked objects:
   361 ;;		On entry : 0/0
   362 ;;		On exit  : 0/0
   363 ;;		Unchanged: 0/0
   364 ;; Data sizes:     COMRAM   BANK0   BANK1   BANK2   BANK3   BANK4   BANK5   BANK6   BANK7
   365 ;;      Params:         0       0       0       0       0       0       0       0       0
   366 ;;      Locals:         0       0       0       0       0       0       0       0       0
   367 ;;      Temps:         14       0       0       0       0       0       0       0       0
   368 ;;      Totals:        14       0       0       0       0       0       0       0       0
   369 ;;Total ram usage:       14 bytes
   370 ;; Hardware stack levels used:    1
   371 ;; This function calls:
   372 ;;		Nothing
   373 ;; This function is called by:
   374 ;;		Interrupt level 2
   375 ;; This function uses a non-reentrant model
   376 ;;
   377                           
   378                           	psect	intcode
   379  000008                     __pintcode:
   380                           	opt stack 0
   381  000008                     _HighISR:
   382                           	opt stack 30
   383                           
   384                           ;incstack = 0
   385  000008  821B               	bsf	btemp,1,c	;set compiler interrupt flag (level 2)
   386  00000A  CFFA F001          	movff	pclath,??_HighISR
   387  00000E  CFFB F002          	movff	pclatu,??_HighISR+1
   388  000012  ED81  F000         	call	int_func,f	;refresh shadow registers
   389                           pclatu	equ	0xFFB
   390                           pclath	equ	0xFFA
   391                           intcon	equ	0xFF2
   392                           postinc0	equ	0xFEE
   393                           wreg	equ	0xFE8
   394                           status	equ	0xFD8
   395                           
   396                           	psect	intcode_body
   397  000102                     __pintcode_body:
   398                           	opt stack 30
   399  000102                     int_func:
   400                           	opt stack 30
   401  000102  0006               	pop		; remove dummy address from shadow register refresh
   402  000104  CFE9 F003          	movff	fsr0l,??_HighISR+2
   403  000108  CFEA F004          	movff	fsr0h,??_HighISR+3
   404  00010C  CFE1 F005          	movff	fsr1l,??_HighISR+4
   405  000110  CFE2 F006          	movff	fsr1h,??_HighISR+5
   406  000114  CFD9 F007          	movff	fsr2l,??_HighISR+6
   407  000118  CFDA F008          	movff	fsr2h,??_HighISR+7
   408  00011C  CFF3 F009          	movff	prodl,??_HighISR+8
   409  000120  CFF4 F00A          	movff	prodh,??_HighISR+9
   410  000124  CFF6 F00B          	movff	tblptrl,??_HighISR+10
   411  000128  CFF7 F00C          	movff	tblptrh,??_HighISR+11
   412  00012C  CFF8 F00D          	movff	tblptru,??_HighISR+12
   413  000130  CFF5 F00E          	movff	tablat,??_HighISR+13
   414                           
   415                           ;timeotest.c: 89: if (TMR0IE && TMR0IF)
   416  000134  BAF2               	btfsc	intcon,5,c	;volatile
   417  000136  A4F2               	btfss	intcon,2,c	;volatile
   418  000138  D006               	goto	i2l49
   419                           
   420                           ;timeotest.c: 90: {
   421                           ;timeotest.c: 92: TMR0H = ( ( ( 65536 - ( 4000000 / 4 / 256 / 100 )) >> 8 ) & 0xff );
   422  00013A  68D7               	setf	4055,c	;volatile
   423                           
   424                           ;timeotest.c: 93: TMR0L = ( ( 65536 - ( 4000000 / 4 / 256 / 100 )) & 0xff );
   425  00013C  0ED9               	movlw	217
   426  00013E  6ED6               	movwf	4054,c	;volatile
   427                           
   428                           ;timeotest.c: 94: TMR0IF=0;
   429  000140  94F2               	bcf	intcon,2,c	;volatile
   430                           
   431                           ;timeotest.c: 95: Timer0Flag = 1;
   432  000142  0E01               	movlw	1
   433  000144  6E1A               	movwf	_Timer0Flag,c	;volatile
   434  000146                     i2l49:
   435  000146  C00E  FFF5         	movff	??_HighISR+13,tablat
   436  00014A  C00D  FFF8         	movff	??_HighISR+12,tblptru
   437  00014E  C00C  FFF7         	movff	??_HighISR+11,tblptrh
   438  000152  C00B  FFF6         	movff	??_HighISR+10,tblptrl
   439  000156  C00A  FFF4         	movff	??_HighISR+9,prodh
   440  00015A  C009  FFF3         	movff	??_HighISR+8,prodl
   441  00015E  C008  FFDA         	movff	??_HighISR+7,fsr2h
   442  000162  C007  FFD9         	movff	??_HighISR+6,fsr2l
   443  000166  C006  FFE2         	movff	??_HighISR+5,fsr1h
   444  00016A  C005  FFE1         	movff	??_HighISR+4,fsr1l
   445  00016E  C004  FFEA         	movff	??_HighISR+3,fsr0h
   446  000172  C003  FFE9         	movff	??_HighISR+2,fsr0l
   447  000176  C002  FFFB         	movff	??_HighISR+1,pclatu
   448  00017A  C001  FFFA         	movff	??_HighISR,pclath
   449  00017E  921B               	bcf	btemp,1,c	;clear compiler interrupt flag (level 2)
   450  000180  0011               	retfie		f
   451  000182                     __end_of_HighISR:
   452                           	opt stack 0
   453  0000                     pclatu	equ	0xFFB
   454                           pclath	equ	0xFFA
   455                           tblptru	equ	0xFF8
   456                           tblptrh	equ	0xFF7
   457                           tblptrl	equ	0xFF6
   458                           tablat	equ	0xFF5
   459                           prodh	equ	0xFF4
   460                           prodl	equ	0xFF3
   461                           intcon	equ	0xFF2
   462                           postinc0	equ	0xFEE
   463                           fsr0h	equ	0xFEA
   464                           fsr0l	equ	0xFE9
   465                           wreg	equ	0xFE8
   466                           fsr1h	equ	0xFE2
   467                           fsr1l	equ	0xFE1
   468                           fsr2h	equ	0xFDA
   469                           fsr2l	equ	0xFD9
   470                           status	equ	0xFD8
   471                           pclatu	equ	0xFFB
   472                           pclath	equ	0xFFA
   473                           tblptru	equ	0xFF8
   474                           tblptrh	equ	0xFF7
   475                           tblptrl	equ	0xFF6
   476                           tablat	equ	0xFF5
   477                           prodh	equ	0xFF4
   478                           prodl	equ	0xFF3
   479                           intcon	equ	0xFF2
   480                           postinc0	equ	0xFEE
   481                           fsr0h	equ	0xFEA
   482                           fsr0l	equ	0xFE9
   483                           wreg	equ	0xFE8
   484                           fsr1h	equ	0xFE2
   485                           fsr1l	equ	0xFE1
   486                           fsr2h	equ	0xFDA
   487                           fsr2l	equ	0xFD9
   488                           status	equ	0xFD8
   489                           
   490                           	psect	rparam
   491  0000                     pclatu	equ	0xFFB
   492                           pclath	equ	0xFFA
   493                           tblptru	equ	0xFF8
   494                           tblptrh	equ	0xFF7
   495                           tblptrl	equ	0xFF6
   496                           tablat	equ	0xFF5
   497                           prodh	equ	0xFF4
   498                           prodl	equ	0xFF3
   499                           intcon	equ	0xFF2
   500                           postinc0	equ	0xFEE
   501                           fsr0h	equ	0xFEA
   502                           fsr0l	equ	0xFE9
   503                           wreg	equ	0xFE8
   504                           fsr1h	equ	0xFE2
   505                           fsr1l	equ	0xFE1
   506                           fsr2h	equ	0xFDA
   507                           fsr2l	equ	0xFD9
   508                           status	equ	0xFD8
   509                           
   510                           	psect	temp
   511  00001B                     btemp:
   512                           	opt stack 0
   513  00001B                     	ds	1
   514  0000                     int$flags	set	btemp
   515                           pclatu	equ	0xFFB
   516                           pclath	equ	0xFFA
   517                           tblptru	equ	0xFF8
   518                           tblptrh	equ	0xFF7
   519                           tblptrl	equ	0xFF6
   520                           tablat	equ	0xFF5
   521                           prodh	equ	0xFF4
   522                           prodl	equ	0xFF3
   523                           intcon	equ	0xFF2
   524                           postinc0	equ	0xFEE
   525                           fsr0h	equ	0xFEA
   526                           fsr0l	equ	0xFE9
   527                           wreg	equ	0xFE8
   528                           fsr1h	equ	0xFE2
   529                           fsr1l	equ	0xFE1
   530                           fsr2h	equ	0xFDA
   531                           fsr2l	equ	0xFD9
   532                           status	equ	0xFD8


Data Sizes:
    Strings     0
    Constant    0
    Data        0
    BSS         9
    Persistent  0
    Stack       0

Auto Spaces:
    Space          Size  Autos    Used
    COMRAM           94     17      26
    BANK0           160      0       0
    BANK1           256      0       0
    BANK2           256      0       0
    BANK3           256      0       0
    BANK4           256      0       0
    BANK5           256      0       0
    BANK6           256      0       0
    BANK7           256      0       0

Pointer List with Targets:

    None.

Critical Paths under _main in COMRAM

    None.

Critical Paths under _HighISR in COMRAM

    None.

Critical Paths under _main in BANK0

    None.

Critical Paths under _HighISR in BANK0

    None.

Critical Paths under _main in BANK1

    None.

Critical Paths under _HighISR in BANK1

    None.

Critical Paths under _main in BANK2

    None.

Critical Paths under _HighISR in BANK2

    None.

Critical Paths under _main in BANK3

    None.

Critical Paths under _HighISR in BANK3

    None.

Critical Paths under _main in BANK4

    None.

Critical Paths under _HighISR in BANK4

    None.

Critical Paths under _main in BANK5

    None.

Critical Paths under _HighISR in BANK5

    None.

Critical Paths under _main in BANK6

    None.

Critical Paths under _HighISR in BANK6

    None.

Critical Paths under _main in BANK7

    None.

Critical Paths under _HighISR in BANK7

    None.

Call Graph Tables:

 ---------------------------------------------------------------------------------
 (Depth) Function   	        Calls       Base Space   Used Autos Params    Refs
 ---------------------------------------------------------------------------------
 (0) _main                                                 3     3      0       0
                                             14 COMRAM     3     3      0
 ---------------------------------------------------------------------------------
 Estimated maximum stack depth 0
 ---------------------------------------------------------------------------------
 (Depth) Function   	        Calls       Base Space   Used Autos Params    Refs
 ---------------------------------------------------------------------------------
 (1) _HighISR                                             14    14      0       0
                                              0 COMRAM    14    14      0
 ---------------------------------------------------------------------------------
 Estimated maximum stack depth 1
 ---------------------------------------------------------------------------------

 Call Graph Graphs:

 _main (ROOT)

 _HighISR (ROOT)

 Address spaces:
Name               Size   Autos  Total    Cost      Usage
BIGRAM             7FF      0       0      21        0.0%
EEDATA             100      0       0       0        0.0%
BITBANK7           100      0       0      18        0.0%
BANK7              100      0       0      19        0.0%
BITBANK6           100      0       0      16        0.0%
BANK6              100      0       0      17        0.0%
BITBANK5           100      0       0      14        0.0%
BANK5              100      0       0      15        0.0%
BITBANK4           100      0       0      12        0.0%
BANK4              100      0       0      13        0.0%
BITBANK3           100      0       0      10        0.0%
BANK3              100      0       0      11        0.0%
BITBANK2           100      0       0       8        0.0%
BANK2              100      0       0       9        0.0%
BITBANK1           100      0       0       6        0.0%
BANK1              100      0       0       7        0.0%
BITBANK0            A0      0       0       4        0.0%
BANK0               A0      0       0       5        0.0%
BITCOMRAM           5E      0       0       0        0.0%
COMRAM              5E     11      1A       1       27.7%
BITSFR               0      0       0      40        0.0%
SFR                  0      0       0      40        0.0%
STACK                0      0       0       2        0.0%
NULL                 0      0       0       0        0.0%
ABS                  0      0      1A      20        0.0%
DATA                 0      0      1A       3        0.0%
CODE                 0      0       0       0        0.0%


Microchip Technology PIC18 Macro Assembler V1.35 build -356382666 
Symbol Table                                                                                   Wed Aug 26 21:46:24 2015

                     u20 007E                       u50 00AA                       u38 0080  
                     u80 00D4                       u68 00AC              __CFG_BORV$1 000000  
                    l709 00E0                      l693 008E                      l687 0062  
                    l699 00B6                      _PR2 000FCB                      wreg 000FE8  
           __CFG_FOSC$HS 000000             __CFG_LVP$OFF 000000             __CFG_WDT$OFF 000000  
                   i2l49 0146                     _sec1 0012                     _sec5 0016  
                   _main 001A                     fsr0h 000FEA                     fsr1h 000FE2  
                   fsr0l 000FE9                     fsr2h 000FDA                     fsr1l 000FE1  
                   fsr2l 000FD9                     btemp 001B                     pclat 000FFA  
                   prodh 000FF4                     prodl 000FF3                     start 0016  
        __end_of_HighISR 0182            __CFG_MCLRE$ON 000000             ___param_bank 000010  
                  ?_main 0001                    _TMR0H 000FD7                    _TMR0L 000FD6  
                  main@i 0010                    tablat 000FF5                    status 000FD8  
        __initialization 0182             __end_of_main 0102                   ??_main 000F  
          __activetblptr 000000                ??_HighISR 0001                   _TMR0IE 007F95  
                 _TMR0IF 007F92               _Timer0Flag 001A           __CFG_XINST$OFF 000000  
                 clear_0 0188                   tblptrh 000FF7                   tblptrl 000FF6  
                 tblptru 000FF8               __accesstop 0060  __end_of__initialization 018E  
        __CFG_PBADEN$OFF 000000            ___rparam_used 000001           __pcstackCOMRAM 0001  
                _HighISR 0008                  __Hparam 0000                  __Lparam 0000  
                __pcinit 0182                  __ramtop 0800                  __ptext0 001A  
              _T0CONbits 000FD5                _T2CONbits 000FCA           __pintcode_body 0102  
   end_of_initialization 018E                  int_func 0102                  postinc0 000FEE  
              _TRISCbits 000F94                _TRISDbits 000F95      start_initialization 0182  
     __CFG_BOR$ON_ACTIVE 000000              __pbssCOMRAM 0012                 ?_HighISR 0001  
              __pintcode 0008                 _LATCbits 000F8B                 _LATDbits 000F8C  
       __size_of_HighISR 017A                 __Hrparam 0000                 __Lrparam 0000  
               _sec1flag 0014                 _sec5flag 0018            __size_of_main 00E8  
               int$flags 001B               _INTCONbits 000FF2                 intlevel2 0000  
