

Microchip Technology PIC18 LITE Macro Assembler V1.35 build -356382666 
                                                                                               Tue Aug 25 14:23:20 2015

Microchip Technology Omniscient Code Generator v1.35 (Free mode) build 201507080246
     1                           	processor	18F4450
     2                           	fnconf	rparam,??,?,0
     3                           	opt	pw 120
     4                           	opt	lm
     5                           	psect	cinit,global,reloc=2,class=CODE,delta=1
     6                           	psect	cstackCOMRAM,global,class=COMRAM,space=1,delta=1
     7                           	psect	text0,global,reloc=2,class=CODE,delta=1
     8                           	psect	text1,global,reloc=2,class=CODE,delta=1
     9                           	psect	text2,global,reloc=2,class=CODE,delta=1
    10                           	psect	text3,global,reloc=2,class=CODE,delta=1
    11                           	psect	text4,global,reloc=2,class=CODE,delta=1
    12                           	psect	text5,global,reloc=2,class=CODE,delta=1
    13                           	psect	text6,global,reloc=2,class=CODE,delta=1
    14                           	psect	text7,global,reloc=2,class=CODE,delta=1
    15                           	psect	text8,global,reloc=2,class=CODE,delta=1
    16                           	psect	intsave_regs,global,class=BIGRAM,space=1,delta=1
    17                           	psect	rparam,global,class=COMRAM,space=1,delta=1
    18  0000                     _ADCON1	set	4033
    19  0000                     _OSCCON	set	4051
    20  0000                     _PORTD	set	3971
    21  0000                     _TRISB	set	3987
    22  0000                     _TRISD	set	3989
    23  0000                     _RB3	set	31755
    24  0000                     _RB4	set	31756
    25  0000                     _RB5	set	31757
    26  0000                     _RD7	set	31775
    27  0000                     _TRISD7	set	31919
    28                           
    29                           ; #config settings
    30  0000                     
    31                           	psect	cinit
    32  003D16                     __pcinit:
    33                           	opt stack 0
    34  003D16                     start_initialization:
    35                           	opt stack 0
    36  003D16                     __initialization:
    37                           	opt stack 0
    38  003D16                     end_of_initialization:
    39                           	opt stack 0
    40  003D16                     __end_of__initialization:
    41                           	opt stack 0
    42  003D16  0100               	movlb	0
    43  003D18  EF15  F01F         	goto	_main	;jump to C main() function
    44                           
    45                           	psect	cstackCOMRAM
    46  000001                     __pcstackCOMRAM:
    47                           	opt stack 0
    48  000001                     lcd_write_com@combuf:
    49                           	opt stack 0
    50  000001                     lcd_write_data@databuf:
    51                           	opt stack 0
    52  000001                     delay@t:
    53                           	opt stack 0
    54                           
    55                           ; 2 bytes @ 0x0
    56  000001                     	ds	1
    57  000002                     lcd_write_com_busy@combuf:
    58                           	opt stack 0
    59                           
    60                           ; 1 bytes @ 0x1
    61  000002                     	ds	1
    62  000003                     lcd_write_address@y:
    63                           	opt stack 0
    64  000003                     delay@i:
    65                           	opt stack 0
    66                           
    67                           ; 2 bytes @ 0x2
    68  000003                     	ds	1
    69  000004                     lcd_write_address@x:
    70                           	opt stack 0
    71                           
    72                           ; 1 bytes @ 0x3
    73  000004                     	ds	1
    74  000005                     lcd_write_char@y:
    75                           	opt stack 0
    76  000005                     delay@j:
    77                           	opt stack 0
    78                           
    79                           ; 2 bytes @ 0x4
    80  000005                     	ds	1
    81  000006                     lcd_write_char@buf:
    82                           	opt stack 0
    83                           
    84                           ; 1 bytes @ 0x5
    85  000006                     	ds	1
    86  000007                     lcd_write_char@x:
    87                           	opt stack 0
    88                           
    89                           ; 1 bytes @ 0x6
    90  000007                     	ds	1
    91  000008                     
    92                           ; 0 bytes @ 0x7
    93 ;;
    94 ;;Main: autosize = 0, tempsize = 0, incstack = 0, save=0
    95 ;;
    96 ;; *************** function _main *****************
    97 ;; Defined at:
    98 ;;		line 145 in file "newmain.c"
    99 ;; Parameters:    Size  Location     Type
   100 ;;		None
   101 ;; Auto vars:     Size  Location     Type
   102 ;;		None
   103 ;; Return value:  Size  Location     Type
   104 ;;		None               void
   105 ;; Registers used:
   106 ;;		wreg, status,2, status,0, cstack
   107 ;; Tracked objects:
   108 ;;		On entry : 0/0
   109 ;;		On exit  : 0/0
   110 ;;		Unchanged: 0/0
   111 ;; Data sizes:     COMRAM   BANK0   BANK1   BANK4
   112 ;;      Params:         0       0       0       0
   113 ;;      Locals:         0       0       0       0
   114 ;;      Temps:          0       0       0       0
   115 ;;      Totals:         0       0       0       0
   116 ;;Total ram usage:        0 bytes
   117 ;; Hardware stack levels required when called:    4
   118 ;; This function calls:
   119 ;;		_lcd_write_char
   120 ;;		_lcdreset
   121 ;; This function is called by:
   122 ;;		Startup code after reset
   123 ;; This function uses a non-reentrant model
   124 ;;
   125                           
   126                           	psect	text0
   127  003E2A                     __ptext0:
   128                           	opt stack 0
   129  003E2A                     _main:
   130                           	opt stack 27
   131                           
   132                           ;newmain.c: 147: OSCCON=0X00;
   133                           
   134                           ;incstack = 0
   135  003E2A  0E00               	movlw	0
   136  003E2C  6ED3               	movwf	4051,c	;volatile
   137                           
   138                           ;newmain.c: 148: ADCON1=0X0f;
   139  003E2E  0E0F               	movlw	15
   140  003E30  6EC1               	movwf	4033,c	;volatile
   141                           
   142                           ;newmain.c: 149: TRISB=0B11000111;
   143  003E32  0EC7               	movlw	199
   144  003E34  6E93               	movwf	3987,c	;volatile
   145                           
   146                           ;newmain.c: 150: TRISD=0B00000000;
   147  003E36  0E00               	movlw	0
   148  003E38  6E95               	movwf	3989,c	;volatile
   149                           
   150                           ;newmain.c: 151: lcdreset();
   151  003E3A  ECEA  F01E         	call	_lcdreset	;wreg free
   152                           
   153                           ;newmain.c: 152: lcd_write_char(0,0,0x41);
   154  003E3E  0E00               	movlw	0
   155  003E40  6E05               	movwf	lcd_write_char@y,c
   156  003E42  0E41               	movlw	65
   157  003E44  6E06               	movwf	lcd_write_char@buf,c
   158  003E46  0E00               	movlw	0
   159  003E48  ECA7  F01E         	call	_lcd_write_char
   160                           
   161                           ;newmain.c: 153: lcd_write_char(1,0,0x42);
   162  003E4C  0E00               	movlw	0
   163  003E4E  6E05               	movwf	lcd_write_char@y,c
   164  003E50  0E42               	movlw	66
   165  003E52  6E06               	movwf	lcd_write_char@buf,c
   166  003E54  0E01               	movlw	1
   167  003E56  ECA7  F01E         	call	_lcd_write_char
   168                           
   169                           ;newmain.c: 154: lcd_write_char(2,0,0x43);
   170  003E5A  0E00               	movlw	0
   171  003E5C  6E05               	movwf	lcd_write_char@y,c
   172  003E5E  0E43               	movlw	67
   173  003E60  6E06               	movwf	lcd_write_char@buf,c
   174  003E62  0E02               	movlw	2
   175  003E64  ECA7  F01E         	call	_lcd_write_char
   176                           
   177                           ;newmain.c: 155: lcd_write_char(3,0,0x44);
   178  003E68  0E00               	movlw	0
   179  003E6A  6E05               	movwf	lcd_write_char@y,c
   180  003E6C  0E44               	movlw	68
   181  003E6E  6E06               	movwf	lcd_write_char@buf,c
   182  003E70  0E03               	movlw	3
   183  003E72  ECA7  F01E         	call	_lcd_write_char
   184                           
   185                           ;newmain.c: 156: lcd_write_char(4,0,0x45);
   186  003E76  0E00               	movlw	0
   187  003E78  6E05               	movwf	lcd_write_char@y,c
   188  003E7A  0E45               	movlw	69
   189  003E7C  6E06               	movwf	lcd_write_char@buf,c
   190  003E7E  0E04               	movlw	4
   191  003E80  ECA7  F01E         	call	_lcd_write_char
   192                           
   193                           ;newmain.c: 157: lcd_write_char(5,0,0x46);
   194  003E84  0E00               	movlw	0
   195  003E86  6E05               	movwf	lcd_write_char@y,c
   196  003E88  0E46               	movlw	70
   197  003E8A  6E06               	movwf	lcd_write_char@buf,c
   198  003E8C  0E05               	movlw	5
   199  003E8E  ECA7  F01E         	call	_lcd_write_char
   200                           
   201                           ;newmain.c: 158: lcd_write_char(6,0,0x47);
   202  003E92  0E00               	movlw	0
   203  003E94  6E05               	movwf	lcd_write_char@y,c
   204  003E96  0E47               	movlw	71
   205  003E98  6E06               	movwf	lcd_write_char@buf,c
   206  003E9A  0E06               	movlw	6
   207  003E9C  ECA7  F01E         	call	_lcd_write_char
   208                           
   209                           ;newmain.c: 159: lcd_write_char(7,0,0x48);
   210  003EA0  0E00               	movlw	0
   211  003EA2  6E05               	movwf	lcd_write_char@y,c
   212  003EA4  0E48               	movlw	72
   213  003EA6  6E06               	movwf	lcd_write_char@buf,c
   214  003EA8  0E07               	movlw	7
   215  003EAA  ECA7  F01E         	call	_lcd_write_char
   216                           
   217                           ;newmain.c: 160: lcd_write_char(8,0,0x49);
   218  003EAE  0E00               	movlw	0
   219  003EB0  6E05               	movwf	lcd_write_char@y,c
   220  003EB2  0E49               	movlw	73
   221  003EB4  6E06               	movwf	lcd_write_char@buf,c
   222  003EB6  0E08               	movlw	8
   223  003EB8  ECA7  F01E         	call	_lcd_write_char
   224                           
   225                           ;newmain.c: 161: lcd_write_char(9,0,0x4A);
   226  003EBC  0E00               	movlw	0
   227  003EBE  6E05               	movwf	lcd_write_char@y,c
   228  003EC0  0E4A               	movlw	74
   229  003EC2  6E06               	movwf	lcd_write_char@buf,c
   230  003EC4  0E09               	movlw	9
   231  003EC6  ECA7  F01E         	call	_lcd_write_char
   232                           
   233                           ;newmain.c: 162: lcd_write_char(10,0,0x4B);
   234  003ECA  0E00               	movlw	0
   235  003ECC  6E05               	movwf	lcd_write_char@y,c
   236  003ECE  0E4B               	movlw	75
   237  003ED0  6E06               	movwf	lcd_write_char@buf,c
   238  003ED2  0E0A               	movlw	10
   239  003ED4  ECA7  F01E         	call	_lcd_write_char
   240                           
   241                           ;newmain.c: 163: lcd_write_char(11,0,0x4C);
   242  003ED8  0E00               	movlw	0
   243  003EDA  6E05               	movwf	lcd_write_char@y,c
   244  003EDC  0E4C               	movlw	76
   245  003EDE  6E06               	movwf	lcd_write_char@buf,c
   246  003EE0  0E0B               	movlw	11
   247  003EE2  ECA7  F01E         	call	_lcd_write_char
   248                           
   249                           ;newmain.c: 164: lcd_write_char(12,0,0x4D);
   250  003EE6  0E00               	movlw	0
   251  003EE8  6E05               	movwf	lcd_write_char@y,c
   252  003EEA  0E4D               	movlw	77
   253  003EEC  6E06               	movwf	lcd_write_char@buf,c
   254  003EEE  0E0C               	movlw	12
   255  003EF0  ECA7  F01E         	call	_lcd_write_char
   256                           
   257                           ;newmain.c: 165: lcd_write_char(13,0,0x4E);
   258  003EF4  0E00               	movlw	0
   259  003EF6  6E05               	movwf	lcd_write_char@y,c
   260  003EF8  0E4E               	movlw	78
   261  003EFA  6E06               	movwf	lcd_write_char@buf,c
   262  003EFC  0E0D               	movlw	13
   263  003EFE  ECA7  F01E         	call	_lcd_write_char
   264                           
   265                           ;newmain.c: 166: lcd_write_char(14,0,0x4F);
   266  003F02  0E00               	movlw	0
   267  003F04  6E05               	movwf	lcd_write_char@y,c
   268  003F06  0E4F               	movlw	79
   269  003F08  6E06               	movwf	lcd_write_char@buf,c
   270  003F0A  0E0E               	movlw	14
   271  003F0C  ECA7  F01E         	call	_lcd_write_char
   272                           
   273                           ;newmain.c: 167: lcd_write_char(15,0,0x50);
   274  003F10  0E00               	movlw	0
   275  003F12  6E05               	movwf	lcd_write_char@y,c
   276  003F14  0E50               	movlw	80
   277  003F16  6E06               	movwf	lcd_write_char@buf,c
   278  003F18  0E0F               	movlw	15
   279  003F1A  ECA7  F01E         	call	_lcd_write_char
   280                           
   281                           ;newmain.c: 169: lcd_write_char(0,1,0x61);
   282  003F1E  0E01               	movlw	1
   283  003F20  6E05               	movwf	lcd_write_char@y,c
   284  003F22  0E61               	movlw	97
   285  003F24  6E06               	movwf	lcd_write_char@buf,c
   286  003F26  0E00               	movlw	0
   287  003F28  ECA7  F01E         	call	_lcd_write_char
   288                           
   289                           ;newmain.c: 170: lcd_write_char(1,1,0x62);
   290  003F2C  0E01               	movlw	1
   291  003F2E  6E05               	movwf	lcd_write_char@y,c
   292  003F30  0E62               	movlw	98
   293  003F32  6E06               	movwf	lcd_write_char@buf,c
   294  003F34  0E01               	movlw	1
   295  003F36  ECA7  F01E         	call	_lcd_write_char
   296                           
   297                           ;newmain.c: 171: lcd_write_char(2,1,0x63);
   298  003F3A  0E01               	movlw	1
   299  003F3C  6E05               	movwf	lcd_write_char@y,c
   300  003F3E  0E63               	movlw	99
   301  003F40  6E06               	movwf	lcd_write_char@buf,c
   302  003F42  0E02               	movlw	2
   303  003F44  ECA7  F01E         	call	_lcd_write_char
   304                           
   305                           ;newmain.c: 172: lcd_write_char(3,1,0x64);
   306  003F48  0E01               	movlw	1
   307  003F4A  6E05               	movwf	lcd_write_char@y,c
   308  003F4C  0E64               	movlw	100
   309  003F4E  6E06               	movwf	lcd_write_char@buf,c
   310  003F50  0E03               	movlw	3
   311  003F52  ECA7  F01E         	call	_lcd_write_char
   312                           
   313                           ;newmain.c: 173: lcd_write_char(4,1,0x65);
   314  003F56  0E01               	movlw	1
   315  003F58  6E05               	movwf	lcd_write_char@y,c
   316  003F5A  0E65               	movlw	101
   317  003F5C  6E06               	movwf	lcd_write_char@buf,c
   318  003F5E  0E04               	movlw	4
   319  003F60  ECA7  F01E         	call	_lcd_write_char
   320                           
   321                           ;newmain.c: 174: lcd_write_char(5,1,0x66);
   322  003F64  0E01               	movlw	1
   323  003F66  6E05               	movwf	lcd_write_char@y,c
   324  003F68  0E66               	movlw	102
   325  003F6A  6E06               	movwf	lcd_write_char@buf,c
   326  003F6C  0E05               	movlw	5
   327  003F6E  ECA7  F01E         	call	_lcd_write_char
   328                           
   329                           ;newmain.c: 175: lcd_write_char(6,1,0x67);
   330  003F72  0E01               	movlw	1
   331  003F74  6E05               	movwf	lcd_write_char@y,c
   332  003F76  0E67               	movlw	103
   333  003F78  6E06               	movwf	lcd_write_char@buf,c
   334  003F7A  0E06               	movlw	6
   335  003F7C  ECA7  F01E         	call	_lcd_write_char
   336                           
   337                           ;newmain.c: 176: lcd_write_char(7,1,0x68);
   338  003F80  0E01               	movlw	1
   339  003F82  6E05               	movwf	lcd_write_char@y,c
   340  003F84  0E68               	movlw	104
   341  003F86  6E06               	movwf	lcd_write_char@buf,c
   342  003F88  0E07               	movlw	7
   343  003F8A  ECA7  F01E         	call	_lcd_write_char
   344                           
   345                           ;newmain.c: 177: lcd_write_char(8,1,0x69);
   346  003F8E  0E01               	movlw	1
   347  003F90  6E05               	movwf	lcd_write_char@y,c
   348  003F92  0E69               	movlw	105
   349  003F94  6E06               	movwf	lcd_write_char@buf,c
   350  003F96  0E08               	movlw	8
   351  003F98  ECA7  F01E         	call	_lcd_write_char
   352                           
   353                           ;newmain.c: 178: lcd_write_char(9,1,0x6A);
   354  003F9C  0E01               	movlw	1
   355  003F9E  6E05               	movwf	lcd_write_char@y,c
   356  003FA0  0E6A               	movlw	106
   357  003FA2  6E06               	movwf	lcd_write_char@buf,c
   358  003FA4  0E09               	movlw	9
   359  003FA6  ECA7  F01E         	call	_lcd_write_char
   360                           
   361                           ;newmain.c: 179: lcd_write_char(10,1,0x6B);
   362  003FAA  0E01               	movlw	1
   363  003FAC  6E05               	movwf	lcd_write_char@y,c
   364  003FAE  0E6B               	movlw	107
   365  003FB0  6E06               	movwf	lcd_write_char@buf,c
   366  003FB2  0E0A               	movlw	10
   367  003FB4  ECA7  F01E         	call	_lcd_write_char
   368                           
   369                           ;newmain.c: 180: lcd_write_char(11,1,0x6C);
   370  003FB8  0E01               	movlw	1
   371  003FBA  6E05               	movwf	lcd_write_char@y,c
   372  003FBC  0E6C               	movlw	108
   373  003FBE  6E06               	movwf	lcd_write_char@buf,c
   374  003FC0  0E0B               	movlw	11
   375  003FC2  ECA7  F01E         	call	_lcd_write_char
   376                           
   377                           ;newmain.c: 181: lcd_write_char(12,1,0x6D);
   378  003FC6  0E01               	movlw	1
   379  003FC8  6E05               	movwf	lcd_write_char@y,c
   380  003FCA  0E6D               	movlw	109
   381  003FCC  6E06               	movwf	lcd_write_char@buf,c
   382  003FCE  0E0C               	movlw	12
   383  003FD0  ECA7  F01E         	call	_lcd_write_char
   384                           
   385                           ;newmain.c: 182: lcd_write_char(13,1,0x6E);
   386  003FD4  0E01               	movlw	1
   387  003FD6  6E05               	movwf	lcd_write_char@y,c
   388  003FD8  0E6E               	movlw	110
   389  003FDA  6E06               	movwf	lcd_write_char@buf,c
   390  003FDC  0E0D               	movlw	13
   391  003FDE  ECA7  F01E         	call	_lcd_write_char
   392                           
   393                           ;newmain.c: 183: lcd_write_char(14,1,0x6F);
   394  003FE2  0E01               	movlw	1
   395  003FE4  6E05               	movwf	lcd_write_char@y,c
   396  003FE6  0E6F               	movlw	111
   397  003FE8  6E06               	movwf	lcd_write_char@buf,c
   398  003FEA  0E0E               	movlw	14
   399  003FEC  ECA7  F01E         	call	_lcd_write_char
   400                           
   401                           ;newmain.c: 184: lcd_write_char(15,1,0x70);
   402  003FF0  0E01               	movlw	1
   403  003FF2  6E05               	movwf	lcd_write_char@y,c
   404  003FF4  0E70               	movlw	112
   405  003FF6  6E06               	movwf	lcd_write_char@buf,c
   406  003FF8  0E0F               	movlw	15
   407  003FFA  ECA7  F01E         	call	_lcd_write_char
   408  003FFE  D7FF               	goto	l58
   409  004000                     __end_of_main:
   410                           	opt stack 0
   411                           
   412 ;; *************** function _lcdreset *****************
   413 ;; Defined at:
   414 ;;		line 111 in file "newmain.c"
   415 ;; Parameters:    Size  Location     Type
   416 ;;		None
   417 ;; Auto vars:     Size  Location     Type
   418 ;;		None
   419 ;; Return value:  Size  Location     Type
   420 ;;		None               void
   421 ;; Registers used:
   422 ;;		wreg, status,2, status,0, cstack
   423 ;; Tracked objects:
   424 ;;		On entry : 0/0
   425 ;;		On exit  : 0/0
   426 ;;		Unchanged: 0/0
   427 ;; Data sizes:     COMRAM   BANK0   BANK1   BANK4
   428 ;;      Params:         0       0       0       0
   429 ;;      Locals:         0       0       0       0
   430 ;;      Temps:          0       0       0       0
   431 ;;      Totals:         0       0       0       0
   432 ;;Total ram usage:        0 bytes
   433 ;; Hardware stack levels used:    1
   434 ;; Hardware stack levels required when called:    2
   435 ;; This function calls:
   436 ;;		_delay
   437 ;;		_lcd_write_com
   438 ;;		_lcd_write_com_busy
   439 ;; This function is called by:
   440 ;;		_main
   441 ;; This function uses a non-reentrant model
   442 ;;
   443                           
   444                           	psect	text1
   445  003DD4                     __ptext1:
   446                           	opt stack 0
   447  003DD4                     _lcdreset:
   448                           	opt stack 28
   449                           
   450                           ;newmain.c: 113: delay(150);
   451                           
   452                           ;incstack = 0
   453  003DD4  0E00               	movlw	0
   454  003DD6  6E02               	movwf	delay@t+1,c
   455  003DD8  0E96               	movlw	150
   456  003DDA  6E01               	movwf	delay@t,c
   457  003DDC  ECCF  F01E         	call	_delay	;wreg free
   458                           
   459                           ;newmain.c: 114: lcd_write_com(0x38);
   460  003DE0  0E38               	movlw	56
   461  003DE2  EC9E  F01E         	call	_lcd_write_com
   462                           
   463                           ;newmain.c: 115: delay(50);
   464  003DE6  0E00               	movlw	0
   465  003DE8  6E02               	movwf	delay@t+1,c
   466  003DEA  0E32               	movlw	50
   467  003DEC  6E01               	movwf	delay@t,c
   468  003DEE  ECCF  F01E         	call	_delay	;wreg free
   469                           
   470                           ;newmain.c: 116: lcd_write_com(0x38);
   471  003DF2  0E38               	movlw	56
   472  003DF4  EC9E  F01E         	call	_lcd_write_com
   473                           
   474                           ;newmain.c: 117: delay(50);
   475  003DF8  0E00               	movlw	0
   476  003DFA  6E02               	movwf	delay@t+1,c
   477  003DFC  0E32               	movlw	50
   478  003DFE  6E01               	movwf	delay@t,c
   479  003E00  ECCF  F01E         	call	_delay	;wreg free
   480                           
   481                           ;newmain.c: 118: lcd_write_com(0x38);
   482  003E04  0E38               	movlw	56
   483  003E06  EC9E  F01E         	call	_lcd_write_com
   484                           
   485                           ;newmain.c: 119: lcd_write_com_busy(0x38);
   486  003E0A  0E38               	movlw	56
   487  003E0C  EC8E  F01E         	call	_lcd_write_com_busy
   488                           
   489                           ;newmain.c: 120: lcd_write_com_busy(0x08);
   490  003E10  0E08               	movlw	8
   491  003E12  EC8E  F01E         	call	_lcd_write_com_busy
   492                           
   493                           ;newmain.c: 121: lcd_write_com_busy(0x01);
   494  003E16  0E01               	movlw	1
   495  003E18  EC8E  F01E         	call	_lcd_write_com_busy
   496                           
   497                           ;newmain.c: 122: lcd_write_com_busy(0x06);
   498  003E1C  0E06               	movlw	6
   499  003E1E  EC8E  F01E         	call	_lcd_write_com_busy
   500                           
   501                           ;newmain.c: 123: lcd_write_com_busy(0x0c);
   502  003E22  0E0C               	movlw	12
   503  003E24  EC8E  F01E         	call	_lcd_write_com_busy
   504  003E28  0012               	return		;funcret
   505  003E2A                     __end_of_lcdreset:
   506                           	opt stack 0
   507                           
   508 ;; *************** function _delay *****************
   509 ;; Defined at:
   510 ;;		line 17 in file "newmain.c"
   511 ;; Parameters:    Size  Location     Type
   512 ;;  t               2    0[COMRAM] unsigned int 
   513 ;; Auto vars:     Size  Location     Type
   514 ;;  j               2    4[COMRAM] unsigned int 
   515 ;;  i               2    2[COMRAM] unsigned int 
   516 ;; Return value:  Size  Location     Type
   517 ;;		None               void
   518 ;; Registers used:
   519 ;;		wreg, status,2, status,0
   520 ;; Tracked objects:
   521 ;;		On entry : 0/0
   522 ;;		On exit  : 0/0
   523 ;;		Unchanged: 0/0
   524 ;; Data sizes:     COMRAM   BANK0   BANK1   BANK4
   525 ;;      Params:         2       0       0       0
   526 ;;      Locals:         4       0       0       0
   527 ;;      Temps:          0       0       0       0
   528 ;;      Totals:         6       0       0       0
   529 ;;Total ram usage:        6 bytes
   530 ;; Hardware stack levels used:    1
   531 ;; This function calls:
   532 ;;		Nothing
   533 ;; This function is called by:
   534 ;;		_lcdreset
   535 ;; This function uses a non-reentrant model
   536 ;;
   537                           
   538                           	psect	text2
   539  003D9E                     __ptext2:
   540                           	opt stack 0
   541  003D9E                     _delay:
   542                           	opt stack 29
   543                           
   544                           ;newmain.c: 19: unsigned int i,j;
   545                           ;newmain.c: 20: for(i=0;i<t;i++)
   546                           
   547                           ;incstack = 0
   548  003D9E  0E00               	movlw	0
   549  003DA0  6E04               	movwf	delay@i+1,c
   550  003DA2  0E00               	movlw	0
   551  003DA4  6E03               	movwf	delay@i,c
   552  003DA6  D00F               	goto	l814
   553  003DA8                     l802:
   554                           
   555                           ;newmain.c: 21: {
   556                           ;newmain.c: 22: for(j=0;j<10;j++);
   557  003DA8  0E00               	movlw	0
   558  003DAA  6E06               	movwf	delay@j+1,c
   559  003DAC  0E00               	movlw	0
   560  003DAE  6E05               	movwf	delay@j,c
   561  003DB0                     l804:
   562  003DB0  5006               	movf	delay@j+1,w,c
   563  003DB2  E107               	bnz	l812
   564  003DB4  0E0A               	movlw	10
   565  003DB6  5C05               	subwf	delay@j,w,c
   566  003DB8  B0D8               	btfsc	status,0,c
   567  003DBA  D003               	goto	l812
   568  003DBC  4A05               	infsnz	delay@j,f,c
   569  003DBE  2A06               	incf	delay@j+1,f,c
   570  003DC0  D7F7               	goto	l804
   571  003DC2                     l812:
   572  003DC2  4A03               	infsnz	delay@i,f,c
   573  003DC4  2A04               	incf	delay@i+1,f,c
   574  003DC6                     l814:
   575  003DC6  5001               	movf	delay@t,w,c
   576  003DC8  5C03               	subwf	delay@i,w,c
   577  003DCA  5002               	movf	delay@t+1,w,c
   578  003DCC  5804               	subwfb	delay@i+1,w,c
   579  003DCE  B0D8               	btfsc	status,0,c
   580  003DD0  0012               	return	
   581  003DD2  D7EA               	goto	l802
   582  003DD4                     __end_of_delay:
   583                           	opt stack 0
   584                           status	equ	0xFD8
   585                           
   586 ;; *************** function _lcd_write_char *****************
   587 ;; Defined at:
   588 ;;		line 132 in file "newmain.c"
   589 ;; Parameters:    Size  Location     Type
   590 ;;  x               1    wreg     unsigned char 
   591 ;;  y               1    4[COMRAM] unsigned char 
   592 ;;  buf             1    5[COMRAM] unsigned char 
   593 ;; Auto vars:     Size  Location     Type
   594 ;;  x               1    6[COMRAM] unsigned char 
   595 ;; Return value:  Size  Location     Type
   596 ;;		None               void
   597 ;; Registers used:
   598 ;;		wreg, status,2, status,0, cstack
   599 ;; Tracked objects:
   600 ;;		On entry : 0/0
   601 ;;		On exit  : 0/0
   602 ;;		Unchanged: 0/0
   603 ;; Data sizes:     COMRAM   BANK0   BANK1   BANK4
   604 ;;      Params:         2       0       0       0
   605 ;;      Locals:         1       0       0       0
   606 ;;      Temps:          0       0       0       0
   607 ;;      Totals:         3       0       0       0
   608 ;;Total ram usage:        3 bytes
   609 ;; Hardware stack levels used:    1
   610 ;; Hardware stack levels required when called:    3
   611 ;; This function calls:
   612 ;;		_lcd_write_address
   613 ;;		_lcd_write_data
   614 ;; This function is called by:
   615 ;;		_main
   616 ;; This function uses a non-reentrant model
   617 ;;
   618                           
   619                           	psect	text3
   620  003D4E                     __ptext3:
   621                           	opt stack 0
   622  003D4E                     _lcd_write_char:
   623                           	opt stack 27
   624                           
   625                           ;incstack = 0
   626                           ;lcd_write_char@x stored from wreg
   627  003D4E  6E07               	movwf	lcd_write_char@x,c
   628                           
   629                           ;newmain.c: 134: lcd_write_address(x,y);
   630  003D50  C005  F003         	movff	lcd_write_char@y,lcd_write_address@y
   631  003D54  5007               	movf	lcd_write_char@x,w,c
   632  003D56  ECBC  F01E         	call	_lcd_write_address
   633                           
   634                           ;newmain.c: 135: lcd_write_data(buf);
   635  003D5A  5006               	movf	lcd_write_char@buf,w,c
   636  003D5C  ECB1  F01E         	call	_lcd_write_data
   637  003D60  0012               	return		;funcret
   638  003D62                     __end_of_lcd_write_char:
   639                           	opt stack 0
   640                           status	equ	0xFD8
   641                           
   642 ;; *************** function _lcd_write_data *****************
   643 ;; Defined at:
   644 ;;		line 78 in file "newmain.c"
   645 ;; Parameters:    Size  Location     Type
   646 ;;  databuf         1    wreg     unsigned char 
   647 ;; Auto vars:     Size  Location     Type
   648 ;;  databuf         1    0[COMRAM] unsigned char 
   649 ;; Return value:  Size  Location     Type
   650 ;;		None               void
   651 ;; Registers used:
   652 ;;		wreg, cstack
   653 ;; Tracked objects:
   654 ;;		On entry : 0/0
   655 ;;		On exit  : 0/0
   656 ;;		Unchanged: 0/0
   657 ;; Data sizes:     COMRAM   BANK0   BANK1   BANK4
   658 ;;      Params:         0       0       0       0
   659 ;;      Locals:         1       0       0       0
   660 ;;      Temps:          0       0       0       0
   661 ;;      Totals:         1       0       0       0
   662 ;;Total ram usage:        1 bytes
   663 ;; Hardware stack levels used:    1
   664 ;; Hardware stack levels required when called:    1
   665 ;; This function calls:
   666 ;;		_lcd_wait_busy
   667 ;; This function is called by:
   668 ;;		_lcd_write_char
   669 ;; This function uses a non-reentrant model
   670 ;;
   671                           
   672                           	psect	text4
   673  003D62                     __ptext4:
   674                           	opt stack 0
   675  003D62                     _lcd_write_data:
   676                           	opt stack 28
   677                           
   678                           ;incstack = 0
   679                           ;lcd_write_data@databuf stored from wreg
   680  003D62  6E01               	movwf	lcd_write_data@databuf,c
   681                           
   682                           ;newmain.c: 80: lcd_wait_busy();
   683  003D64  EC95  F01E         	call	_lcd_wait_busy	;wreg free
   684                           
   685                           ;newmain.c: 81: RB5=1;
   686  003D68  8A81               	bsf	3969,5,c	;volatile
   687                           
   688                           ;newmain.c: 82: RB4=0;
   689  003D6A  9881               	bcf	3969,4,c	;volatile
   690                           
   691                           ;newmain.c: 83: PORTD=databuf;
   692  003D6C  C001  FF83         	movff	lcd_write_data@databuf,3971	;volatile
   693                           
   694                           ;newmain.c: 84: RB3=1;
   695  003D70  8681               	bsf	3969,3,c	;volatile
   696  003D72  F000               	nop		;# 
   697                           
   698                           ;newmain.c: 86: RB3=0;
   699  003D74  9681               	bcf	3969,3,c	;volatile
   700  003D76  0012               	return		;funcret
   701  003D78                     __end_of_lcd_write_data:
   702                           	opt stack 0
   703                           status	equ	0xFD8
   704                           
   705 ;; *************** function _lcd_write_address *****************
   706 ;; Defined at:
   707 ;;		line 95 in file "newmain.c"
   708 ;; Parameters:    Size  Location     Type
   709 ;;  x               1    wreg     unsigned char 
   710 ;;  y               1    2[COMRAM] unsigned char 
   711 ;; Auto vars:     Size  Location     Type
   712 ;;  x               1    3[COMRAM] unsigned char 
   713 ;; Return value:  Size  Location     Type
   714 ;;		None               void
   715 ;; Registers used:
   716 ;;		wreg, status,2, status,0, cstack
   717 ;; Tracked objects:
   718 ;;		On entry : 0/0
   719 ;;		On exit  : 0/0
   720 ;;		Unchanged: 0/0
   721 ;; Data sizes:     COMRAM   BANK0   BANK1   BANK4
   722 ;;      Params:         1       0       0       0
   723 ;;      Locals:         1       0       0       0
   724 ;;      Temps:          0       0       0       0
   725 ;;      Totals:         2       0       0       0
   726 ;;Total ram usage:        2 bytes
   727 ;; Hardware stack levels used:    1
   728 ;; Hardware stack levels required when called:    2
   729 ;; This function calls:
   730 ;;		_lcd_write_com_busy
   731 ;; This function is called by:
   732 ;;		_lcd_write_char
   733 ;; This function uses a non-reentrant model
   734 ;;
   735                           
   736                           	psect	text5
   737  003D78                     __ptext5:
   738                           	opt stack 0
   739  003D78                     _lcd_write_address:
   740                           	opt stack 27
   741                           
   742                           ;incstack = 0
   743                           ;lcd_write_address@x stored from wreg
   744  003D78  6E04               	movwf	lcd_write_address@x,c
   745                           
   746                           ;newmain.c: 97: x&=0x0f;
   747  003D7A  0E0F               	movlw	15
   748  003D7C  1604               	andwf	lcd_write_address@x,f,c
   749                           
   750                           ;newmain.c: 98: y&=0x01;
   751  003D7E  0E01               	movlw	1
   752  003D80  1603               	andwf	lcd_write_address@y,f,c
   753                           
   754                           ;newmain.c: 99: if(y==0x00)
   755  003D82  5003               	movf	lcd_write_address@y,w,c
   756  003D84  A4D8               	btfss	status,2,c
   757  003D86  D005               	goto	l822
   758                           
   759                           ;newmain.c: 100: lcd_write_com_busy(x|0x80);
   760  003D88  5004               	movf	lcd_write_address@x,w,c
   761  003D8A  0980               	iorlw	128
   762  003D8C  EC8E  F01E         	call	_lcd_write_com_busy
   763  003D90  0012               	return	
   764  003D92                     l822:
   765                           
   766                           ;newmain.c: 101: else
   767                           ;newmain.c: 102: lcd_write_com_busy((x+0x40)|0x80);
   768  003D92  5004               	movf	lcd_write_address@x,w,c
   769  003D94  0F40               	addlw	64
   770  003D96  0980               	iorlw	128
   771  003D98  EC8E  F01E         	call	_lcd_write_com_busy
   772  003D9C  0012               	return	
   773  003D9E                     __end_of_lcd_write_address:
   774                           	opt stack 0
   775                           status	equ	0xFD8
   776                           
   777 ;; *************** function _lcd_write_com_busy *****************
   778 ;; Defined at:
   779 ;;		line 66 in file "newmain.c"
   780 ;; Parameters:    Size  Location     Type
   781 ;;  combuf          1    wreg     unsigned char 
   782 ;; Auto vars:     Size  Location     Type
   783 ;;  combuf          1    1[COMRAM] unsigned char 
   784 ;; Return value:  Size  Location     Type
   785 ;;		None               void
   786 ;; Registers used:
   787 ;;		wreg, status,2, cstack
   788 ;; Tracked objects:
   789 ;;		On entry : 0/0
   790 ;;		On exit  : 0/0
   791 ;;		Unchanged: 0/0
   792 ;; Data sizes:     COMRAM   BANK0   BANK1   BANK4
   793 ;;      Params:         0       0       0       0
   794 ;;      Locals:         1       0       0       0
   795 ;;      Temps:          0       0       0       0
   796 ;;      Totals:         1       0       0       0
   797 ;;Total ram usage:        1 bytes
   798 ;; Hardware stack levels used:    1
   799 ;; Hardware stack levels required when called:    1
   800 ;; This function calls:
   801 ;;		_lcd_wait_busy
   802 ;;		_lcd_write_com
   803 ;; This function is called by:
   804 ;;		_lcd_write_address
   805 ;;		_lcdreset
   806 ;; This function uses a non-reentrant model
   807 ;;
   808                           
   809                           	psect	text6
   810  003D1C                     __ptext6:
   811                           	opt stack 0
   812  003D1C                     _lcd_write_com_busy:
   813                           	opt stack 28
   814                           
   815                           ;incstack = 0
   816                           ;lcd_write_com_busy@combuf stored from wreg
   817  003D1C  6E02               	movwf	lcd_write_com_busy@combuf,c
   818                           
   819                           ;newmain.c: 68: lcd_wait_busy();
   820  003D1E  EC95  F01E         	call	_lcd_wait_busy	;wreg free
   821                           
   822                           ;newmain.c: 69: lcd_write_com(combuf);
   823  003D22  5002               	movf	lcd_write_com_busy@combuf,w,c
   824  003D24  EC9E  F01E         	call	_lcd_write_com
   825  003D28  0012               	return		;funcret
   826  003D2A                     __end_of_lcd_write_com_busy:
   827                           	opt stack 0
   828                           status	equ	0xFD8
   829                           
   830 ;; *************** function _lcd_write_com *****************
   831 ;; Defined at:
   832 ;;		line 50 in file "newmain.c"
   833 ;; Parameters:    Size  Location     Type
   834 ;;  combuf          1    wreg     unsigned char 
   835 ;; Auto vars:     Size  Location     Type
   836 ;;  combuf          1    0[COMRAM] unsigned char 
   837 ;; Return value:  Size  Location     Type
   838 ;;		None               void
   839 ;; Registers used:
   840 ;;		wreg
   841 ;; Tracked objects:
   842 ;;		On entry : 0/0
   843 ;;		On exit  : 0/0
   844 ;;		Unchanged: 0/0
   845 ;; Data sizes:     COMRAM   BANK0   BANK1   BANK4
   846 ;;      Params:         0       0       0       0
   847 ;;      Locals:         1       0       0       0
   848 ;;      Temps:          0       0       0       0
   849 ;;      Totals:         1       0       0       0
   850 ;;Total ram usage:        1 bytes
   851 ;; Hardware stack levels used:    1
   852 ;; This function calls:
   853 ;;		Nothing
   854 ;; This function is called by:
   855 ;;		_lcd_write_com_busy
   856 ;;		_lcdreset
   857 ;; This function uses a non-reentrant model
   858 ;;
   859                           
   860                           	psect	text7
   861  003D3C                     __ptext7:
   862                           	opt stack 0
   863  003D3C                     _lcd_write_com:
   864                           	opt stack 28
   865                           
   866                           ;incstack = 0
   867                           ;lcd_write_com@combuf stored from wreg
   868  003D3C  6E01               	movwf	lcd_write_com@combuf,c
   869                           
   870                           ;newmain.c: 52: RB5=0;
   871  003D3E  9A81               	bcf	3969,5,c	;volatile
   872                           
   873                           ;newmain.c: 53: RB4=0;
   874  003D40  9881               	bcf	3969,4,c	;volatile
   875                           
   876                           ;newmain.c: 54: PORTD=combuf;
   877  003D42  C001  FF83         	movff	lcd_write_com@combuf,3971	;volatile
   878                           
   879                           ;newmain.c: 55: RB3=1;
   880  003D46  8681               	bsf	3969,3,c	;volatile
   881  003D48  F000               	nop		;# 
   882                           
   883                           ;newmain.c: 57: RB3=0;
   884  003D4A  9681               	bcf	3969,3,c	;volatile
   885  003D4C  0012               	return		;funcret
   886  003D4E                     __end_of_lcd_write_com:
   887                           	opt stack 0
   888                           status	equ	0xFD8
   889                           
   890 ;; *************** function _lcd_wait_busy *****************
   891 ;; Defined at:
   892 ;;		line 33 in file "newmain.c"
   893 ;; Parameters:    Size  Location     Type
   894 ;;		None
   895 ;; Auto vars:     Size  Location     Type
   896 ;;		None
   897 ;; Return value:  Size  Location     Type
   898 ;;		None               void
   899 ;; Registers used:
   900 ;;		None
   901 ;; Tracked objects:
   902 ;;		On entry : 0/0
   903 ;;		On exit  : 0/0
   904 ;;		Unchanged: 0/0
   905 ;; Data sizes:     COMRAM   BANK0   BANK1   BANK4
   906 ;;      Params:         0       0       0       0
   907 ;;      Locals:         0       0       0       0
   908 ;;      Temps:          0       0       0       0
   909 ;;      Totals:         0       0       0       0
   910 ;;Total ram usage:        0 bytes
   911 ;; Hardware stack levels used:    1
   912 ;; This function calls:
   913 ;;		Nothing
   914 ;; This function is called by:
   915 ;;		_lcd_write_com_busy
   916 ;;		_lcd_write_data
   917 ;; This function uses a non-reentrant model
   918 ;;
   919                           
   920                           	psect	text8
   921  003D2A                     __ptext8:
   922                           	opt stack 0
   923  003D2A                     _lcd_wait_busy:
   924                           	opt stack 28
   925                           
   926                           ;newmain.c: 35: TRISD7=1;
   927                           
   928                           ;incstack = 0
   929  003D2A  8E95               	bsf	3989,7,c	;volatile
   930                           
   931                           ;newmain.c: 36: RB5=0;
   932  003D2C  9A81               	bcf	3969,5,c	;volatile
   933                           
   934                           ;newmain.c: 37: RB4=1;
   935  003D2E  8881               	bsf	3969,4,c	;volatile
   936                           
   937                           ;newmain.c: 38: RB3=1;
   938  003D30  8681               	bsf	3969,3,c	;volatile
   939  003D32                     l31:
   940  003D32  BE83               	btfsc	3971,7,c	;volatile
   941  003D34  D7FE               	goto	l31
   942                           
   943                           ;newmain.c: 40: RB3=0;
   944  003D36  9681               	bcf	3969,3,c	;volatile
   945                           
   946                           ;newmain.c: 41: TRISD7=0;
   947  003D38  9E95               	bcf	3989,7,c	;volatile
   948  003D3A  0012               	return		;funcret
   949  003D3C                     __end_of_lcd_wait_busy:
   950                           	opt stack 0
   951  0000                     status	equ	0xFD8
   952                           status	equ	0xFD8
   953                           
   954                           	psect	rparam
   955  0000                     status	equ	0xFD8


Data Sizes:
    Strings     0
    Constant    0
    Data        0
    BSS         0
    Persistent  0
    Stack       0

Auto Spaces:
    Space          Size  Autos    Used
    COMRAM           95      7       7
    BANK0           160      0       0
    BANK1           256      0       0
    BANK4           256      0       0

Pointer List with Targets:

    None.

Critical Paths under _main in COMRAM

    _main->_lcd_write_char
    _lcdreset->_delay
    _lcd_write_char->_lcd_write_address
    _lcd_write_address->_lcd_write_com_busy
    _lcd_write_com_busy->_lcd_write_com

Critical Paths under _main in BANK0

    None.

Critical Paths under _main in BANK1

    None.

Critical Paths under _main in BANK4

    None.

Call Graph Tables:

 ---------------------------------------------------------------------------------
 (Depth) Function   	        Calls       Base Space   Used Autos Params    Refs
 ---------------------------------------------------------------------------------
 (0) _main                                                 0     0      0    3240
                     _lcd_write_char
                           _lcdreset
 ---------------------------------------------------------------------------------
 (1) _lcdreset                                             0     0      0     266
                              _delay
                      _lcd_write_com
                 _lcd_write_com_busy
 ---------------------------------------------------------------------------------
 (2) _delay                                                6     4      2     221
                                              0 COMRAM     6     4      2
 ---------------------------------------------------------------------------------
 (1) _lcd_write_char                                       3     1      2    2974
                                              4 COMRAM     3     1      2
                  _lcd_write_address
                     _lcd_write_data
 ---------------------------------------------------------------------------------
 (2) _lcd_write_data                                       1     1      0      15
                                              0 COMRAM     1     1      0
                      _lcd_wait_busy
 ---------------------------------------------------------------------------------
 (2) _lcd_write_address                                    2     1      1     141
                                              2 COMRAM     2     1      1
                 _lcd_write_com_busy
 ---------------------------------------------------------------------------------
 (2) _lcd_write_com_busy                                   1     1      0      30
                                              1 COMRAM     1     1      0
                      _lcd_wait_busy
                      _lcd_write_com
 ---------------------------------------------------------------------------------
 (3) _lcd_write_com                                        1     1      0      15
                                              0 COMRAM     1     1      0
 ---------------------------------------------------------------------------------
 (3) _lcd_wait_busy                                        0     0      0       0
 ---------------------------------------------------------------------------------
 Estimated maximum stack depth 3
 ---------------------------------------------------------------------------------

 Call Graph Graphs:

 _main (ROOT)
   _lcd_write_char
     _lcd_write_address
       _lcd_write_com_busy
         _lcd_wait_busy
         _lcd_write_com
     _lcd_write_data
       _lcd_wait_busy
   _lcdreset
     _delay
     _lcd_write_com
     _lcd_write_com_busy
       _lcd_wait_busy
       _lcd_write_com

 Address spaces:
Name               Size   Autos  Total    Cost      Usage
BITCOMRAM           5F      0       0       0        0.0%
NULL                 0      0       0       0        0.0%
CODE                 0      0       0       0        0.0%
COMRAM              5F      7       7       1        7.4%
STACK                0      0       0       2        0.0%
ABS                  0      0       0       3        0.0%
BITBANK0            A0      0       0       4        0.0%
BANK0               A0      0       0       5        0.0%
BITBANK1           100      0       0       6        0.0%
BANK1              100      0       0       7        0.0%
BITBANK4           100      0       0       8        0.0%
BANK4              100      0       0       9        0.0%
BIGRAM_1           100      0       0      10        0.0%
BIGRAM             1FF      0       0      11        0.0%
DATA                 0      0       0      12        0.0%
BITSFR               0      0       0      40        0.0%
SFR                  0      0       0      40        0.0%


Microchip Technology PIC18 Macro Assembler V1.35 build -356382666 
Symbol Table                                                                                   Tue Aug 25 14:23:20 2015

                         l31 3D32                           l58 3FFE                          l802 3DA8  
                        l812 3DC2                          l804 3DB0                          l822 3D92  
                        l814 3DC6                          _RB3 007C0B                          _RB4 007C0C  
                        _RB5 007C0D                          _RD7 007C1F               ?_lcd_wait_busy 0001  
               __CFG_BORV$43 000000                 __CFG_FOSC$HS 000000                 __CFG_LVP$OFF 000000  
               __CFG_WDT$OFF 000000              lcd_write_char@x 0007              lcd_write_char@y 0005  
      lcd_write_data@databuf 0001       __end_of_lcd_write_char 3D62       __end_of_lcd_write_data 3D78  
                       _main 3E2A               ?_lcd_write_com 0001                         start 0000  
              __CFG_MCLRE$ON 000000                 ___param_bank 000010                        ?_main 0001  
                      _PORTD 000F83                        _TRISB 000F93                        _TRISD 000F95  
                      _delay 3D9E              ?_lcd_write_char 0005              ?_lcd_write_data 0001  
                      status 000FD8   __size_of_lcd_write_address 0026              __initialization 3D16  
               __end_of_main 4000              ??_lcd_wait_busy 0001                       ??_main 0008  
              __activetblptr 000000                       ?_delay 0001                       _ADCON1 000FC1  
                     _OSCCON 000FD3              ??_lcd_write_com 0001                       _TRISD7 007CAF  
          lcd_write_char@buf 0006               __CFG_XINST$OFF 000000             __end_of_lcdreset 3E2A  
                     delay@i 0003                       delay@j 0005                       delay@t 0001  
   lcd_write_com_busy@combuf 0002                   __accesstop 0060      __end_of__initialization 3D16  
            __CFG_PBADEN$OFF 000000                ___rparam_used 000001  __size_of_lcd_write_com_busy 000E  
             __pcstackCOMRAM 0001                __end_of_delay 3DD4                      ??_delay 0003  
           ??_lcd_write_char 0007             ??_lcd_write_data 0001           lcd_write_address@x 0004  
         lcd_write_address@y 0003                    ?_lcdreset 0001                      __Hparam 0000  
                    __Lparam 0000                      __pcinit 3D16                      __ramtop 0500  
                    __ptext0 3E2A                      __ptext1 3DD4                      __ptext2 3D9E  
                    __ptext3 3D4E                      __ptext4 3D62                      __ptext5 3D78  
                    __ptext6 3D1C                      __ptext7 3D3C                      __ptext8 3D2A  
       end_of_initialization 3D16                   ??_lcdreset 0007        __end_of_lcd_wait_busy 3D3C  
      __end_of_lcd_write_com 3D4E          start_initialization 3D16   __end_of_lcd_write_com_busy 3D2A  
         __CFG_BOR$ON_ACTIVE 000000            __size_of_lcdreset 0056               __size_of_delay 0036  
        lcd_write_com@combuf 0001      __size_of_lcd_write_char 0014      __size_of_lcd_write_data 0016  
                   __Hrparam 0000                     __Lrparam 0000                     _lcdreset 3DD4  
              __size_of_main 01D6       __size_of_lcd_wait_busy 0012           _lcd_write_com_busy 3D1C  
     __size_of_lcd_write_com 0012          ?_lcd_write_com_busy 0001         ??_lcd_write_com_busy 0002  
          _lcd_write_address 3D78           ?_lcd_write_address 0003          ??_lcd_write_address 0004  
              _lcd_wait_busy 3D2A               _lcd_write_char 3D4E               _lcd_write_data 3D62  
  __end_of_lcd_write_address 3D9E                _lcd_write_com 3D3C  
