

Microchip Technology PIC18 LITE Macro Assembler V1.35 build -356382666 
                                                                                               Mon Aug 24 10:18:03 2015

Microchip Technology Omniscient Code Generator v1.35 (Free mode) build 201507080246
     1                           	processor	18F4550
     2                           	fnconf	rparam,??,?,0
     3                           	opt	pw 120
     4                           	opt	lm
     5                           	psect	smallconst,global,reloc=2,class=SMALLCONST,delta=1
     6                           	psect	cinit,global,reloc=2,class=CODE,delta=1
     7                           	psect	cstackCOMRAM,global,class=COMRAM,space=1,delta=1
     8                           	psect	text0,global,reloc=2,class=CODE,delta=1
     9                           	psect	text1,global,reloc=2,class=CODE,delta=1
    10                           	psect	intsave_regs,global,class=BIGRAM,space=1,delta=1
    11                           	psect	rparam,global,class=COMRAM,space=1,delta=1
    12  0000                     
    13                           	psect	smallconst
    14  000800                     __psmallconst:
    15                           	opt stack 0
    16  000800  00                 	db	0
    17  000801                     _liushui:
    18                           	opt stack 0
    19  000801  01                 	db	1
    20  000802  02                 	db	2
    21  000803  04                 	db	4
    22  000804  08                 	db	8
    23  000805  10                 	db	16
    24  000806  20                 	db	32
    25  000807  40                 	db	64
    26  000808  80                 	db	128
    27  000809  C0                 	db	192
    28  00080A  E0                 	db	224
    29  00080B  F0                 	db	240
    30  00080C  F8                 	db	248
    31  00080D  FC                 	db	252
    32  00080E  FE                 	db	254
    33  00080F  FF                 	db	255
    34  000810  FE                 	db	254
    35  000811  FC                 	db	252
    36  000812  F8                 	db	248
    37  000813  F0                 	db	240
    38  000814  E0                 	db	224
    39  000815  C0                 	db	192
    40  000816  80                 	db	128
    41  000817  80                 	db	128
    42  000818  40                 	db	64
    43  000819  20                 	db	32
    44  00081A  10                 	db	16
    45  00081B  08                 	db	8
    46  00081C  04                 	db	4
    47  00081D  02                 	db	2
    48  00081E  01                 	db	1
    49  00081F  02                 	db	2
    50  000820  04                 	db	4
    51  000821  08                 	db	8
    52  000822  10                 	db	16
    53  000823  20                 	db	32
    54  000824  40                 	db	64
    55  000825  80                 	db	128
    56  000826  40                 	db	64
    57  000827  20                 	db	32
    58  000828  10                 	db	16
    59  000829  08                 	db	8
    60  00082A  04                 	db	4
    61  00082B  02                 	db	2
    62  00082C  01                 	db	1
    63  00082D  03                 	db	3
    64  00082E  06                 	db	6
    65  00082F  0C                 	db	12
    66  000830  18                 	db	24
    67  000831  30                 	db	48
    68  000832  60                 	db	96
    69  000833  C0                 	db	192
    70  000834  00                 	db	0
    71  000835  01                 	db	1
    72  000836  05                 	db	5
    73  000837  15                 	db	21
    74  000838  55                 	db	85
    75  000839  57                 	db	87
    76  00083A  5F                 	db	95
    77  00083B  7F                 	db	127
    78  00083C  FF                 	db	255
    79  00083D  00                 	db	0
    80  00083E  AA                 	db	170
    81  00083F  55                 	db	85
    82  000840  00                 	db	0
    83  000841                     __end_of_liushui:
    84                           	opt stack 0
    85  0000                     _ADCON1	set	4033
    86  0000                     _OSCCON	set	4051
    87  0000                     _TRISA	set	3986
    88  0000                     _RA2	set	31746
    89  0000                     _RA3	set	31747
    90  0000                     _RA5	set	31749
    91                           
    92                           ; #config settings
    93  000841  00                 	db	0	; dummy byte at the end
    94  0000                     
    95                           	psect	cinit
    96  0008F2                     __pcinit:
    97                           	opt stack 0
    98  0008F2                     start_initialization:
    99                           	opt stack 0
   100  0008F2                     __initialization:
   101                           	opt stack 0
   102  0008F2                     end_of_initialization:
   103                           	opt stack 0
   104  0008F2                     __end_of__initialization:
   105                           	opt stack 0
   106  0008F2  0E00               	movlw	low (__Lsmallconst shr (0+16))
   107  0008F4  6EF8               	movwf	tblptru,c
   108  0008F6  0E08               	movlw	high __Lsmallconst
   109  0008F8  6EF7               	movwf	tblptrh,c
   110  0008FA  0100               	movlb	0
   111  0008FC  EF50  F004         	goto	_main	;jump to C main() function
   112                           tblptru	equ	0xFF8
   113                           tblptrh	equ	0xFF7
   114                           
   115                           	psect	cstackCOMRAM
   116  000001                     __pcstackCOMRAM:
   117                           	opt stack 0
   118  000001                     write595@U7buf:
   119                           	opt stack 0
   120                           
   121                           ; 1 bytes @ 0x0
   122  000001                     	ds	1
   123  000002                     write595@U6buf:
   124                           	opt stack 0
   125                           
   126                           ; 1 bytes @ 0x1
   127  000002                     	ds	1
   128  000003                     write595@i:
   129                           	opt stack 0
   130                           
   131                           ; 1 bytes @ 0x2
   132  000003                     	ds	1
   133  000004                     main@a:
   134                           	opt stack 0
   135                           
   136                           ; 2 bytes @ 0x3
   137  000004                     	ds	2
   138  000006                     main@b:
   139                           	opt stack 0
   140                           
   141                           ; 1 bytes @ 0x5
   142  000006                     	ds	1
   143                           tblptru	equ	0xFF8
   144                           tblptrh	equ	0xFF7
   145                           
   146 ;;
   147 ;;Main: autosize = 0, tempsize = 0, incstack = 0, save=0
   148 ;;
   149 ;; *************** function _main *****************
   150 ;; Defined at:
   151 ;;		line 124 in file "newmain.c"
   152 ;; Parameters:    Size  Location     Type
   153 ;;		None
   154 ;; Auto vars:     Size  Location     Type
   155 ;;  a               2    3[COMRAM] unsigned int 
   156 ;;  b               1    5[COMRAM] unsigned char 
   157 ;; Return value:  Size  Location     Type
   158 ;;		None               void
   159 ;; Registers used:
   160 ;;		wreg, status,2, status,0, tblptrl, tblptrh, tblptru, prodl, prodh, cstack
   161 ;; Tracked objects:
   162 ;;		On entry : 0/0
   163 ;;		On exit  : 0/0
   164 ;;		Unchanged: 0/0
   165 ;; Data sizes:     COMRAM   BANK0   BANK1   BANK2   BANK3   BANK4   BANK5   BANK6   BANK7
   166 ;;      Params:         0       0       0       0       0       0       0       0       0
   167 ;;      Locals:         3       0       0       0       0       0       0       0       0
   168 ;;      Temps:          0       0       0       0       0       0       0       0       0
   169 ;;      Totals:         3       0       0       0       0       0       0       0       0
   170 ;;Total ram usage:        3 bytes
   171 ;; Hardware stack levels required when called:    1
   172 ;; This function calls:
   173 ;;		_write595
   174 ;; This function is called by:
   175 ;;		Startup code after reset
   176 ;; This function uses a non-reentrant model
   177 ;;
   178                           
   179                           	psect	text0
   180  0008A0                     __ptext0:
   181                           	opt stack 0
   182  0008A0                     _main:
   183                           	opt stack 30
   184                           
   185                           ;newmain.c: 126: unsigned int a;
   186                           ;newmain.c: 127: unsigned char b;
   187                           ;newmain.c: 128: OSCCON=0X00;
   188                           
   189                           ;incstack = 0
   190  0008A0  0E00               	movlw	0
   191  0008A2  6ED3               	movwf	4051,c	;volatile
   192                           
   193                           ;newmain.c: 129: ADCON1=0X0f;
   194  0008A4  0E0F               	movlw	15
   195  0008A6  6EC1               	movwf	4033,c	;volatile
   196                           
   197                           ;newmain.c: 130: TRISA=0B00000000;
   198  0008A8  0E00               	movlw	0
   199  0008AA  6E92               	movwf	3986,c	;volatile
   200                           
   201                           ;newmain.c: 131: write595(0x00,0x00);
   202  0008AC  0E00               	movlw	0
   203  0008AE  6E01               	movwf	write595@U7buf,c
   204  0008B0  0E00               	movlw	0
   205  0008B2  EC21  F004         	call	_write595
   206  0008B6                     l724:
   207                           
   208                           ;newmain.c: 133: {
   209                           ;newmain.c: 134: if(++a>10000)
   210  0008B6  4A04               	infsnz	main@a,f,c
   211  0008B8  2A05               	incf	main@a+1,f,c
   212  0008BA  0E11               	movlw	17
   213  0008BC  5C04               	subwf	main@a,w,c
   214  0008BE  0E27               	movlw	39
   215  0008C0  5805               	subwfb	main@a+1,w,c
   216  0008C2  A0D8               	btfss	status,0,c
   217  0008C4  D7F8               	goto	l724
   218                           
   219                           ;newmain.c: 135: {
   220                           ;newmain.c: 136: a=0;
   221  0008C6  0E00               	movlw	0
   222  0008C8  6E05               	movwf	main@a+1,c
   223  0008CA  0E00               	movlw	0
   224  0008CC  6E04               	movwf	main@a,c
   225                           
   226                           ;newmain.c: 137: b++;
   227  0008CE  2A06               	incf	main@b,f,c
   228                           
   229                           ;newmain.c: 138: b&=0x3f;
   230  0008D0  0E3F               	movlw	63
   231  0008D2  1606               	andwf	main@b,f,c
   232                           
   233                           ;newmain.c: 139: write595(liushui[b],0x00);
   234  0008D4  0E00               	movlw	0
   235  0008D6  6E01               	movwf	write595@U7buf,c
   236  0008D8  5006               	movf	main@b,w,c
   237  0008DA  0D01               	mullw	1
   238  0008DC  0E01               	movlw	low _liushui
   239  0008DE  24F3               	addwf	prodl,w,c
   240  0008E0  6EF6               	movwf	tblptrl,c
   241  0008E2  0E08               	movlw	high _liushui
   242  0008E4  20F4               	addwfc	prodh,w,c
   243  0008E6  6EF7               	movwf	tblptrh,c
   244  0008E8                     	if	0	;There are less than 3 active tblptr bytes
   245  0008E8                     	endif
   246  0008E8  0008               	tblrd		*
   247  0008EA  50F5               	movf	tablat,w,c
   248  0008EC  EC21  F004         	call	_write595
   249  0008F0  D7E2               	goto	l724
   250  0008F2                     __end_of_main:
   251                           	opt stack 0
   252                           tblptru	equ	0xFF8
   253                           tblptrh	equ	0xFF7
   254                           tblptrl	equ	0xFF6
   255                           tablat	equ	0xFF5
   256                           prodh	equ	0xFF4
   257                           prodl	equ	0xFF3
   258                           status	equ	0xFD8
   259                           
   260 ;; *************** function _write595 *****************
   261 ;; Defined at:
   262 ;;		line 84 in file "newmain.c"
   263 ;; Parameters:    Size  Location     Type
   264 ;;  U6buf           1    wreg     unsigned char 
   265 ;;  U7buf           1    0[COMRAM] unsigned char 
   266 ;; Auto vars:     Size  Location     Type
   267 ;;  U6buf           1    1[COMRAM] unsigned char 
   268 ;;  i               1    2[COMRAM] unsigned char 
   269 ;; Return value:  Size  Location     Type
   270 ;;		None               void
   271 ;; Registers used:
   272 ;;		wreg, status,2, status,0
   273 ;; Tracked objects:
   274 ;;		On entry : 0/0
   275 ;;		On exit  : 0/0
   276 ;;		Unchanged: 0/0
   277 ;; Data sizes:     COMRAM   BANK0   BANK1   BANK2   BANK3   BANK4   BANK5   BANK6   BANK7
   278 ;;      Params:         1       0       0       0       0       0       0       0       0
   279 ;;      Locals:         2       0       0       0       0       0       0       0       0
   280 ;;      Temps:          0       0       0       0       0       0       0       0       0
   281 ;;      Totals:         3       0       0       0       0       0       0       0       0
   282 ;;Total ram usage:        3 bytes
   283 ;; Hardware stack levels used:    1
   284 ;; This function calls:
   285 ;;		Nothing
   286 ;; This function is called by:
   287 ;;		_main
   288 ;; This function uses a non-reentrant model
   289 ;;
   290                           
   291                           	psect	text1
   292  000842                     __ptext1:
   293                           	opt stack 0
   294  000842                     _write595:
   295                           	opt stack 30
   296                           
   297                           ;incstack = 0
   298                           ;write595@U6buf stored from wreg
   299  000842  6E02               	movwf	write595@U6buf,c
   300                           
   301                           ;newmain.c: 86: unsigned char i;
   302                           ;newmain.c: 87: RA2=0;
   303  000844  9480               	bcf	3968,2,c	;volatile
   304                           
   305                           ;newmain.c: 88: for(i=0;i<8;i++)
   306  000846  0E00               	movlw	0
   307  000848  6E03               	movwf	write595@i,c
   308  00084A                     l686:
   309  00084A  0E07               	movlw	7
   310  00084C  6403               	cpfsgt	write595@i,c
   311  00084E  D001               	goto	l17
   312  000850  D00E               	goto	l702
   313  000852                     l17:
   314                           
   315                           ;newmain.c: 89: {
   316                           ;newmain.c: 90: if(U6buf&0x80)
   317  000852  AE02               	btfss	write595@U6buf,7,c
   318  000854  D002               	goto	l19
   319                           
   320                           ;newmain.c: 91: RA5=1;
   321  000856  8A80               	bsf	3968,5,c	;volatile
   322  000858  D001               	goto	l692
   323  00085A                     l19:
   324                           
   325                           ;newmain.c: 92: else
   326                           ;newmain.c: 93: RA5=0;
   327  00085A  9A80               	bcf	3968,5,c	;volatile
   328  00085C                     l692:
   329                           
   330                           ;newmain.c: 94: U6buf=U6buf<<1;
   331  00085C  5002               	movf	write595@U6buf,w,c
   332  00085E  2402               	addwf	write595@U6buf,w,c
   333  000860  6E02               	movwf	write595@U6buf,c
   334                           
   335                           ;newmain.c: 95: RA3=0;
   336  000862  9680               	bcf	3968,3,c	;volatile
   337  000864  0004               	clrwdt		;# 
   338  000866  0004               	clrwdt		;# 
   339                           
   340                           ;newmain.c: 98: RA3=1;
   341  000868  8680               	bsf	3968,3,c	;volatile
   342  00086A  2A03               	incf	write595@i,f,c
   343  00086C  D7EE               	goto	l686
   344  00086E                     l702:
   345                           
   346                           ;newmain.c: 99: }
   347                           ;newmain.c: 100: for(i=0;i<8;i++)
   348  00086E  0E00               	movlw	0
   349  000870  6E03               	movwf	write595@i,c
   350  000872                     l704:
   351  000872  0E07               	movlw	7
   352  000874  6403               	cpfsgt	write595@i,c
   353  000876  D001               	goto	l21
   354  000878  D00E               	goto	l22
   355  00087A                     l21:
   356                           
   357                           ;newmain.c: 101: {
   358                           ;newmain.c: 102: if(U7buf&0x80)
   359  00087A  AE01               	btfss	write595@U7buf,7,c
   360  00087C  D002               	goto	l23
   361                           
   362                           ;newmain.c: 103: RA5=1;
   363  00087E  8A80               	bsf	3968,5,c	;volatile
   364  000880  D001               	goto	l710
   365  000882                     l23:
   366                           
   367                           ;newmain.c: 104: else
   368                           ;newmain.c: 105: RA5=0;
   369  000882  9A80               	bcf	3968,5,c	;volatile
   370  000884                     l710:
   371                           
   372                           ;newmain.c: 106: U7buf=U7buf<<1;
   373  000884  5001               	movf	write595@U7buf,w,c
   374  000886  2401               	addwf	write595@U7buf,w,c
   375  000888  6E01               	movwf	write595@U7buf,c
   376                           
   377                           ;newmain.c: 107: RA3=0;
   378  00088A  9680               	bcf	3968,3,c	;volatile
   379  00088C  0004               	clrwdt		;# 
   380  00088E  0004               	clrwdt		;# 
   381                           
   382                           ;newmain.c: 110: RA3=1;
   383  000890  8680               	bsf	3968,3,c	;volatile
   384  000892  2A03               	incf	write595@i,f,c
   385  000894  D7EE               	goto	l704
   386  000896                     l22:
   387                           
   388                           ;newmain.c: 111: }
   389                           ;newmain.c: 112: RA2=1;
   390  000896  8480               	bsf	3968,2,c	;volatile
   391  000898  F000               	nop		;# 
   392  00089A  F000               	nop		;# 
   393                           
   394                           ;newmain.c: 115: RA2=0;
   395  00089C  9480               	bcf	3968,2,c	;volatile
   396  00089E  0012               	return		;funcret
   397  0008A0                     __end_of_write595:
   398                           	opt stack 0
   399                           tblptru	equ	0xFF8
   400                           tblptrh	equ	0xFF7
   401                           tblptrl	equ	0xFF6
   402                           tablat	equ	0xFF5
   403                           prodh	equ	0xFF4
   404                           prodl	equ	0xFF3
   405                           status	equ	0xFD8
   406                           tblptru	equ	0xFF8
   407                           tblptrh	equ	0xFF7
   408                           tblptrl	equ	0xFF6
   409                           tablat	equ	0xFF5
   410                           prodh	equ	0xFF4
   411                           prodl	equ	0xFF3
   412                           status	equ	0xFD8
   413                           
   414                           	psect	rparam
   415  0000                     tblptru	equ	0xFF8
   416                           tblptrh	equ	0xFF7
   417                           tblptrl	equ	0xFF6
   418                           tablat	equ	0xFF5
   419                           prodh	equ	0xFF4
   420                           prodl	equ	0xFF3
   421                           status	equ	0xFD8


Data Sizes:
    Strings     0
    Constant    64
    Data        0
    BSS         0
    Persistent  0
    Stack       0

Auto Spaces:
    Space          Size  Autos    Used
    COMRAM           95      6       6
    BANK0           160      0       0
    BANK1           256      0       0
    BANK2           256      0       0
    BANK3           256      0       0
    BANK4           256      0       0
    BANK5           256      0       0
    BANK6           256      0       0
    BANK7           256      0       0

Pointer List with Targets:

    None.

Critical Paths under _main in COMRAM

    _main->_write595

Critical Paths under _main in BANK0

    None.

Critical Paths under _main in BANK1

    None.

Critical Paths under _main in BANK2

    None.

Critical Paths under _main in BANK3

    None.

Critical Paths under _main in BANK4

    None.

Critical Paths under _main in BANK5

    None.

Critical Paths under _main in BANK6

    None.

Critical Paths under _main in BANK7

    None.

Call Graph Tables:

 ---------------------------------------------------------------------------------
 (Depth) Function   	        Calls       Base Space   Used Autos Params    Refs
 ---------------------------------------------------------------------------------
 (0) _main                                                 3     3      0     315
                                              3 COMRAM     3     3      0
                           _write595
 ---------------------------------------------------------------------------------
 (1) _write595                                             3     2      1     268
                                              0 COMRAM     3     2      1
 ---------------------------------------------------------------------------------
 Estimated maximum stack depth 1
 ---------------------------------------------------------------------------------

 Call Graph Graphs:

 _main (ROOT)
   _write595

 Address spaces:
Name               Size   Autos  Total    Cost      Usage
BITCOMRAM           5F      0       0       0        0.0%
EEDATA             100      0       0       0        0.0%
NULL                 0      0       0       0        0.0%
CODE                 0      0       0       0        0.0%
COMRAM              5F      6       6       1        6.3%
STACK                0      0       0       2        0.0%
DATA                 0      0       0       3        0.0%
BITBANK0            A0      0       0       4        0.0%
BANK0               A0      0       0       5        0.0%
BITBANK1           100      0       0       6        0.0%
BANK1              100      0       0       7        0.0%
BITBANK2           100      0       0       8        0.0%
BANK2              100      0       0       9        0.0%
BITBANK3           100      0       0      10        0.0%
BANK3              100      0       0      11        0.0%
BITBANK4           100      0       0      12        0.0%
BANK4              100      0       0      13        0.0%
BITBANK5           100      0       0      14        0.0%
BANK5              100      0       0      15        0.0%
BITBANK6           100      0       0      16        0.0%
BANK6              100      0       0      17        0.0%
BITBANK7           100      0       0      18        0.0%
BANK7              100      0       0      19        0.0%
ABS                  0      0       0      20        0.0%
BIGRAM             7FF      0       0      21        0.0%
BITSFR               0      0       0      40        0.0%
SFR                  0      0       0      40        0.0%


Microchip Technology PIC18 Macro Assembler V1.35 build -356382666 
Symbol Table                                                                                   Mon Aug 24 10:18:03 2015

                     l21 087A                       l22 0896                       l23 0882  
                     l17 0852                       l19 085A              __CFG_BORV$1 000000  
                    l710 0884                      l702 086E                      l704 0872  
                    l724 08B6                      l692 085C                      l686 084A  
                    _RA2 007C02                      _RA3 007C03                      _RA5 007C05  
           __CFG_FOSC$HS 000000             __CFG_LVP$OFF 000000             __CFG_WDT$OFF 000000  
                   _main 08A0                     prodh 000FF4                     prodl 000FF3  
                   start 0000            __CFG_MCLRE$ON 000000             ___param_bank 000010  
                  ?_main 0001                    _TRISA 000F92                    main@a 0004  
                  main@b 0006          __end_of_liushui 0841                    tablat 000FF5  
                  status 000FD8          __initialization 08F2             __end_of_main 08F2  
                 ??_main 0004            __activetblptr 000001                   _ADCON1 000FC1  
                 _OSCCON 000FD3           __CFG_XINST$OFF 000000             __mediumconst 0000  
                 tblptrh 000FF7                   tblptrl 000FF6                   tblptru 000FF8  
       __end_of_write595 08A0               __accesstop 0060  __end_of__initialization 08F2  
        __CFG_PBADEN$OFF 000000            ___rparam_used 000001           __pcstackCOMRAM 0001  
                __Hparam 0000                  __Lparam 0000             __psmallconst 0800  
              ?_write595 0001                  __pcinit 08F2                  __ramtop 0800  
                __ptext0 08A0                  __ptext1 0842                  _liushui 0801  
   end_of_initialization 08F2               ??_write595 0002      start_initialization 08F2  
     __CFG_BOR$ON_ACTIVE 000000            write595@U6buf 0002            write595@U7buf 0001  
            __smallconst 0800        __size_of_write595 005E                 __Hrparam 0000  
               __Lrparam 0000             __Lsmallconst 0800            __size_of_main 0052  
               _write595 0842                write595@i 0003  
