

Microchip Technology PIC18 LITE Macro Assembler V1.35 build -356382666 
                                                                                               Sun Aug 30 10:32:46 2015

Microchip Technology Omniscient Code Generator v1.35 (Free mode) build 201507080246
     1                           	processor	18F4550
     2                           	fnconf	rparam,??,?,0
     3                           	opt	pw 120
     4                           	opt	lm
     5                           	psect	smallconst,global,reloc=2,class=SMALLCONST,delta=1
     6                           	psect	cinit,global,reloc=2,class=CODE,delta=1
     7                           	psect	bssCOMRAM,global,class=COMRAM,space=1,delta=1
     8                           	psect	cstackCOMRAM,global,class=COMRAM,space=1,delta=1
     9                           	psect	text0,global,reloc=2,class=CODE,delta=1
    10                           	psect	intsave_regs,global,class=BIGRAM,space=1,delta=1
    11                           	psect	rparam,global,class=COMRAM,space=1,delta=1
    12  0000                     
    13                           	psect	smallconst
    14  000800                     __psmallconst:
    15                           	opt stack 0
    16  000800  00                 	db	0
    17  000801                     _bujin_table:
    18                           	opt stack 0
    19  000801  01                 	db	1
    20  000802  03                 	db	3
    21  000803  02                 	db	2
    22  000804  06                 	db	6
    23  000805  04                 	db	4
    24  000806  0C                 	db	12
    25  000807  08                 	db	8
    26  000808  09                 	db	9
    27  000809                     __end_of_bujin_table:
    28                           	opt stack 0
    29  0000                     _ADCON1	set	4033
    30  0000                     _OSCCON	set	4051
    31  0000                     _PORTA	set	3968
    32  0000                     _TRISA	set	3986
    33  0000                     _RA2	set	31746
    34  0000                     _RA3	set	31747
    35  0000                     _RA4	set	31748
    36  0000                     _RA5	set	31749
    37                           
    38                           ; #config settings
    39  000809  00                 	db	0	; dummy byte at the end
    40  0000                     
    41                           	psect	cinit
    42  000878                     __pcinit:
    43                           	opt stack 0
    44  000878                     start_initialization:
    45                           	opt stack 0
    46  000878                     __initialization:
    47                           	opt stack 0
    48                           
    49                           ; Clear objects allocated to COMRAM (3 bytes)
    50  000878  6A03               	clrf	(__pbssCOMRAM+2)& (0+255),c
    51  00087A  6A02               	clrf	(__pbssCOMRAM+1)& (0+255),c
    52  00087C  6A01               	clrf	__pbssCOMRAM& (0+255),c
    53  00087E                     end_of_initialization:
    54                           	opt stack 0
    55  00087E                     __end_of__initialization:
    56                           	opt stack 0
    57  00087E  0E00               	movlw	low (__Lsmallconst shr (0+16))
    58  000880  6EF8               	movwf	tblptru,c
    59  000882  0E08               	movlw	high __Lsmallconst
    60  000884  6EF7               	movwf	tblptrh,c
    61  000886  0100               	movlb	0
    62  000888  EF05  F004         	goto	_main	;jump to C main() function
    63                           tblptru	equ	0xFF8
    64                           tblptrh	equ	0xFF7
    65                           
    66                           	psect	bssCOMRAM
    67  000001                     __pbssCOMRAM:
    68                           	opt stack 0
    69  000001                     _bujincon1:
    70                           	opt stack 0
    71  000001                     	ds	2
    72  000003                     _bujincon2:
    73                           	opt stack 0
    74  000003                     	ds	1
    75                           tblptru	equ	0xFF8
    76                           tblptrh	equ	0xFF7
    77                           
    78                           	psect	cstackCOMRAM
    79  000004                     __pcstackCOMRAM:
    80                           	opt stack 0
    81  000004                     main@buf:
    82                           	opt stack 0
    83                           
    84                           ; 1 bytes @ 0x0
    85  000004                     	ds	1
    86                           tblptru	equ	0xFF8
    87                           tblptrh	equ	0xFF7
    88                           
    89 ;;
    90 ;;Main: autosize = 0, tempsize = 0, incstack = 0, save=0
    91 ;;
    92 ;; *************** function _main *****************
    93 ;; Defined at:
    94 ;;		line 24 in file "newfile.c"
    95 ;; Parameters:    Size  Location     Type
    96 ;;		None
    97 ;; Auto vars:     Size  Location     Type
    98 ;;  buf             1    0[COMRAM] unsigned char 
    99 ;; Return value:  Size  Location     Type
   100 ;;		None               void
   101 ;; Registers used:
   102 ;;		wreg, status,2, status,0, tblptrl, tblptrh, tblptru, prodl, prodh
   103 ;; Tracked objects:
   104 ;;		On entry : 0/0
   105 ;;		On exit  : 0/0
   106 ;;		Unchanged: 0/0
   107 ;; Data sizes:     COMRAM   BANK0   BANK1   BANK2   BANK3   BANK4   BANK5   BANK6   BANK7
   108 ;;      Params:         0       0       0       0       0       0       0       0       0
   109 ;;      Locals:         1       0       0       0       0       0       0       0       0
   110 ;;      Temps:          0       0       0       0       0       0       0       0       0
   111 ;;      Totals:         1       0       0       0       0       0       0       0       0
   112 ;;Total ram usage:        1 bytes
   113 ;; This function calls:
   114 ;;		Nothing
   115 ;; This function is called by:
   116 ;;		Startup code after reset
   117 ;; This function uses a non-reentrant model
   118 ;;
   119                           
   120                           	psect	text0
   121  00080A                     __ptext0:
   122                           	opt stack 0
   123  00080A                     _main:
   124                           	opt stack 31
   125                           
   126                           ;newfile.c: 26: unsigned char buf;
   127                           ;newfile.c: 27: OSCCON=0X00;
   128                           
   129                           ;incstack = 0
   130  00080A  0E00               	movlw	0
   131  00080C  6ED3               	movwf	4051,c	;volatile
   132                           
   133                           ;newfile.c: 28: ADCON1=0X0f;
   134  00080E  0E0F               	movlw	15
   135  000810  6EC1               	movwf	4033,c	;volatile
   136                           
   137                           ;newfile.c: 29: TRISA=0B11000011;
   138  000812  0EC3               	movlw	195
   139  000814  6E92               	movwf	3986,c	;volatile
   140                           
   141                           ;newfile.c: 30: PORTA=0B00000000;
   142  000816  0E00               	movlw	0
   143  000818  6E80               	movwf	3968,c	;volatile
   144  00081A                     l637:
   145                           
   146                           ;newfile.c: 32: {
   147                           ;newfile.c: 33: if(++bujincon1>70)
   148  00081A  4A01               	infsnz	_bujincon1,f,c
   149  00081C  2A02               	incf	_bujincon1+1,f,c
   150  00081E  5002               	movf	_bujincon1+1,w,c
   151  000820  E104               	bnz	u10
   152  000822  0E47               	movlw	71
   153  000824  5C01               	subwf	_bujincon1,w,c
   154  000826  A0D8               	btfss	status,0,c
   155  000828  D7F8               	goto	l637
   156  00082A                     u10:
   157                           
   158                           ;newfile.c: 34: {
   159                           ;newfile.c: 35: bujincon1=0;
   160  00082A  0E00               	movlw	0
   161  00082C  6E02               	movwf	_bujincon1+1,c
   162  00082E  0E00               	movlw	0
   163  000830  6E01               	movwf	_bujincon1,c
   164                           
   165                           ;newfile.c: 36: bujincon2++;
   166  000832  2A03               	incf	_bujincon2,f,c
   167                           
   168                           ;newfile.c: 37: bujincon2&=0x07;
   169  000834  0E07               	movlw	7
   170  000836  1603               	andwf	_bujincon2,f,c
   171                           
   172                           ;newfile.c: 38: buf=bujin_table[bujincon2];
   173  000838  5003               	movf	_bujincon2,w,c
   174  00083A  0D01               	mullw	1
   175  00083C  0E01               	movlw	low _bujin_table
   176  00083E  24F3               	addwf	prodl,w,c
   177  000840  6EF6               	movwf	tblptrl,c
   178  000842  0E08               	movlw	high _bujin_table
   179  000844  20F4               	addwfc	prodh,w,c
   180  000846  6EF7               	movwf	tblptrh,c
   181  000848                     	if	0	;There are less than 3 active tblptr bytes
   182  000848                     	endif
   183  000848  0008               	tblrd		*
   184  00084A  CFF5 F004          	movff	tablat,main@buf
   185                           
   186                           ;newfile.c: 39: if(buf&0x01) RA2=1;
   187  00084E  A004               	btfss	main@buf,0,c
   188  000850  D002               	goto	l27
   189  000852  8480               	bsf	3968,2,c	;volatile
   190  000854  D001               	goto	l28
   191  000856                     l27:
   192                           
   193                           ;newfile.c: 40: else RA2=0;
   194  000856  9480               	bcf	3968,2,c	;volatile
   195  000858                     l28:
   196                           
   197                           ;newfile.c: 41: if(buf&0x02) RA3=1;
   198  000858  A204               	btfss	main@buf,1,c
   199  00085A  D002               	goto	l29
   200  00085C  8680               	bsf	3968,3,c	;volatile
   201  00085E  D001               	goto	l30
   202  000860                     l29:
   203                           
   204                           ;newfile.c: 42: else RA3=0;
   205  000860  9680               	bcf	3968,3,c	;volatile
   206  000862                     l30:
   207                           
   208                           ;newfile.c: 43: if(buf&0x04) RA4=1;
   209  000862  A404               	btfss	main@buf,2,c
   210  000864  D002               	goto	l31
   211  000866  8880               	bsf	3968,4,c	;volatile
   212  000868  D001               	goto	l32
   213  00086A                     l31:
   214                           
   215                           ;newfile.c: 44: else RA4=0;
   216  00086A  9880               	bcf	3968,4,c	;volatile
   217  00086C                     l32:
   218                           
   219                           ;newfile.c: 45: if(buf&0x08) RA5=1;
   220  00086C  A604               	btfss	main@buf,3,c
   221  00086E  D002               	goto	l33
   222  000870  8A80               	bsf	3968,5,c	;volatile
   223  000872  D7D3               	goto	l637
   224  000874                     l33:
   225                           
   226                           ;newfile.c: 46: else RA5=0;
   227  000874  9A80               	bcf	3968,5,c	;volatile
   228  000876  D7D1               	goto	l637
   229  000878                     __end_of_main:
   230                           	opt stack 0
   231                           tblptru	equ	0xFF8
   232                           tblptrh	equ	0xFF7
   233                           tblptrl	equ	0xFF6
   234                           tablat	equ	0xFF5
   235                           prodh	equ	0xFF4
   236                           prodl	equ	0xFF3
   237                           status	equ	0xFD8
   238                           tblptru	equ	0xFF8
   239                           tblptrh	equ	0xFF7
   240                           tblptrl	equ	0xFF6
   241                           tablat	equ	0xFF5
   242                           prodh	equ	0xFF4
   243                           prodl	equ	0xFF3
   244                           status	equ	0xFD8
   245                           
   246                           	psect	rparam
   247  0000                     tblptru	equ	0xFF8
   248                           tblptrh	equ	0xFF7
   249                           tblptrl	equ	0xFF6
   250                           tablat	equ	0xFF5
   251                           prodh	equ	0xFF4
   252                           prodl	equ	0xFF3
   253                           status	equ	0xFD8


Data Sizes:
    Strings     0
    Constant    8
    Data        0
    BSS         3
    Persistent  0
    Stack       0

Auto Spaces:
    Space          Size  Autos    Used
    COMRAM           95      1       4
    BANK0           160      0       0
    BANK1           256      0       0
    BANK2           256      0       0
    BANK3           256      0       0
    BANK4           256      0       0
    BANK5           256      0       0
    BANK6           256      0       0
    BANK7           256      0       0

Pointer List with Targets:

    None.

Critical Paths under _main in COMRAM

    None.

Critical Paths under _main in BANK0

    None.

Critical Paths under _main in BANK1

    None.

Critical Paths under _main in BANK2

    None.

Critical Paths under _main in BANK3

    None.

Critical Paths under _main in BANK4

    None.

Critical Paths under _main in BANK5

    None.

Critical Paths under _main in BANK6

    None.

Critical Paths under _main in BANK7

    None.

Call Graph Tables:

 ---------------------------------------------------------------------------------
 (Depth) Function   	        Calls       Base Space   Used Autos Params    Refs
 ---------------------------------------------------------------------------------
 (0) _main                                                 1     1      0      60
                                              0 COMRAM     1     1      0
 ---------------------------------------------------------------------------------
 Estimated maximum stack depth 0
 ---------------------------------------------------------------------------------

 Call Graph Graphs:

 _main (ROOT)

 Address spaces:
Name               Size   Autos  Total    Cost      Usage
BIGRAM             7FF      0       0      21        0.0%
EEDATA             100      0       0       0        0.0%
BITBANK7           100      0       0      18        0.0%
BANK7              100      0       0      19        0.0%
BITBANK6           100      0       0      16        0.0%
BANK6              100      0       0      17        0.0%
BITBANK5           100      0       0      14        0.0%
BANK5              100      0       0      15        0.0%
BITBANK4           100      0       0      12        0.0%
BANK4              100      0       0      13        0.0%
BITBANK3           100      0       0      10        0.0%
BANK3              100      0       0      11        0.0%
BITBANK2           100      0       0       8        0.0%
BANK2              100      0       0       9        0.0%
BITBANK1           100      0       0       6        0.0%
BANK1              100      0       0       7        0.0%
BITBANK0            A0      0       0       4        0.0%
BANK0               A0      0       0       5        0.0%
BITCOMRAM           5F      0       0       0        0.0%
COMRAM              5F      1       4       1        4.2%
BITSFR               0      0       0      40        0.0%
SFR                  0      0       0      40        0.0%
STACK                0      0       0       2        0.0%
NULL                 0      0       0       0        0.0%
ABS                  0      0       4      20        0.0%
DATA                 0      0       4       3        0.0%
CODE                 0      0       0       0        0.0%


Microchip Technology PIC18 Macro Assembler V1.35 build -356382666 
Symbol Table                                                                                   Sun Aug 30 10:32:46 2015

                     l30 0862                       l31 086A                       l32 086C  
                     l33 0874                       l27 0856                       l28 0858  
                     l29 0860                       u10 082A              __CFG_BORV$1 000000  
                    l637 081A                      _RA2 007C02                      _RA3 007C03  
                    _RA4 007C04                      _RA5 007C05             __CFG_FOSC$HS 000000  
           __CFG_LVP$OFF 000000             __CFG_WDT$OFF 000000                     _main 080A  
                   prodh 000FF4                     prodl 000FF3                     start 0000  
          __CFG_MCLRE$ON 000000             ___param_bank 000010                    ?_main 0004  
                  _PORTA 000F80                    _TRISA 000F92                    tablat 000FF5  
                  status 000FD8          __initialization 0878             __end_of_main 0878  
                 ??_main 0004            __activetblptr 000001                   _ADCON1 000FC1  
                 _OSCCON 000FD3           __CFG_XINST$OFF 000000             __mediumconst 0000  
                 tblptrh 000FF7                   tblptrl 000FF6                   tblptru 000FF8  
             __accesstop 0060  __end_of__initialization 087E          __CFG_PBADEN$OFF 000000  
          ___rparam_used 000001           __pcstackCOMRAM 0004                  __Hparam 0000  
                __Lparam 0000             __psmallconst 0800                  __pcinit 0878  
                __ramtop 0800                  __ptext0 080A                  main@buf 0004  
   end_of_initialization 087E      start_initialization 0878       __CFG_BOR$ON_ACTIVE 000000  
            __pbssCOMRAM 0001      __end_of_bujin_table 0809                _bujincon1 0001  
              _bujincon2 0003              __smallconst 0800              _bujin_table 0801  
               __Hrparam 0000                 __Lrparam 0000             __Lsmallconst 0800  
          __size_of_main 006E  
