

Microchip Technology PIC18 LITE Macro Assembler V1.35 build -356382666 
                                                                                               Tue Aug 25 13:55:56 2015

Microchip Technology Omniscient Code Generator v1.35 (Free mode) build 201507080246
     1                           	processor	18F4550
     2                           	fnconf	rparam,??,?,0
     3                           	opt	pw 120
     4                           	opt	lm
     5                           	psect	smallconst,global,reloc=2,class=SMALLCONST,delta=1
     6                           	psect	cinit,global,reloc=2,class=CODE,delta=1
     7                           	psect	bssCOMRAM,global,class=COMRAM,space=1,delta=1
     8                           	psect	cstackCOMRAM,global,class=COMRAM,space=1,delta=1
     9                           	psect	text0,global,reloc=2,class=CODE,delta=1
    10                           	psect	text1,global,reloc=2,class=CODE,delta=1
    11                           	psect	text2,global,reloc=2,class=CODE,delta=1
    12                           	psect	intsave_regs,global,class=BIGRAM,space=1,delta=1
    13                           	psect	rparam,global,class=COMRAM,space=1,delta=1
    14  0000                     
    15                           	psect	smallconst
    16  000800                     __psmallconst:
    17                           	opt stack 0
    18  000800  00                 	db	0
    19  000801                     _han:
    20                           	opt stack 0
    21  000801  00                 	db	0
    22  000802  FE                 	db	254
    23  000803  02                 	db	2
    24  000804  0A                 	db	10
    25  000805  8A                 	db	138
    26  000806  8A                 	db	138
    27  000807  8A                 	db	138
    28  000808  FA                 	db	250
    29  000809  8A                 	db	138
    30  00080A  8A                 	db	138
    31  00080B  8A                 	db	138
    32  00080C  0A                 	db	10
    33  00080D  02                 	db	2
    34  00080E  FE                 	db	254
    35  00080F  00                 	db	0
    36  000810  00                 	db	0
    37  000811  00                 	db	0
    38  000812  FF                 	db	255
    39  000813  40                 	db	64
    40  000814  48                 	db	72
    41  000815  48                 	db	72
    42  000816  48                 	db	72
    43  000817  48                 	db	72
    44  000818  4F                 	db	79
    45  000819  48                 	db	72
    46  00081A  49                 	db	73
    47  00081B  4E                 	db	78
    48  00081C  48                 	db	72
    49  00081D  40                 	db	64
    50  00081E  FF                 	db	255
    51  00081F  00                 	db	0
    52  000820  00                 	db	0
    53  000821                     __end_of_han:
    54                           	opt stack 0
    55  0000                     _ADCON1	set	4033
    56  0000                     _OSCCON	set	4051
    57  0000                     _PORTA	set	3968
    58  0000                     _PORTB	set	3969
    59  0000                     _TRISA	set	3986
    60  0000                     _TRISB	set	3987
    61  0000                     _RA2	set	31746
    62  0000                     _RA3	set	31747
    63  0000                     _RA5	set	31749
    64  0000                     _RB3	set	31755
    65  0000                     _RB4	set	31756
    66                           
    67                           ; #config settings
    68  000821  00                 	db	0	; dummy byte at the end
    69  0000                     
    70                           	psect	cinit
    71  000908                     __pcinit:
    72                           	opt stack 0
    73  000908                     start_initialization:
    74                           	opt stack 0
    75  000908                     __initialization:
    76                           	opt stack 0
    77                           
    78                           ; Clear objects allocated to COMRAM (3 bytes)
    79  000908  6A03               	clrf	(__pbssCOMRAM+2)& (0+255),c
    80  00090A  6A02               	clrf	(__pbssCOMRAM+1)& (0+255),c
    81  00090C  6A01               	clrf	__pbssCOMRAM& (0+255),c
    82  00090E                     end_of_initialization:
    83                           	opt stack 0
    84  00090E                     __end_of__initialization:
    85                           	opt stack 0
    86  00090E  0E00               	movlw	low (__Lsmallconst shr (0+16))
    87  000910  6EF8               	movwf	tblptru,c
    88  000912  0E08               	movlw	high __Lsmallconst
    89  000914  6EF7               	movwf	tblptrh,c
    90  000916  0100               	movlb	0
    91  000918  EF75  F004         	goto	_main	;jump to C main() function
    92                           tblptru	equ	0xFF8
    93                           tblptrh	equ	0xFF7
    94                           
    95                           	psect	bssCOMRAM
    96  000001                     __pbssCOMRAM:
    97                           	opt stack 0
    98  000001                     _m:
    99                           	opt stack 0
   100  000001                     	ds	1
   101  000002                     _u6data:
   102                           	opt stack 0
   103  000002                     	ds	1
   104  000003                     _u7data:
   105                           	opt stack 0
   106  000003                     	ds	1
   107                           tblptru	equ	0xFF8
   108                           tblptrh	equ	0xFF7
   109                           
   110                           	psect	cstackCOMRAM
   111  000004                     __pcstackCOMRAM:
   112                           	opt stack 0
   113  000004                     write595@U7buf:
   114                           	opt stack 0
   115                           
   116                           ; 1 bytes @ 0x0
   117  000004                     	ds	1
   118  000005                     write595@U6buf:
   119                           	opt stack 0
   120                           
   121                           ; 1 bytes @ 0x1
   122  000005                     	ds	1
   123  000006                     write595@i:
   124                           	opt stack 0
   125                           
   126                           ; 1 bytes @ 0x2
   127  000006                     	ds	1
   128  000007                     tblptru	equ	0xFF8
   129                           tblptrh	equ	0xFF7
   130                           
   131                           ; 0 bytes @ 0x3
   132 ;;
   133 ;;Main: autosize = 0, tempsize = 0, incstack = 0, save=0
   134 ;;
   135 ;; *************** function _main *****************
   136 ;; Defined at:
   137 ;;		line 88 in file "newmain.c"
   138 ;; Parameters:    Size  Location     Type
   139 ;;		None
   140 ;; Auto vars:     Size  Location     Type
   141 ;;		None
   142 ;; Return value:  Size  Location     Type
   143 ;;		None               void
   144 ;; Registers used:
   145 ;;		wreg, status,2, status,0, tblptrl, tblptrh, tblptru, prodl, prodh, cstack
   146 ;; Tracked objects:
   147 ;;		On entry : 0/0
   148 ;;		On exit  : 0/0
   149 ;;		Unchanged: 0/0
   150 ;; Data sizes:     COMRAM   BANK0   BANK1   BANK2   BANK3   BANK4   BANK5   BANK6   BANK7
   151 ;;      Params:         0       0       0       0       0       0       0       0       0
   152 ;;      Locals:         0       0       0       0       0       0       0       0       0
   153 ;;      Temps:          0       0       0       0       0       0       0       0       0
   154 ;;      Totals:         0       0       0       0       0       0       0       0       0
   155 ;;Total ram usage:        0 bytes
   156 ;; Hardware stack levels required when called:    2
   157 ;; This function calls:
   158 ;;		_disp16_16
   159 ;; This function is called by:
   160 ;;		Startup code after reset
   161 ;; This function uses a non-reentrant model
   162 ;;
   163                           
   164                           	psect	text0
   165  0008EA                     __ptext0:
   166                           	opt stack 0
   167  0008EA                     _main:
   168                           	opt stack 29
   169                           
   170                           ;newmain.c: 90: OSCCON=0X00;
   171                           
   172                           ;incstack = 0
   173  0008EA  0E00               	movlw	0
   174  0008EC  6ED3               	movwf	4051,c	;volatile
   175                           
   176                           ;newmain.c: 91: ADCON1=0X0f;
   177  0008EE  0E0F               	movlw	15
   178  0008F0  6EC1               	movwf	4033,c	;volatile
   179                           
   180                           ;newmain.c: 92: TRISB=0B11100000;
   181  0008F2  0EE0               	movlw	224
   182  0008F4  6E93               	movwf	3987,c	;volatile
   183                           
   184                           ;newmain.c: 93: PORTB=0B00000000;
   185  0008F6  0E00               	movlw	0
   186  0008F8  6E81               	movwf	3969,c	;volatile
   187                           
   188                           ;newmain.c: 94: TRISA=0B00000000;
   189  0008FA  0E00               	movlw	0
   190  0008FC  6E92               	movwf	3986,c	;volatile
   191                           
   192                           ;newmain.c: 95: PORTA=0B00000000;
   193  0008FE  0E00               	movlw	0
   194  000900  6E80               	movwf	3968,c	;volatile
   195  000902                     l779:
   196                           
   197                           ;newmain.c: 97: {
   198                           ;newmain.c: 98: disp16_16();
   199  000902  EC11  F004         	call	_disp16_16	;wreg free
   200  000906  D7FD               	goto	l779
   201  000908                     __end_of_main:
   202                           	opt stack 0
   203                           tblptru	equ	0xFF8
   204                           tblptrh	equ	0xFF7
   205                           
   206 ;; *************** function _disp16_16 *****************
   207 ;; Defined at:
   208 ;;		line 68 in file "newmain.c"
   209 ;; Parameters:    Size  Location     Type
   210 ;;		None
   211 ;; Auto vars:     Size  Location     Type
   212 ;;		None
   213 ;; Return value:  Size  Location     Type
   214 ;;		None               void
   215 ;; Registers used:
   216 ;;		wreg, status,2, status,0, tblptrl, tblptrh, tblptru, prodl, prodh, cstack
   217 ;; Tracked objects:
   218 ;;		On entry : 0/0
   219 ;;		On exit  : 0/0
   220 ;;		Unchanged: 0/0
   221 ;; Data sizes:     COMRAM   BANK0   BANK1   BANK2   BANK3   BANK4   BANK5   BANK6   BANK7
   222 ;;      Params:         0       0       0       0       0       0       0       0       0
   223 ;;      Locals:         0       0       0       0       0       0       0       0       0
   224 ;;      Temps:          0       0       0       0       0       0       0       0       0
   225 ;;      Totals:         0       0       0       0       0       0       0       0       0
   226 ;;Total ram usage:        0 bytes
   227 ;; Hardware stack levels used:    1
   228 ;; Hardware stack levels required when called:    1
   229 ;; This function calls:
   230 ;;		_write595
   231 ;; This function is called by:
   232 ;;		_main
   233 ;; This function uses a non-reentrant model
   234 ;;
   235                           
   236                           	psect	text1
   237  000822                     __ptext1:
   238                           	opt stack 0
   239  000822                     _disp16_16:
   240                           	opt stack 29
   241                           
   242                           ;newmain.c: 70: if(++m>31) m=0;
   243                           
   244                           ;incstack = 0
   245  000822  2A01               	incf	_m,f,c
   246  000824  0E1F               	movlw	31
   247  000826  6401               	cpfsgt	_m,c
   248  000828  D002               	goto	l759
   249  00082A  0E00               	movlw	0
   250  00082C  6E01               	movwf	_m,c
   251  00082E                     l759:
   252                           
   253                           ;newmain.c: 71: write595(0,0);
   254  00082E  0E00               	movlw	0
   255  000830  6E04               	movwf	write595@U7buf,c
   256  000832  0E00               	movlw	0
   257  000834  EC46  F004         	call	_write595
   258                           
   259                           ;newmain.c: 72: PORTB=0;
   260  000838  0E00               	movlw	0
   261  00083A  6E81               	movwf	3969,c	;volatile
   262                           
   263                           ;newmain.c: 73: if(m<16) u7data=(han[m]);
   264  00083C  0E10               	movlw	16
   265  00083E  6001               	cpfslt	_m,c
   266  000840  D00C               	goto	l767
   267  000842  5001               	movf	_m,w,c
   268  000844  0D01               	mullw	1
   269  000846  0E01               	movlw	low _han
   270  000848  24F3               	addwf	prodl,w,c
   271  00084A  6EF6               	movwf	tblptrl,c
   272  00084C  0E08               	movlw	high _han
   273  00084E  20F4               	addwfc	prodh,w,c
   274  000850  6EF7               	movwf	tblptrh,c
   275  000852                     	if	0	;There are less than 3 active tblptr bytes
   276  000852                     	endif
   277  000852  0008               	tblrd		*
   278  000854  CFF5 F003          	movff	tablat,_u7data
   279  000858  D00B               	goto	l769
   280  00085A                     l767:
   281                           
   282                           ;newmain.c: 74: else u6data=(han[m]);
   283  00085A  5001               	movf	_m,w,c
   284  00085C  0D01               	mullw	1
   285  00085E  0E01               	movlw	low _han
   286  000860  24F3               	addwf	prodl,w,c
   287  000862  6EF6               	movwf	tblptrl,c
   288  000864  0E08               	movlw	high _han
   289  000866  20F4               	addwfc	prodh,w,c
   290  000868  6EF7               	movwf	tblptrh,c
   291  00086A                     	if	0	;There are less than 3 active tblptr bytes
   292  00086A                     	endif
   293  00086A  0008               	tblrd		*
   294  00086C  CFF5 F002          	movff	tablat,_u6data
   295  000870                     l769:
   296                           
   297                           ;newmain.c: 75: write595(u6data,u7data);
   298  000870  C003  F004         	movff	_u7data,write595@U7buf
   299  000874  5002               	movf	_u6data,w,c
   300  000876  EC46  F004         	call	_write595
   301                           
   302                           ;newmain.c: 76: PORTB|=(m&0x07);
   303  00087A  5001               	movf	_m,w,c
   304  00087C  0B07               	andlw	7
   305  00087E  1281               	iorwf	3969,f,c	;volatile
   306                           
   307                           ;newmain.c: 77: if((m&0x08)>0) RB3=1;
   308  000880  A601               	btfss	_m,3,c
   309  000882  D002               	goto	l47
   310  000884  8681               	bsf	3969,3,c	;volatile
   311  000886  0012               	return	
   312  000888                     l47:
   313                           
   314                           ;newmain.c: 78: else RB4=1;
   315  000888  8881               	bsf	3969,4,c	;volatile
   316  00088A  0012               	return	
   317  00088C                     __end_of_disp16_16:
   318                           	opt stack 0
   319                           tblptru	equ	0xFF8
   320                           tblptrh	equ	0xFF7
   321                           tblptrl	equ	0xFF6
   322                           tablat	equ	0xFF5
   323                           prodh	equ	0xFF4
   324                           prodl	equ	0xFF3
   325                           
   326 ;; *************** function _write595 *****************
   327 ;; Defined at:
   328 ;;		line 27 in file "newmain.c"
   329 ;; Parameters:    Size  Location     Type
   330 ;;  U6buf           1    wreg     unsigned char 
   331 ;;  U7buf           1    0[COMRAM] unsigned char 
   332 ;; Auto vars:     Size  Location     Type
   333 ;;  U6buf           1    1[COMRAM] unsigned char 
   334 ;;  i               1    2[COMRAM] unsigned char 
   335 ;; Return value:  Size  Location     Type
   336 ;;		None               void
   337 ;; Registers used:
   338 ;;		wreg, status,2, status,0
   339 ;; Tracked objects:
   340 ;;		On entry : 0/0
   341 ;;		On exit  : 0/0
   342 ;;		Unchanged: 0/0
   343 ;; Data sizes:     COMRAM   BANK0   BANK1   BANK2   BANK3   BANK4   BANK5   BANK6   BANK7
   344 ;;      Params:         1       0       0       0       0       0       0       0       0
   345 ;;      Locals:         2       0       0       0       0       0       0       0       0
   346 ;;      Temps:          0       0       0       0       0       0       0       0       0
   347 ;;      Totals:         3       0       0       0       0       0       0       0       0
   348 ;;Total ram usage:        3 bytes
   349 ;; Hardware stack levels used:    1
   350 ;; This function calls:
   351 ;;		Nothing
   352 ;; This function is called by:
   353 ;;		_disp16_16
   354 ;; This function uses a non-reentrant model
   355 ;;
   356                           
   357                           	psect	text2
   358  00088C                     __ptext2:
   359                           	opt stack 0
   360  00088C                     _write595:
   361                           	opt stack 29
   362                           
   363                           ;incstack = 0
   364                           ;write595@U6buf stored from wreg
   365  00088C  6E05               	movwf	write595@U6buf,c
   366                           
   367                           ;newmain.c: 29: unsigned char i;
   368                           ;newmain.c: 30: RA2=0;
   369  00088E  9480               	bcf	3968,2,c	;volatile
   370                           
   371                           ;newmain.c: 31: for(i=0;i<8;i++)
   372  000890  0E00               	movlw	0
   373  000892  6E06               	movwf	write595@i,c
   374  000894                     l721:
   375  000894  0E07               	movlw	7
   376  000896  6406               	cpfsgt	write595@i,c
   377  000898  D001               	goto	l33
   378  00089A  D00E               	goto	l737
   379  00089C                     l33:
   380                           
   381                           ;newmain.c: 32: {
   382                           ;newmain.c: 33: if(U6buf&0x80)
   383  00089C  AE05               	btfss	write595@U6buf,7,c
   384  00089E  D002               	goto	l35
   385                           
   386                           ;newmain.c: 34: RA5=1;
   387  0008A0  8A80               	bsf	3968,5,c	;volatile
   388  0008A2  D001               	goto	l727
   389  0008A4                     l35:
   390                           
   391                           ;newmain.c: 35: else
   392                           ;newmain.c: 36: RA5=0;
   393  0008A4  9A80               	bcf	3968,5,c	;volatile
   394  0008A6                     l727:
   395                           
   396                           ;newmain.c: 37: U6buf=U6buf<<1;
   397  0008A6  5005               	movf	write595@U6buf,w,c
   398  0008A8  2405               	addwf	write595@U6buf,w,c
   399  0008AA  6E05               	movwf	write595@U6buf,c
   400                           
   401                           ;newmain.c: 38: RA3=0;
   402  0008AC  9680               	bcf	3968,3,c	;volatile
   403  0008AE  0004               	clrwdt		;# 
   404  0008B0  0004               	clrwdt		;# 
   405                           
   406                           ;newmain.c: 41: RA3=1;
   407  0008B2  8680               	bsf	3968,3,c	;volatile
   408  0008B4  2A06               	incf	write595@i,f,c
   409  0008B6  D7EE               	goto	l721
   410  0008B8                     l737:
   411                           
   412                           ;newmain.c: 42: }
   413                           ;newmain.c: 43: for(i=0;i<8;i++)
   414  0008B8  0E00               	movlw	0
   415  0008BA  6E06               	movwf	write595@i,c
   416  0008BC                     l739:
   417  0008BC  0E07               	movlw	7
   418  0008BE  6406               	cpfsgt	write595@i,c
   419  0008C0  D001               	goto	l37
   420  0008C2  D00E               	goto	l38
   421  0008C4                     l37:
   422                           
   423                           ;newmain.c: 44: {
   424                           ;newmain.c: 45: if(U7buf&0x80)
   425  0008C4  AE04               	btfss	write595@U7buf,7,c
   426  0008C6  D002               	goto	l39
   427                           
   428                           ;newmain.c: 46: RA5=1;
   429  0008C8  8A80               	bsf	3968,5,c	;volatile
   430  0008CA  D001               	goto	l745
   431  0008CC                     l39:
   432                           
   433                           ;newmain.c: 47: else
   434                           ;newmain.c: 48: RA5=0;
   435  0008CC  9A80               	bcf	3968,5,c	;volatile
   436  0008CE                     l745:
   437                           
   438                           ;newmain.c: 49: U7buf=U7buf<<1;
   439  0008CE  5004               	movf	write595@U7buf,w,c
   440  0008D0  2404               	addwf	write595@U7buf,w,c
   441  0008D2  6E04               	movwf	write595@U7buf,c
   442                           
   443                           ;newmain.c: 50: RA3=0;
   444  0008D4  9680               	bcf	3968,3,c	;volatile
   445  0008D6  0004               	clrwdt		;# 
   446  0008D8  0004               	clrwdt		;# 
   447                           
   448                           ;newmain.c: 53: RA3=1;
   449  0008DA  8680               	bsf	3968,3,c	;volatile
   450  0008DC  2A06               	incf	write595@i,f,c
   451  0008DE  D7EE               	goto	l739
   452  0008E0                     l38:
   453                           
   454                           ;newmain.c: 54: }
   455                           ;newmain.c: 55: RA2=1;
   456  0008E0  8480               	bsf	3968,2,c	;volatile
   457  0008E2  F000               	nop		;# 
   458  0008E4  F000               	nop		;# 
   459                           
   460                           ;newmain.c: 58: RA2=0;
   461  0008E6  9480               	bcf	3968,2,c	;volatile
   462  0008E8  0012               	return		;funcret
   463  0008EA                     __end_of_write595:
   464                           	opt stack 0
   465                           tblptru	equ	0xFF8
   466                           tblptrh	equ	0xFF7
   467                           tblptrl	equ	0xFF6
   468                           tablat	equ	0xFF5
   469                           prodh	equ	0xFF4
   470                           prodl	equ	0xFF3
   471                           tblptru	equ	0xFF8
   472                           tblptrh	equ	0xFF7
   473                           tblptrl	equ	0xFF6
   474                           tablat	equ	0xFF5
   475                           prodh	equ	0xFF4
   476                           prodl	equ	0xFF3
   477                           
   478                           	psect	rparam
   479  0000                     tblptru	equ	0xFF8
   480                           tblptrh	equ	0xFF7
   481                           tblptrl	equ	0xFF6
   482                           tablat	equ	0xFF5
   483                           prodh	equ	0xFF4
   484                           prodl	equ	0xFF3


Data Sizes:
    Strings     0
    Constant    32
    Data        0
    BSS         3
    Persistent  0
    Stack       0

Auto Spaces:
    Space          Size  Autos    Used
    COMRAM           95      3       6
    BANK0           160      0       0
    BANK1           256      0       0
    BANK2           256      0       0
    BANK3           256      0       0
    BANK4           256      0       0
    BANK5           256      0       0
    BANK6           256      0       0
    BANK7           256      0       0

Pointer List with Targets:

    None.

Critical Paths under _main in COMRAM

    _disp16_16->_write595

Critical Paths under _main in BANK0

    None.

Critical Paths under _main in BANK1

    None.

Critical Paths under _main in BANK2

    None.

Critical Paths under _main in BANK3

    None.

Critical Paths under _main in BANK4

    None.

Critical Paths under _main in BANK5

    None.

Critical Paths under _main in BANK6

    None.

Critical Paths under _main in BANK7

    None.

Call Graph Tables:

 ---------------------------------------------------------------------------------
 (Depth) Function   	        Calls       Base Space   Used Autos Params    Refs
 ---------------------------------------------------------------------------------
 (0) _main                                                 0     0      0     268
                          _disp16_16
 ---------------------------------------------------------------------------------
 (1) _disp16_16                                            0     0      0     268
                           _write595
 ---------------------------------------------------------------------------------
 (2) _write595                                             3     2      1     268
                                              0 COMRAM     3     2      1
 ---------------------------------------------------------------------------------
 Estimated maximum stack depth 2
 ---------------------------------------------------------------------------------

 Call Graph Graphs:

 _main (ROOT)
   _disp16_16
     _write595

 Address spaces:
Name               Size   Autos  Total    Cost      Usage
BIGRAM             7FF      0       0      21        0.0%
EEDATA             100      0       0       0        0.0%
BITBANK7           100      0       0      18        0.0%
BANK7              100      0       0      19        0.0%
BITBANK6           100      0       0      16        0.0%
BANK6              100      0       0      17        0.0%
BITBANK5           100      0       0      14        0.0%
BANK5              100      0       0      15        0.0%
BITBANK4           100      0       0      12        0.0%
BANK4              100      0       0      13        0.0%
BITBANK3           100      0       0      10        0.0%
BANK3              100      0       0      11        0.0%
BITBANK2           100      0       0       8        0.0%
BANK2              100      0       0       9        0.0%
BITBANK1           100      0       0       6        0.0%
BANK1              100      0       0       7        0.0%
BITBANK0            A0      0       0       4        0.0%
BANK0               A0      0       0       5        0.0%
BITCOMRAM           5F      0       0       0        0.0%
COMRAM              5F      3       6       1        6.3%
BITSFR               0      0       0      40        0.0%
SFR                  0      0       0      40        0.0%
STACK                0      0       0       2        0.0%
NULL                 0      0       0       0        0.0%
ABS                  0      0       6      20        0.0%
DATA                 0      0       6       3        0.0%
CODE                 0      0       0       0        0.0%


Microchip Technology PIC18 Macro Assembler V1.35 build -356382666 
Symbol Table                                                                                   Tue Aug 25 13:55:56 2015

                      _m 0001                       l33 089C                       l35 08A4  
                     l37 08C4                       l38 08E0                       l39 08CC  
                     l47 0888              __CFG_BORV$1 000000                      l721 0894  
                    l727 08A6                      l745 08CE                      l737 08B8  
                    l739 08BC                      l767 085A                      l759 082E  
                    l769 0870                      l779 0902                      _RA2 007C02  
                    _RA3 007C03                      _RB3 007C0B                      _RA5 007C05  
                    _RB4 007C0C                      _han 0801             __CFG_FOSC$HS 000000  
           __CFG_LVP$OFF 000000             __CFG_WDT$OFF 000000                     _main 08EA  
                   prodh 000FF4                     prodl 000FF3                     start 0000  
          __CFG_MCLRE$ON 000000             ___param_bank 000010                    ?_main 0004  
                  _PORTA 000F80                    _PORTB 000F81                    _TRISA 000F92  
                  _TRISB 000F93                    tablat 000FF5          __initialization 0908  
           __end_of_main 0908                   ??_main 0007            __activetblptr 000001  
                 _ADCON1 000FC1                   _OSCCON 000FD3           __CFG_XINST$OFF 000000  
                 _u6data 0002                   _u7data 0003             __mediumconst 0000  
                 tblptrh 000FF7                   tblptrl 000FF6                   tblptru 000FF8  
       __end_of_write595 08EA               __accesstop 0060  __end_of__initialization 090E  
        __CFG_PBADEN$OFF 000000            ___rparam_used 000001           __pcstackCOMRAM 0004  
     __size_of_disp16_16 006A        __end_of_disp16_16 088C                  __Hparam 0000  
                __Lparam 0000             __psmallconst 0800                ?_write595 0004  
                __pcinit 0908                  __ramtop 0800                  __ptext0 08EA  
                __ptext1 0822                  __ptext2 088C     end_of_initialization 090E  
             ??_write595 0005      start_initialization 0908              __end_of_han 0821  
     __CFG_BOR$ON_ACTIVE 000000              __pbssCOMRAM 0001                _disp16_16 0822  
          write595@U6buf 0005            write595@U7buf 0004              __smallconst 0800  
      __size_of_write595 005E               ?_disp16_16 0004                 __Hrparam 0000  
               __Lrparam 0000             __Lsmallconst 0800            __size_of_main 001E  
            ??_disp16_16 0007                 _write595 088C                write595@i 0006  
