

Microchip Technology PIC18 LITE Macro Assembler V1.35 build -356382666 
                                                                                               Tue Aug 25 14:42:24 2015

Microchip Technology Omniscient Code Generator v1.35 (Free mode) build 201507080246
     1                           	processor	18F4550
     2                           	fnconf	rparam,??,?,0
     3                           	opt	pw 120
     4                           	opt	lm
     5                           	psect	cinit,global,reloc=2,class=CODE,delta=1
     6                           	psect	cstackCOMRAM,global,class=COMRAM,space=1,delta=1
     7                           	psect	text0,global,reloc=2,class=CODE,delta=1
     8                           	psect	text1,global,reloc=2,class=CODE,delta=1
     9                           	psect	text2,global,reloc=2,class=CODE,delta=1
    10                           	psect	text3,global,reloc=2,class=CODE,delta=1
    11                           	psect	text4,global,reloc=2,class=CODE,delta=1
    12                           	psect	text5,global,reloc=2,class=CODE,delta=1
    13                           	psect	text6,global,reloc=2,class=CODE,delta=1
    14                           	psect	text7,global,reloc=2,class=CODE,delta=1
    15                           	psect	text8,global,reloc=2,class=CODE,delta=1
    16                           	psect	intsave_regs,global,class=BIGRAM,space=1,delta=1
    17                           	psect	rparam,global,class=COMRAM,space=1,delta=1
    18  0000                     _ADCON1	set	4033
    19  0000                     _OSCCON	set	4051
    20  0000                     _PORTD	set	3971
    21  0000                     _TRISB	set	3987
    22  0000                     _TRISD	set	3989
    23  0000                     _RB3	set	31755
    24  0000                     _RB4	set	31756
    25  0000                     _RB5	set	31757
    26  0000                     _RD7	set	31775
    27  0000                     _TRISD7	set	31919
    28                           
    29                           ; #config settings
    30  0000                     
    31                           	psect	cinit
    32  007DD8                     __pcinit:
    33                           	opt stack 0
    34  007DD8                     start_initialization:
    35                           	opt stack 0
    36  007DD8                     __initialization:
    37                           	opt stack 0
    38  007DD8                     end_of_initialization:
    39                           	opt stack 0
    40  007DD8                     __end_of__initialization:
    41                           	opt stack 0
    42  007DD8  0100               	movlb	0
    43  007DDA  EF77  F03F         	goto	_main	;jump to C main() function
    44                           
    45                           	psect	cstackCOMRAM
    46  000001                     __pcstackCOMRAM:
    47                           	opt stack 0
    48  000001                     lcd_write_com@combuf:
    49                           	opt stack 0
    50  000001                     lcd_write_data@databuf:
    51                           	opt stack 0
    52  000001                     delay@t:
    53                           	opt stack 0
    54                           
    55                           ; 2 bytes @ 0x0
    56  000001                     	ds	1
    57  000002                     lcd_write_com_busy@combuf:
    58                           	opt stack 0
    59                           
    60                           ; 1 bytes @ 0x1
    61  000002                     	ds	1
    62  000003                     lcd_write_address@y:
    63                           	opt stack 0
    64  000003                     delay@i:
    65                           	opt stack 0
    66                           
    67                           ; 2 bytes @ 0x2
    68  000003                     	ds	1
    69  000004                     lcd_write_address@x:
    70                           	opt stack 0
    71                           
    72                           ; 1 bytes @ 0x3
    73  000004                     	ds	1
    74  000005                     lcd_write_char@y:
    75                           	opt stack 0
    76  000005                     delay@j:
    77                           	opt stack 0
    78                           
    79                           ; 2 bytes @ 0x4
    80  000005                     	ds	1
    81  000006                     lcd_write_char@buf:
    82                           	opt stack 0
    83                           
    84                           ; 1 bytes @ 0x5
    85  000006                     	ds	1
    86  000007                     lcd_write_char@x:
    87                           	opt stack 0
    88                           
    89                           ; 1 bytes @ 0x6
    90  000007                     	ds	1
    91  000008                     
    92                           ; 0 bytes @ 0x7
    93 ;;
    94 ;;Main: autosize = 0, tempsize = 0, incstack = 0, save=0
    95 ;;
    96 ;; *************** function _main *****************
    97 ;; Defined at:
    98 ;;		line 100 in file "newfile.c"
    99 ;; Parameters:    Size  Location     Type
   100 ;;		None
   101 ;; Auto vars:     Size  Location     Type
   102 ;;		None
   103 ;; Return value:  Size  Location     Type
   104 ;;		None               void
   105 ;; Registers used:
   106 ;;		wreg, status,2, status,0, cstack
   107 ;; Tracked objects:
   108 ;;		On entry : 0/0
   109 ;;		On exit  : 0/0
   110 ;;		Unchanged: 0/0
   111 ;; Data sizes:     COMRAM   BANK0   BANK1   BANK2   BANK3   BANK4   BANK5   BANK6   BANK7
   112 ;;      Params:         0       0       0       0       0       0       0       0       0
   113 ;;      Locals:         0       0       0       0       0       0       0       0       0
   114 ;;      Temps:          0       0       0       0       0       0       0       0       0
   115 ;;      Totals:         0       0       0       0       0       0       0       0       0
   116 ;;Total ram usage:        0 bytes
   117 ;; Hardware stack levels required when called:    4
   118 ;; This function calls:
   119 ;;		_lcd_write_char
   120 ;;		_lcdreset
   121 ;; This function is called by:
   122 ;;		Startup code after reset
   123 ;; This function uses a non-reentrant model
   124 ;;
   125                           
   126                           	psect	text0
   127  007EEE                     __ptext0:
   128                           	opt stack 0
   129  007EEE                     _main:
   130                           	opt stack 27
   131                           
   132                           ;newfile.c: 102: OSCCON=0X00;
   133                           
   134                           ;incstack = 0
   135  007EEE  0E00               	movlw	0
   136  007EF0  6ED3               	movwf	4051,c	;volatile
   137                           
   138                           ;newfile.c: 103: ADCON1=0X0f;
   139  007EF2  0E0F               	movlw	15
   140  007EF4  6EC1               	movwf	4033,c	;volatile
   141                           
   142                           ;newfile.c: 104: TRISB=0B11000111;
   143  007EF6  0EC7               	movlw	199
   144  007EF8  6E93               	movwf	3987,c	;volatile
   145                           
   146                           ;newfile.c: 105: TRISD=0B00000000;
   147  007EFA  0E00               	movlw	0
   148  007EFC  6E95               	movwf	3989,c	;volatile
   149                           
   150                           ;newfile.c: 106: lcdreset();
   151  007EFE  EC4C  F03F         	call	_lcdreset	;wreg free
   152                           
   153                           ;newfile.c: 107: lcd_write_char(4,0,'K');
   154  007F02  0E00               	movlw	0
   155  007F04  6E05               	movwf	lcd_write_char@y,c
   156  007F06  0E4B               	movlw	75
   157  007F08  6E06               	movwf	lcd_write_char@buf,c
   158  007F0A  0E04               	movlw	4
   159  007F0C  EC08  F03F         	call	_lcd_write_char
   160                           
   161                           ;newfile.c: 108: lcd_write_char(5,0,'U');
   162  007F10  0E00               	movlw	0
   163  007F12  6E05               	movwf	lcd_write_char@y,c
   164  007F14  0E55               	movlw	85
   165  007F16  6E06               	movwf	lcd_write_char@buf,c
   166  007F18  0E05               	movlw	5
   167  007F1A  EC08  F03F         	call	_lcd_write_char
   168                           
   169                           ;newfile.c: 109: lcd_write_char(6,0,'O');
   170  007F1E  0E00               	movlw	0
   171  007F20  6E05               	movwf	lcd_write_char@y,c
   172  007F22  0E4F               	movlw	79
   173  007F24  6E06               	movwf	lcd_write_char@buf,c
   174  007F26  0E06               	movlw	6
   175  007F28  EC08  F03F         	call	_lcd_write_char
   176                           
   177                           ;newfile.c: 110: lcd_write_char(7,0,'Y');
   178  007F2C  0E00               	movlw	0
   179  007F2E  6E05               	movwf	lcd_write_char@y,c
   180  007F30  0E59               	movlw	89
   181  007F32  6E06               	movwf	lcd_write_char@buf,c
   182  007F34  0E07               	movlw	7
   183  007F36  EC08  F03F         	call	_lcd_write_char
   184                           
   185                           ;newfile.c: 111: lcd_write_char(8,0,'A');
   186  007F3A  0E00               	movlw	0
   187  007F3C  6E05               	movwf	lcd_write_char@y,c
   188  007F3E  0E41               	movlw	65
   189  007F40  6E06               	movwf	lcd_write_char@buf,c
   190  007F42  0E08               	movlw	8
   191  007F44  EC08  F03F         	call	_lcd_write_char
   192                           
   193                           ;newfile.c: 112: lcd_write_char(9,0,'O');
   194  007F48  0E00               	movlw	0
   195  007F4A  6E05               	movwf	lcd_write_char@y,c
   196  007F4C  0E4F               	movlw	79
   197  007F4E  6E06               	movwf	lcd_write_char@buf,c
   198  007F50  0E09               	movlw	9
   199  007F52  EC08  F03F         	call	_lcd_write_char
   200                           
   201                           ;newfile.c: 113: lcd_write_char(10,0,'M');
   202  007F56  0E00               	movlw	0
   203  007F58  6E05               	movwf	lcd_write_char@y,c
   204  007F5A  0E4D               	movlw	77
   205  007F5C  6E06               	movwf	lcd_write_char@buf,c
   206  007F5E  0E0A               	movlw	10
   207  007F60  EC08  F03F         	call	_lcd_write_char
   208                           
   209                           ;newfile.c: 114: lcd_write_char(11,0,'I');
   210  007F64  0E00               	movlw	0
   211  007F66  6E05               	movwf	lcd_write_char@y,c
   212  007F68  0E49               	movlw	73
   213  007F6A  6E06               	movwf	lcd_write_char@buf,c
   214  007F6C  0E0B               	movlw	11
   215  007F6E  EC08  F03F         	call	_lcd_write_char
   216                           
   217                           ;newfile.c: 115: lcd_write_char(12,0,'N');
   218  007F72  0E00               	movlw	0
   219  007F74  6E05               	movwf	lcd_write_char@y,c
   220  007F76  0E4E               	movlw	78
   221  007F78  6E06               	movwf	lcd_write_char@buf,c
   222  007F7A  0E0C               	movlw	12
   223  007F7C  EC08  F03F         	call	_lcd_write_char
   224                           
   225                           ;newfile.c: 116: lcd_write_char(13,0,'G');
   226  007F80  0E00               	movlw	0
   227  007F82  6E05               	movwf	lcd_write_char@y,c
   228  007F84  0E47               	movlw	71
   229  007F86  6E06               	movwf	lcd_write_char@buf,c
   230  007F88  0E0D               	movlw	13
   231  007F8A  EC08  F03F         	call	_lcd_write_char
   232                           
   233                           ;newfile.c: 118: lcd_write_char(1,1,'2');
   234  007F8E  0E01               	movlw	1
   235  007F90  6E05               	movwf	lcd_write_char@y,c
   236  007F92  0E32               	movlw	50
   237  007F94  6E06               	movwf	lcd_write_char@buf,c
   238  007F96  0E01               	movlw	1
   239  007F98  EC08  F03F         	call	_lcd_write_char
   240                           
   241                           ;newfile.c: 119: lcd_write_char(2,1,'0');
   242  007F9C  0E01               	movlw	1
   243  007F9E  6E05               	movwf	lcd_write_char@y,c
   244  007FA0  0E30               	movlw	48
   245  007FA2  6E06               	movwf	lcd_write_char@buf,c
   246  007FA4  0E02               	movlw	2
   247  007FA6  EC08  F03F         	call	_lcd_write_char
   248                           
   249                           ;newfile.c: 120: lcd_write_char(3,1,'1');
   250  007FAA  0E01               	movlw	1
   251  007FAC  6E05               	movwf	lcd_write_char@y,c
   252  007FAE  0E31               	movlw	49
   253  007FB0  6E06               	movwf	lcd_write_char@buf,c
   254  007FB2  0E03               	movlw	3
   255  007FB4  EC08  F03F         	call	_lcd_write_char
   256                           
   257                           ;newfile.c: 121: lcd_write_char(4,1,'5');
   258  007FB8  0E01               	movlw	1
   259  007FBA  6E05               	movwf	lcd_write_char@y,c
   260  007FBC  0E35               	movlw	53
   261  007FBE  6E06               	movwf	lcd_write_char@buf,c
   262  007FC0  0E04               	movlw	4
   263  007FC2  EC08  F03F         	call	_lcd_write_char
   264                           
   265                           ;newfile.c: 122: lcd_write_char(5,1,'0');
   266  007FC6  0E01               	movlw	1
   267  007FC8  6E05               	movwf	lcd_write_char@y,c
   268  007FCA  0E30               	movlw	48
   269  007FCC  6E06               	movwf	lcd_write_char@buf,c
   270  007FCE  0E05               	movlw	5
   271  007FD0  EC08  F03F         	call	_lcd_write_char
   272                           
   273                           ;newfile.c: 123: lcd_write_char(6,1,'8');
   274  007FD4  0E01               	movlw	1
   275  007FD6  6E05               	movwf	lcd_write_char@y,c
   276  007FD8  0E38               	movlw	56
   277  007FDA  6E06               	movwf	lcd_write_char@buf,c
   278  007FDC  0E06               	movlw	6
   279  007FDE  EC08  F03F         	call	_lcd_write_char
   280                           
   281                           ;newfile.c: 124: lcd_write_char(7,1,'2');
   282  007FE2  0E01               	movlw	1
   283  007FE4  6E05               	movwf	lcd_write_char@y,c
   284  007FE6  0E32               	movlw	50
   285  007FE8  6E06               	movwf	lcd_write_char@buf,c
   286  007FEA  0E07               	movlw	7
   287  007FEC  EC08  F03F         	call	_lcd_write_char
   288                           
   289                           ;newfile.c: 125: lcd_write_char(8,1,'5');
   290  007FF0  0E01               	movlw	1
   291  007FF2  6E05               	movwf	lcd_write_char@y,c
   292  007FF4  0E35               	movlw	53
   293  007FF6  6E06               	movwf	lcd_write_char@buf,c
   294  007FF8  0E08               	movlw	8
   295  007FFA  EC08  F03F         	call	_lcd_write_char
   296  007FFE  D7FF               	goto	l58
   297  008000                     __end_of_main:
   298                           	opt stack 0
   299                           
   300 ;; *************** function _lcdreset *****************
   301 ;; Defined at:
   302 ;;		line 72 in file "newfile.c"
   303 ;; Parameters:    Size  Location     Type
   304 ;;		None
   305 ;; Auto vars:     Size  Location     Type
   306 ;;		None
   307 ;; Return value:  Size  Location     Type
   308 ;;		None               void
   309 ;; Registers used:
   310 ;;		wreg, status,2, status,0, cstack
   311 ;; Tracked objects:
   312 ;;		On entry : 0/0
   313 ;;		On exit  : 0/0
   314 ;;		Unchanged: 0/0
   315 ;; Data sizes:     COMRAM   BANK0   BANK1   BANK2   BANK3   BANK4   BANK5   BANK6   BANK7
   316 ;;      Params:         0       0       0       0       0       0       0       0       0
   317 ;;      Locals:         0       0       0       0       0       0       0       0       0
   318 ;;      Temps:          0       0       0       0       0       0       0       0       0
   319 ;;      Totals:         0       0       0       0       0       0       0       0       0
   320 ;;Total ram usage:        0 bytes
   321 ;; Hardware stack levels used:    1
   322 ;; Hardware stack levels required when called:    2
   323 ;; This function calls:
   324 ;;		_delay
   325 ;;		_lcd_write_com
   326 ;;		_lcd_write_com_busy
   327 ;; This function is called by:
   328 ;;		_main
   329 ;; This function uses a non-reentrant model
   330 ;;
   331                           
   332                           	psect	text1
   333  007E98                     __ptext1:
   334                           	opt stack 0
   335  007E98                     _lcdreset:
   336                           	opt stack 28
   337                           
   338                           ;newfile.c: 74: delay(150);
   339                           
   340                           ;incstack = 0
   341  007E98  0E00               	movlw	0
   342  007E9A  6E02               	movwf	delay@t+1,c
   343  007E9C  0E96               	movlw	150
   344  007E9E  6E01               	movwf	delay@t,c
   345  007EA0  EC30  F03F         	call	_delay	;wreg free
   346                           
   347                           ;newfile.c: 75: lcd_write_com(0x38);
   348  007EA4  0E38               	movlw	56
   349  007EA6  ECFF  F03E         	call	_lcd_write_com
   350                           
   351                           ;newfile.c: 76: delay(50);
   352  007EAA  0E00               	movlw	0
   353  007EAC  6E02               	movwf	delay@t+1,c
   354  007EAE  0E32               	movlw	50
   355  007EB0  6E01               	movwf	delay@t,c
   356  007EB2  EC30  F03F         	call	_delay	;wreg free
   357                           
   358                           ;newfile.c: 77: lcd_write_com(0x38);
   359  007EB6  0E38               	movlw	56
   360  007EB8  ECFF  F03E         	call	_lcd_write_com
   361                           
   362                           ;newfile.c: 78: delay(50);
   363  007EBC  0E00               	movlw	0
   364  007EBE  6E02               	movwf	delay@t+1,c
   365  007EC0  0E32               	movlw	50
   366  007EC2  6E01               	movwf	delay@t,c
   367  007EC4  EC30  F03F         	call	_delay	;wreg free
   368                           
   369                           ;newfile.c: 79: lcd_write_com(0x38);
   370  007EC8  0E38               	movlw	56
   371  007ECA  ECFF  F03E         	call	_lcd_write_com
   372                           
   373                           ;newfile.c: 80: lcd_write_com_busy(0x38);
   374  007ECE  0E38               	movlw	56
   375  007ED0  ECEF  F03E         	call	_lcd_write_com_busy
   376                           
   377                           ;newfile.c: 81: lcd_write_com_busy(0x08);
   378  007ED4  0E08               	movlw	8
   379  007ED6  ECEF  F03E         	call	_lcd_write_com_busy
   380                           
   381                           ;newfile.c: 82: lcd_write_com_busy(0x01);
   382  007EDA  0E01               	movlw	1
   383  007EDC  ECEF  F03E         	call	_lcd_write_com_busy
   384                           
   385                           ;newfile.c: 83: lcd_write_com_busy(0x06);
   386  007EE0  0E06               	movlw	6
   387  007EE2  ECEF  F03E         	call	_lcd_write_com_busy
   388                           
   389                           ;newfile.c: 84: lcd_write_com_busy(0x0c);
   390  007EE6  0E0C               	movlw	12
   391  007EE8  ECEF  F03E         	call	_lcd_write_com_busy
   392  007EEC  0012               	return		;funcret
   393  007EEE                     __end_of_lcdreset:
   394                           	opt stack 0
   395                           
   396 ;; *************** function _delay *****************
   397 ;; Defined at:
   398 ;;		line 11 in file "newfile.c"
   399 ;; Parameters:    Size  Location     Type
   400 ;;  t               2    0[COMRAM] unsigned int 
   401 ;; Auto vars:     Size  Location     Type
   402 ;;  j               2    4[COMRAM] unsigned int 
   403 ;;  i               2    2[COMRAM] unsigned int 
   404 ;; Return value:  Size  Location     Type
   405 ;;		None               void
   406 ;; Registers used:
   407 ;;		wreg, status,2, status,0
   408 ;; Tracked objects:
   409 ;;		On entry : 0/0
   410 ;;		On exit  : 0/0
   411 ;;		Unchanged: 0/0
   412 ;; Data sizes:     COMRAM   BANK0   BANK1   BANK2   BANK3   BANK4   BANK5   BANK6   BANK7
   413 ;;      Params:         2       0       0       0       0       0       0       0       0
   414 ;;      Locals:         4       0       0       0       0       0       0       0       0
   415 ;;      Temps:          0       0       0       0       0       0       0       0       0
   416 ;;      Totals:         6       0       0       0       0       0       0       0       0
   417 ;;Total ram usage:        6 bytes
   418 ;; Hardware stack levels used:    1
   419 ;; This function calls:
   420 ;;		Nothing
   421 ;; This function is called by:
   422 ;;		_lcdreset
   423 ;; This function uses a non-reentrant model
   424 ;;
   425                           
   426                           	psect	text2
   427  007E60                     __ptext2:
   428                           	opt stack 0
   429  007E60                     _delay:
   430                           	opt stack 29
   431                           
   432                           ;newfile.c: 13: unsigned int i,j;
   433                           ;newfile.c: 14: for(i=0;i<t;i++)
   434                           
   435                           ;incstack = 0
   436  007E60  0E00               	movlw	0
   437  007E62  6E04               	movwf	delay@i+1,c
   438  007E64  0E00               	movlw	0
   439  007E66  6E03               	movwf	delay@i,c
   440  007E68  D010               	goto	l786
   441  007E6A                     l774:
   442                           
   443                           ;newfile.c: 15: {
   444                           ;newfile.c: 16: for(j=0;j<10;j++)
   445  007E6A  0E00               	movlw	0
   446  007E6C  6E06               	movwf	delay@j+1,c
   447  007E6E  0E00               	movlw	0
   448  007E70  6E05               	movwf	delay@j,c
   449  007E72                     l776:
   450  007E72  5006               	movf	delay@j+1,w,c
   451  007E74  E108               	bnz	l784
   452  007E76  0E0A               	movlw	10
   453  007E78  5C05               	subwf	delay@j,w,c
   454  007E7A  B0D8               	btfsc	status,0,c
   455  007E7C  D004               	goto	l784
   456  007E7E  0004               	clrwdt		;# 
   457  007E80  4A05               	infsnz	delay@j,f,c
   458  007E82  2A06               	incf	delay@j+1,f,c
   459  007E84  D7F6               	goto	l776
   460  007E86                     l784:
   461  007E86  4A03               	infsnz	delay@i,f,c
   462  007E88  2A04               	incf	delay@i+1,f,c
   463  007E8A                     l786:
   464  007E8A  5001               	movf	delay@t,w,c
   465  007E8C  5C03               	subwf	delay@i,w,c
   466  007E8E  5002               	movf	delay@t+1,w,c
   467  007E90  5804               	subwfb	delay@i+1,w,c
   468  007E92  B0D8               	btfsc	status,0,c
   469  007E94  0012               	return	
   470  007E96  D7E9               	goto	l774
   471  007E98                     __end_of_delay:
   472                           	opt stack 0
   473                           status	equ	0xFD8
   474                           
   475 ;; *************** function _lcd_write_char *****************
   476 ;; Defined at:
   477 ;;		line 87 in file "newfile.c"
   478 ;; Parameters:    Size  Location     Type
   479 ;;  x               1    wreg     unsigned char 
   480 ;;  y               1    4[COMRAM] unsigned char 
   481 ;;  buf             1    5[COMRAM] unsigned char 
   482 ;; Auto vars:     Size  Location     Type
   483 ;;  x               1    6[COMRAM] unsigned char 
   484 ;; Return value:  Size  Location     Type
   485 ;;		None               void
   486 ;; Registers used:
   487 ;;		wreg, status,2, status,0, cstack
   488 ;; Tracked objects:
   489 ;;		On entry : 0/0
   490 ;;		On exit  : 0/0
   491 ;;		Unchanged: 0/0
   492 ;; Data sizes:     COMRAM   BANK0   BANK1   BANK2   BANK3   BANK4   BANK5   BANK6   BANK7
   493 ;;      Params:         2       0       0       0       0       0       0       0       0
   494 ;;      Locals:         1       0       0       0       0       0       0       0       0
   495 ;;      Temps:          0       0       0       0       0       0       0       0       0
   496 ;;      Totals:         3       0       0       0       0       0       0       0       0
   497 ;;Total ram usage:        3 bytes
   498 ;; Hardware stack levels used:    1
   499 ;; Hardware stack levels required when called:    3
   500 ;; This function calls:
   501 ;;		_lcd_write_address
   502 ;;		_lcd_write_data
   503 ;; This function is called by:
   504 ;;		_main
   505 ;; This function uses a non-reentrant model
   506 ;;
   507                           
   508                           	psect	text3
   509  007E10                     __ptext3:
   510                           	opt stack 0
   511  007E10                     _lcd_write_char:
   512                           	opt stack 27
   513                           
   514                           ;incstack = 0
   515                           ;lcd_write_char@x stored from wreg
   516  007E10  6E07               	movwf	lcd_write_char@x,c
   517                           
   518                           ;newfile.c: 89: lcd_write_address(x,y);
   519  007E12  C005  F003         	movff	lcd_write_char@y,lcd_write_address@y
   520  007E16  5007               	movf	lcd_write_char@x,w,c
   521  007E18  EC1D  F03F         	call	_lcd_write_address
   522                           
   523                           ;newfile.c: 90: lcd_write_data(buf);
   524  007E1C  5006               	movf	lcd_write_char@buf,w,c
   525  007E1E  EC12  F03F         	call	_lcd_write_data
   526  007E22  0012               	return		;funcret
   527  007E24                     __end_of_lcd_write_char:
   528                           	opt stack 0
   529                           status	equ	0xFD8
   530                           
   531 ;; *************** function _lcd_write_data *****************
   532 ;; Defined at:
   533 ;;		line 51 in file "newfile.c"
   534 ;; Parameters:    Size  Location     Type
   535 ;;  databuf         1    wreg     unsigned char 
   536 ;; Auto vars:     Size  Location     Type
   537 ;;  databuf         1    0[COMRAM] unsigned char 
   538 ;; Return value:  Size  Location     Type
   539 ;;		None               void
   540 ;; Registers used:
   541 ;;		wreg, cstack
   542 ;; Tracked objects:
   543 ;;		On entry : 0/0
   544 ;;		On exit  : 0/0
   545 ;;		Unchanged: 0/0
   546 ;; Data sizes:     COMRAM   BANK0   BANK1   BANK2   BANK3   BANK4   BANK5   BANK6   BANK7
   547 ;;      Params:         0       0       0       0       0       0       0       0       0
   548 ;;      Locals:         1       0       0       0       0       0       0       0       0
   549 ;;      Temps:          0       0       0       0       0       0       0       0       0
   550 ;;      Totals:         1       0       0       0       0       0       0       0       0
   551 ;;Total ram usage:        1 bytes
   552 ;; Hardware stack levels used:    1
   553 ;; Hardware stack levels required when called:    1
   554 ;; This function calls:
   555 ;;		_lcd_wait_busy
   556 ;; This function is called by:
   557 ;;		_lcd_write_char
   558 ;; This function uses a non-reentrant model
   559 ;;
   560                           
   561                           	psect	text4
   562  007E24                     __ptext4:
   563                           	opt stack 0
   564  007E24                     _lcd_write_data:
   565                           	opt stack 28
   566                           
   567                           ;incstack = 0
   568                           ;lcd_write_data@databuf stored from wreg
   569  007E24  6E01               	movwf	lcd_write_data@databuf,c
   570                           
   571                           ;newfile.c: 53: lcd_wait_busy();
   572  007E26  ECF6  F03E         	call	_lcd_wait_busy	;wreg free
   573                           
   574                           ;newfile.c: 54: RB5=1;
   575  007E2A  8A81               	bsf	3969,5,c	;volatile
   576                           
   577                           ;newfile.c: 55: RB4=0;
   578  007E2C  9881               	bcf	3969,4,c	;volatile
   579                           
   580                           ;newfile.c: 56: PORTD=databuf;
   581  007E2E  C001  FF83         	movff	lcd_write_data@databuf,3971	;volatile
   582                           
   583                           ;newfile.c: 57: RB3=1;
   584  007E32  8681               	bsf	3969,3,c	;volatile
   585  007E34  F000               	nop		;# 
   586                           
   587                           ;newfile.c: 59: RB3=0;
   588  007E36  9681               	bcf	3969,3,c	;volatile
   589  007E38  0012               	return		;funcret
   590  007E3A                     __end_of_lcd_write_data:
   591                           	opt stack 0
   592                           status	equ	0xFD8
   593                           
   594 ;; *************** function _lcd_write_address *****************
   595 ;; Defined at:
   596 ;;		line 62 in file "newfile.c"
   597 ;; Parameters:    Size  Location     Type
   598 ;;  x               1    wreg     unsigned char 
   599 ;;  y               1    2[COMRAM] unsigned char 
   600 ;; Auto vars:     Size  Location     Type
   601 ;;  x               1    3[COMRAM] unsigned char 
   602 ;; Return value:  Size  Location     Type
   603 ;;		None               void
   604 ;; Registers used:
   605 ;;		wreg, status,2, status,0, cstack
   606 ;; Tracked objects:
   607 ;;		On entry : 0/0
   608 ;;		On exit  : 0/0
   609 ;;		Unchanged: 0/0
   610 ;; Data sizes:     COMRAM   BANK0   BANK1   BANK2   BANK3   BANK4   BANK5   BANK6   BANK7
   611 ;;      Params:         1       0       0       0       0       0       0       0       0
   612 ;;      Locals:         1       0       0       0       0       0       0       0       0
   613 ;;      Temps:          0       0       0       0       0       0       0       0       0
   614 ;;      Totals:         2       0       0       0       0       0       0       0       0
   615 ;;Total ram usage:        2 bytes
   616 ;; Hardware stack levels used:    1
   617 ;; Hardware stack levels required when called:    2
   618 ;; This function calls:
   619 ;;		_lcd_write_com_busy
   620 ;; This function is called by:
   621 ;;		_lcd_write_char
   622 ;; This function uses a non-reentrant model
   623 ;;
   624                           
   625                           	psect	text5
   626  007E3A                     __ptext5:
   627                           	opt stack 0
   628  007E3A                     _lcd_write_address:
   629                           	opt stack 27
   630                           
   631                           ;incstack = 0
   632                           ;lcd_write_address@x stored from wreg
   633  007E3A  6E04               	movwf	lcd_write_address@x,c
   634                           
   635                           ;newfile.c: 64: x&=0x0f;
   636  007E3C  0E0F               	movlw	15
   637  007E3E  1604               	andwf	lcd_write_address@x,f,c
   638                           
   639                           ;newfile.c: 65: y&=0x01;
   640  007E40  0E01               	movlw	1
   641  007E42  1603               	andwf	lcd_write_address@y,f,c
   642                           
   643                           ;newfile.c: 66: if(y==0x00)
   644  007E44  5003               	movf	lcd_write_address@y,w,c
   645  007E46  A4D8               	btfss	status,2,c
   646  007E48  D005               	goto	l794
   647                           
   648                           ;newfile.c: 67: lcd_write_com_busy(x|0x80);
   649  007E4A  5004               	movf	lcd_write_address@x,w,c
   650  007E4C  0980               	iorlw	128
   651  007E4E  ECEF  F03E         	call	_lcd_write_com_busy
   652  007E52  0012               	return	
   653  007E54                     l794:
   654                           
   655                           ;newfile.c: 68: else
   656                           ;newfile.c: 69: lcd_write_com_busy((x+0x40)|0x80);
   657  007E54  5004               	movf	lcd_write_address@x,w,c
   658  007E56  0F40               	addlw	64
   659  007E58  0980               	iorlw	128
   660  007E5A  ECEF  F03E         	call	_lcd_write_com_busy
   661  007E5E  0012               	return	
   662  007E60                     __end_of_lcd_write_address:
   663                           	opt stack 0
   664                           status	equ	0xFD8
   665                           
   666 ;; *************** function _lcd_write_com_busy *****************
   667 ;; Defined at:
   668 ;;		line 45 in file "newfile.c"
   669 ;; Parameters:    Size  Location     Type
   670 ;;  combuf          1    wreg     unsigned char 
   671 ;; Auto vars:     Size  Location     Type
   672 ;;  combuf          1    1[COMRAM] unsigned char 
   673 ;; Return value:  Size  Location     Type
   674 ;;		None               void
   675 ;; Registers used:
   676 ;;		wreg, status,2, cstack
   677 ;; Tracked objects:
   678 ;;		On entry : 0/0
   679 ;;		On exit  : 0/0
   680 ;;		Unchanged: 0/0
   681 ;; Data sizes:     COMRAM   BANK0   BANK1   BANK2   BANK3   BANK4   BANK5   BANK6   BANK7
   682 ;;      Params:         0       0       0       0       0       0       0       0       0
   683 ;;      Locals:         1       0       0       0       0       0       0       0       0
   684 ;;      Temps:          0       0       0       0       0       0       0       0       0
   685 ;;      Totals:         1       0       0       0       0       0       0       0       0
   686 ;;Total ram usage:        1 bytes
   687 ;; Hardware stack levels used:    1
   688 ;; Hardware stack levels required when called:    1
   689 ;; This function calls:
   690 ;;		_lcd_wait_busy
   691 ;;		_lcd_write_com
   692 ;; This function is called by:
   693 ;;		_lcd_write_address
   694 ;;		_lcdreset
   695 ;; This function uses a non-reentrant model
   696 ;;
   697                           
   698                           	psect	text6
   699  007DDE                     __ptext6:
   700                           	opt stack 0
   701  007DDE                     _lcd_write_com_busy:
   702                           	opt stack 28
   703                           
   704                           ;incstack = 0
   705                           ;lcd_write_com_busy@combuf stored from wreg
   706  007DDE  6E02               	movwf	lcd_write_com_busy@combuf,c
   707                           
   708                           ;newfile.c: 47: lcd_wait_busy();
   709  007DE0  ECF6  F03E         	call	_lcd_wait_busy	;wreg free
   710                           
   711                           ;newfile.c: 48: lcd_write_com(combuf);
   712  007DE4  5002               	movf	lcd_write_com_busy@combuf,w,c
   713  007DE6  ECFF  F03E         	call	_lcd_write_com
   714  007DEA  0012               	return		;funcret
   715  007DEC                     __end_of_lcd_write_com_busy:
   716                           	opt stack 0
   717                           status	equ	0xFD8
   718                           
   719 ;; *************** function _lcd_write_com *****************
   720 ;; Defined at:
   721 ;;		line 35 in file "newfile.c"
   722 ;; Parameters:    Size  Location     Type
   723 ;;  combuf          1    wreg     unsigned char 
   724 ;; Auto vars:     Size  Location     Type
   725 ;;  combuf          1    0[COMRAM] unsigned char 
   726 ;; Return value:  Size  Location     Type
   727 ;;		None               void
   728 ;; Registers used:
   729 ;;		wreg
   730 ;; Tracked objects:
   731 ;;		On entry : 0/0
   732 ;;		On exit  : 0/0
   733 ;;		Unchanged: 0/0
   734 ;; Data sizes:     COMRAM   BANK0   BANK1   BANK2   BANK3   BANK4   BANK5   BANK6   BANK7
   735 ;;      Params:         0       0       0       0       0       0       0       0       0
   736 ;;      Locals:         1       0       0       0       0       0       0       0       0
   737 ;;      Temps:          0       0       0       0       0       0       0       0       0
   738 ;;      Totals:         1       0       0       0       0       0       0       0       0
   739 ;;Total ram usage:        1 bytes
   740 ;; Hardware stack levels used:    1
   741 ;; This function calls:
   742 ;;		Nothing
   743 ;; This function is called by:
   744 ;;		_lcd_write_com_busy
   745 ;;		_lcdreset
   746 ;; This function uses a non-reentrant model
   747 ;;
   748                           
   749                           	psect	text7
   750  007DFE                     __ptext7:
   751                           	opt stack 0
   752  007DFE                     _lcd_write_com:
   753                           	opt stack 28
   754                           
   755                           ;incstack = 0
   756                           ;lcd_write_com@combuf stored from wreg
   757  007DFE  6E01               	movwf	lcd_write_com@combuf,c
   758                           
   759                           ;newfile.c: 37: RB5=0;
   760  007E00  9A81               	bcf	3969,5,c	;volatile
   761                           
   762                           ;newfile.c: 38: RB4=0;
   763  007E02  9881               	bcf	3969,4,c	;volatile
   764                           
   765                           ;newfile.c: 39: PORTD=combuf;
   766  007E04  C001  FF83         	movff	lcd_write_com@combuf,3971	;volatile
   767                           
   768                           ;newfile.c: 40: RB3=1;
   769  007E08  8681               	bsf	3969,3,c	;volatile
   770  007E0A  F000               	nop		;# 
   771                           
   772                           ;newfile.c: 42: RB3=0;
   773  007E0C  9681               	bcf	3969,3,c	;volatile
   774  007E0E  0012               	return		;funcret
   775  007E10                     __end_of_lcd_write_com:
   776                           	opt stack 0
   777                           status	equ	0xFD8
   778                           
   779 ;; *************** function _lcd_wait_busy *****************
   780 ;; Defined at:
   781 ;;		line 24 in file "newfile.c"
   782 ;; Parameters:    Size  Location     Type
   783 ;;		None
   784 ;; Auto vars:     Size  Location     Type
   785 ;;		None
   786 ;; Return value:  Size  Location     Type
   787 ;;		None               void
   788 ;; Registers used:
   789 ;;		None
   790 ;; Tracked objects:
   791 ;;		On entry : 0/0
   792 ;;		On exit  : 0/0
   793 ;;		Unchanged: 0/0
   794 ;; Data sizes:     COMRAM   BANK0   BANK1   BANK2   BANK3   BANK4   BANK5   BANK6   BANK7
   795 ;;      Params:         0       0       0       0       0       0       0       0       0
   796 ;;      Locals:         0       0       0       0       0       0       0       0       0
   797 ;;      Temps:          0       0       0       0       0       0       0       0       0
   798 ;;      Totals:         0       0       0       0       0       0       0       0       0
   799 ;;Total ram usage:        0 bytes
   800 ;; Hardware stack levels used:    1
   801 ;; This function calls:
   802 ;;		Nothing
   803 ;; This function is called by:
   804 ;;		_lcd_write_com_busy
   805 ;;		_lcd_write_data
   806 ;; This function uses a non-reentrant model
   807 ;;
   808                           
   809                           	psect	text8
   810  007DEC                     __ptext8:
   811                           	opt stack 0
   812  007DEC                     _lcd_wait_busy:
   813                           	opt stack 28
   814                           
   815                           ;newfile.c: 26: TRISD7=1;
   816                           
   817                           ;incstack = 0
   818  007DEC  8E95               	bsf	3989,7,c	;volatile
   819                           
   820                           ;newfile.c: 27: RB5=0;
   821  007DEE  9A81               	bcf	3969,5,c	;volatile
   822                           
   823                           ;newfile.c: 28: RB4=1;
   824  007DF0  8881               	bsf	3969,4,c	;volatile
   825                           
   826                           ;newfile.c: 29: RB3=1;
   827  007DF2  8681               	bsf	3969,3,c	;volatile
   828  007DF4                     l31:
   829  007DF4  BE83               	btfsc	3971,7,c	;volatile
   830  007DF6  D7FE               	goto	l31
   831                           
   832                           ;newfile.c: 31: RB3=0;
   833  007DF8  9681               	bcf	3969,3,c	;volatile
   834                           
   835                           ;newfile.c: 32: TRISD7=0;
   836  007DFA  9E95               	bcf	3989,7,c	;volatile
   837  007DFC  0012               	return		;funcret
   838  007DFE                     __end_of_lcd_wait_busy:
   839                           	opt stack 0
   840  0000                     status	equ	0xFD8
   841                           status	equ	0xFD8
   842                           
   843                           	psect	rparam
   844  0000                     status	equ	0xFD8


Data Sizes:
    Strings     0
    Constant    0
    Data        0
    BSS         0
    Persistent  0
    Stack       0

Auto Spaces:
    Space          Size  Autos    Used
    COMRAM           95      7       7
    BANK0           160      0       0
    BANK1           256      0       0
    BANK2           256      0       0
    BANK3           256      0       0
    BANK4           256      0       0
    BANK5           256      0       0
    BANK6           256      0       0
    BANK7           256      0       0

Pointer List with Targets:

    None.

Critical Paths under _main in COMRAM

    _main->_lcd_write_char
    _lcdreset->_delay
    _lcd_write_char->_lcd_write_address
    _lcd_write_address->_lcd_write_com_busy
    _lcd_write_com_busy->_lcd_write_com

Critical Paths under _main in BANK0

    None.

Critical Paths under _main in BANK1

    None.

Critical Paths under _main in BANK2

    None.

Critical Paths under _main in BANK3

    None.

Critical Paths under _main in BANK4

    None.

Critical Paths under _main in BANK5

    None.

Critical Paths under _main in BANK6

    None.

Critical Paths under _main in BANK7

    None.

Call Graph Tables:

 ---------------------------------------------------------------------------------
 (Depth) Function   	        Calls       Base Space   Used Autos Params    Refs
 ---------------------------------------------------------------------------------
 (0) _main                                                 0     0      0    2036
                     _lcd_write_char
                           _lcdreset
 ---------------------------------------------------------------------------------
 (1) _lcdreset                                             0     0      0     266
                              _delay
                      _lcd_write_com
                 _lcd_write_com_busy
 ---------------------------------------------------------------------------------
 (2) _delay                                                6     4      2     221
                                              0 COMRAM     6     4      2
 ---------------------------------------------------------------------------------
 (1) _lcd_write_char                                       3     1      2    1770
                                              4 COMRAM     3     1      2
                  _lcd_write_address
                     _lcd_write_data
 ---------------------------------------------------------------------------------
 (2) _lcd_write_data                                       1     1      0      15
                                              0 COMRAM     1     1      0
                      _lcd_wait_busy
 ---------------------------------------------------------------------------------
 (2) _lcd_write_address                                    2     1      1     141
                                              2 COMRAM     2     1      1
                 _lcd_write_com_busy
 ---------------------------------------------------------------------------------
 (2) _lcd_write_com_busy                                   1     1      0      30
                                              1 COMRAM     1     1      0
                      _lcd_wait_busy
                      _lcd_write_com
 ---------------------------------------------------------------------------------
 (3) _lcd_write_com                                        1     1      0      15
                                              0 COMRAM     1     1      0
 ---------------------------------------------------------------------------------
 (3) _lcd_wait_busy                                        0     0      0       0
 ---------------------------------------------------------------------------------
 Estimated maximum stack depth 3
 ---------------------------------------------------------------------------------

 Call Graph Graphs:

 _main (ROOT)
   _lcd_write_char
     _lcd_write_address
       _lcd_write_com_busy
         _lcd_wait_busy
         _lcd_write_com
     _lcd_write_data
       _lcd_wait_busy
   _lcdreset
     _delay
     _lcd_write_com
     _lcd_write_com_busy
       _lcd_wait_busy
       _lcd_write_com

 Address spaces:
Name               Size   Autos  Total    Cost      Usage
BITCOMRAM           5F      0       0       0        0.0%
EEDATA             100      0       0       0        0.0%
NULL                 0      0       0       0        0.0%
CODE                 0      0       0       0        0.0%
COMRAM              5F      7       7       1        7.4%
STACK                0      0       0       2        0.0%
DATA                 0      0       0       3        0.0%
BITBANK0            A0      0       0       4        0.0%
BANK0               A0      0       0       5        0.0%
BITBANK1           100      0       0       6        0.0%
BANK1              100      0       0       7        0.0%
BITBANK2           100      0       0       8        0.0%
BANK2              100      0       0       9        0.0%
BITBANK3           100      0       0      10        0.0%
BANK3              100      0       0      11        0.0%
BITBANK4           100      0       0      12        0.0%
BANK4              100      0       0      13        0.0%
BITBANK5           100      0       0      14        0.0%
BANK5              100      0       0      15        0.0%
BITBANK6           100      0       0      16        0.0%
BANK6              100      0       0      17        0.0%
BITBANK7           100      0       0      18        0.0%
BANK7              100      0       0      19        0.0%
ABS                  0      0       0      20        0.0%
BIGRAM             7FF      0       0      21        0.0%
BITSFR               0      0       0      40        0.0%
SFR                  0      0       0      40        0.0%


Microchip Technology PIC18 Macro Assembler V1.35 build -356382666 
Symbol Table                                                                                   Tue Aug 25 14:42:24 2015

                         l31 7DF4                           l58 7FFE                  __CFG_BORV$1 000000  
                        l774 7E6A                          l784 7E86                          l776 7E72  
                        l794 7E54                          l786 7E8A                          _RB3 007C0B  
                        _RB4 007C0C                          _RB5 007C0D                          _RD7 007C1F  
             ?_lcd_wait_busy 0001                 __CFG_FOSC$HS 000000                 __CFG_LVP$OFF 000000  
               __CFG_WDT$OFF 000000              lcd_write_char@x 0007              lcd_write_char@y 0005  
      lcd_write_data@databuf 0001       __end_of_lcd_write_char 7E24       __end_of_lcd_write_data 7E3A  
                       _main 7EEE               ?_lcd_write_com 0001                         start 0000  
              __CFG_MCLRE$ON 000000                 ___param_bank 000010                        ?_main 0001  
                      _PORTD 000F83                        _TRISB 000F93                        _TRISD 000F95  
                      _delay 7E60              ?_lcd_write_char 0005              ?_lcd_write_data 0001  
                      status 000FD8   __size_of_lcd_write_address 0026              __initialization 7DD8  
               __end_of_main 8000              ??_lcd_wait_busy 0001                       ??_main 0008  
              __activetblptr 000000                       ?_delay 0001                       _ADCON1 000FC1  
                     _OSCCON 000FD3              ??_lcd_write_com 0001                       _TRISD7 007CAF  
          lcd_write_char@buf 0006               __CFG_XINST$OFF 000000             __end_of_lcdreset 7EEE  
                     delay@i 0003                       delay@j 0005                       delay@t 0001  
   lcd_write_com_busy@combuf 0002                   __accesstop 0060      __end_of__initialization 7DD8  
            __CFG_PBADEN$OFF 000000                ___rparam_used 000001  __size_of_lcd_write_com_busy 000E  
             __pcstackCOMRAM 0001                __end_of_delay 7E98                      ??_delay 0003  
           ??_lcd_write_char 0007             ??_lcd_write_data 0001           lcd_write_address@x 0004  
         lcd_write_address@y 0003                    ?_lcdreset 0001                      __Hparam 0000  
                    __Lparam 0000                      __pcinit 7DD8                      __ramtop 0800  
                    __ptext0 7EEE                      __ptext1 7E98                      __ptext2 7E60  
                    __ptext3 7E10                      __ptext4 7E24                      __ptext5 7E3A  
                    __ptext6 7DDE                      __ptext7 7DFE                      __ptext8 7DEC  
       end_of_initialization 7DD8                   ??_lcdreset 0007        __end_of_lcd_wait_busy 7DFE  
      __end_of_lcd_write_com 7E10          start_initialization 7DD8   __end_of_lcd_write_com_busy 7DEC  
         __CFG_BOR$ON_ACTIVE 000000            __size_of_lcdreset 0056               __size_of_delay 0038  
        lcd_write_com@combuf 0001      __size_of_lcd_write_char 0014      __size_of_lcd_write_data 0016  
                   __Hrparam 0000                     __Lrparam 0000                     _lcdreset 7E98  
              __size_of_main 0112       __size_of_lcd_wait_busy 0012           _lcd_write_com_busy 7DDE  
     __size_of_lcd_write_com 0012          ?_lcd_write_com_busy 0001         ??_lcd_write_com_busy 0002  
          _lcd_write_address 7E3A           ?_lcd_write_address 0003          ??_lcd_write_address 0004  
              _lcd_wait_busy 7DEC               _lcd_write_char 7E10               _lcd_write_data 7E24  
  __end_of_lcd_write_address 7E60                _lcd_write_com 7DFE  
