

Microchip Technology PIC18 LITE Macro Assembler V1.35 build -356382666 
                                                                                               Mon Aug 24 10:22:58 2015

Microchip Technology Omniscient Code Generator v1.35 (Free mode) build 201507080246
     1                           	processor	18F4550
     2                           	fnconf	rparam,??,?,0
     3                           	opt	pw 120
     4                           	opt	lm
     5                           	psect	smallconst,global,reloc=2,class=SMALLCONST,delta=1
     6                           	psect	cinit,global,reloc=2,class=CODE,delta=1
     7                           	psect	bssCOMRAM,global,class=COMRAM,space=1,delta=1
     8                           	psect	cstackCOMRAM,global,class=COMRAM,space=1,delta=1
     9                           	psect	text0,global,reloc=2,class=CODE,delta=1
    10                           	psect	text1,global,reloc=2,class=CODE,delta=1
    11                           	psect	intsave_regs,global,class=BIGRAM,space=1,delta=1
    12                           	psect	rparam,global,class=COMRAM,space=1,delta=1
    13  0000                     
    14                           	psect	smallconst
    15  000800                     __psmallconst:
    16                           	opt stack 0
    17  000800  00                 	db	0
    18  000801                     _han:
    19                           	opt stack 0
    20  000801  00                 	db	0
    21  000802  FE                 	db	254
    22  000803  02                 	db	2
    23  000804  0A                 	db	10
    24  000805  8A                 	db	138
    25  000806  8A                 	db	138
    26  000807  8A                 	db	138
    27  000808  FA                 	db	250
    28  000809  8A                 	db	138
    29  00080A  8A                 	db	138
    30  00080B  8A                 	db	138
    31  00080C  0A                 	db	10
    32  00080D  02                 	db	2
    33  00080E  FE                 	db	254
    34  00080F  00                 	db	0
    35  000810  00                 	db	0
    36  000811  00                 	db	0
    37  000812  FF                 	db	255
    38  000813  40                 	db	64
    39  000814  48                 	db	72
    40  000815  48                 	db	72
    41  000816  48                 	db	72
    42  000817  48                 	db	72
    43  000818  4F                 	db	79
    44  000819  48                 	db	72
    45  00081A  49                 	db	73
    46  00081B  4E                 	db	78
    47  00081C  48                 	db	72
    48  00081D  40                 	db	64
    49  00081E  FF                 	db	255
    50  00081F  00                 	db	0
    51  000820  00                 	db	0
    52  000821                     __end_of_han:
    53                           	opt stack 0
    54  0000                     _ADCON1	set	4033
    55  0000                     _OSCCON	set	4051
    56  0000                     _PORTA	set	3968
    57  0000                     _PORTB	set	3969
    58  0000                     _PORTD	set	3971
    59  0000                     _TRISA	set	3986
    60  0000                     _TRISB	set	3987
    61  0000                     _TRISD	set	3989
    62  0000                     _RA3	set	31747
    63  0000                     _RA4	set	31748
    64  0000                     _USBEN	set	31595
    65  0000                     _UTRDIS	set	31611
    66                           
    67                           ; #config settings
    68  000821  00                 	db	0	; dummy byte at the end
    69  0000                     
    70                           	psect	cinit
    71  0008BA                     __pcinit:
    72                           	opt stack 0
    73  0008BA                     start_initialization:
    74                           	opt stack 0
    75  0008BA                     __initialization:
    76                           	opt stack 0
    77                           
    78                           ; Clear objects allocated to COMRAM (1 bytes)
    79  0008BA  6A01               	clrf	__pbssCOMRAM& (0+255),c
    80  0008BC                     end_of_initialization:
    81                           	opt stack 0
    82  0008BC                     __end_of__initialization:
    83                           	opt stack 0
    84  0008BC  0E00               	movlw	low (__Lsmallconst shr (0+16))
    85  0008BE  6EF8               	movwf	tblptru,c
    86  0008C0  0E08               	movlw	high __Lsmallconst
    87  0008C2  6EF7               	movwf	tblptrh,c
    88  0008C4  0100               	movlb	0
    89  0008C6  EF40  F004         	goto	_main	;jump to C main() function
    90                           tblptru	equ	0xFF8
    91                           tblptrh	equ	0xFF7
    92                           
    93                           	psect	bssCOMRAM
    94  000001                     __pbssCOMRAM:
    95                           	opt stack 0
    96  000001                     _m:
    97                           	opt stack 0
    98  000001                     	ds	1
    99                           tblptru	equ	0xFF8
   100                           tblptrh	equ	0xFF7
   101                           
   102                           	psect	cstackCOMRAM
   103  000002                     __pcstackCOMRAM:
   104                           	opt stack 0
   105  000002                     main@k:
   106                           	opt stack 0
   107                           
   108                           ; 1 bytes @ 0x0
   109  000002                     	ds	1
   110                           tblptru	equ	0xFF8
   111                           tblptrh	equ	0xFF7
   112                           
   113 ;;
   114 ;;Main: autosize = 0, tempsize = 0, incstack = 0, save=0
   115 ;;
   116 ;; *************** function _main *****************
   117 ;; Defined at:
   118 ;;		line 44 in file "newmain.c"
   119 ;; Parameters:    Size  Location     Type
   120 ;;		None
   121 ;; Auto vars:     Size  Location     Type
   122 ;;  k               1    0[COMRAM] unsigned char 
   123 ;; Return value:  Size  Location     Type
   124 ;;		None               void
   125 ;; Registers used:
   126 ;;		wreg, status,2, status,0, tblptrl, tblptrh, tblptru, prodl, prodh, cstack
   127 ;; Tracked objects:
   128 ;;		On entry : 0/0
   129 ;;		On exit  : 0/0
   130 ;;		Unchanged: 0/0
   131 ;; Data sizes:     COMRAM   BANK0   BANK1   BANK2   BANK3   BANK4   BANK5   BANK6   BANK7
   132 ;;      Params:         0       0       0       0       0       0       0       0       0
   133 ;;      Locals:         1       0       0       0       0       0       0       0       0
   134 ;;      Temps:          0       0       0       0       0       0       0       0       0
   135 ;;      Totals:         1       0       0       0       0       0       0       0       0
   136 ;;Total ram usage:        1 bytes
   137 ;; Hardware stack levels required when called:    1
   138 ;; This function calls:
   139 ;;		_disp16_16
   140 ;; This function is called by:
   141 ;;		Startup code after reset
   142 ;; This function uses a non-reentrant model
   143 ;;
   144                           
   145                           	psect	text0
   146  000880                     __ptext0:
   147                           	opt stack 0
   148  000880                     _main:
   149                           	opt stack 30
   150                           
   151                           ;newmain.c: 46: unsigned char k;
   152                           ;newmain.c: 47: OSCCON=0X00;
   153                           
   154                           ;incstack = 0
   155  000880  0E00               	movlw	0
   156  000882  6ED3               	movwf	4051,c	;volatile
   157                           
   158                           ;newmain.c: 48: ADCON1=0X0f;
   159  000884  0E0F               	movlw	15
   160  000886  6EC1               	movwf	4033,c	;volatile
   161                           
   162                           ;newmain.c: 49: TRISB=0B00000000;
   163  000888  0E00               	movlw	0
   164  00088A  6E93               	movwf	3987,c	;volatile
   165                           
   166                           ;newmain.c: 50: PORTB=0B00000000;
   167  00088C  0E00               	movlw	0
   168  00088E  6E81               	movwf	3969,c	;volatile
   169                           
   170                           ;newmain.c: 51: TRISD=0B00000000;
   171  000890  0E00               	movlw	0
   172  000892  6E95               	movwf	3989,c	;volatile
   173                           
   174                           ;newmain.c: 52: PORTD=0B00000000;
   175  000894  0E00               	movlw	0
   176  000896  6E83               	movwf	3971,c	;volatile
   177                           
   178                           ;newmain.c: 53: TRISA=0B00000000;
   179  000898  0E00               	movlw	0
   180  00089A  6E92               	movwf	3986,c	;volatile
   181                           
   182                           ;newmain.c: 54: PORTA=0B00000000;
   183  00089C  0E00               	movlw	0
   184  00089E  6E80               	movwf	3968,c	;volatile
   185                           
   186                           ;newmain.c: 55: USBEN=0;
   187  0008A0  966D               	bcf	3949,3,c	;volatile
   188                           
   189                           ;newmain.c: 56: UTRDIS=1;
   190  0008A2  866F               	bsf	3951,3,c	;volatile
   191  0008A4                     l39:
   192                           
   193                           ;newmain.c: 58: {
   194                           ;newmain.c: 59: for(k=0;k<70;k++);
   195  0008A4  0E00               	movlw	0
   196  0008A6  6E02               	movwf	main@k,c
   197  0008A8                     l664:
   198  0008A8  0E45               	movlw	69
   199  0008AA  6402               	cpfsgt	main@k,c
   200  0008AC  D001               	goto	l668
   201  0008AE  D002               	goto	l672
   202  0008B0                     l668:
   203  0008B0  2A02               	incf	main@k,f,c
   204  0008B2  D7FA               	goto	l664
   205  0008B4                     l672:
   206                           
   207                           ;newmain.c: 60: disp16_16();
   208  0008B4  EC11  F004         	call	_disp16_16	;wreg free
   209  0008B8  D7F5               	goto	l39
   210  0008BA                     __end_of_main:
   211                           	opt stack 0
   212                           tblptru	equ	0xFF8
   213                           tblptrh	equ	0xFF7
   214                           
   215 ;; *************** function _disp16_16 *****************
   216 ;; Defined at:
   217 ;;		line 30 in file "newmain.c"
   218 ;; Parameters:    Size  Location     Type
   219 ;;		None
   220 ;; Auto vars:     Size  Location     Type
   221 ;;		None
   222 ;; Return value:  Size  Location     Type
   223 ;;		None               void
   224 ;; Registers used:
   225 ;;		wreg, status,2, status,0, tblptrl, tblptrh, tblptru, prodl, prodh
   226 ;; Tracked objects:
   227 ;;		On entry : 0/0
   228 ;;		On exit  : 0/0
   229 ;;		Unchanged: 0/0
   230 ;; Data sizes:     COMRAM   BANK0   BANK1   BANK2   BANK3   BANK4   BANK5   BANK6   BANK7
   231 ;;      Params:         0       0       0       0       0       0       0       0       0
   232 ;;      Locals:         0       0       0       0       0       0       0       0       0
   233 ;;      Temps:          0       0       0       0       0       0       0       0       0
   234 ;;      Totals:         0       0       0       0       0       0       0       0       0
   235 ;;Total ram usage:        0 bytes
   236 ;; Hardware stack levels used:    1
   237 ;; This function calls:
   238 ;;		Nothing
   239 ;; This function is called by:
   240 ;;		_main
   241 ;; This function uses a non-reentrant model
   242 ;;
   243                           
   244                           	psect	text1
   245  000822                     __ptext1:
   246                           	opt stack 0
   247  000822                     _disp16_16:
   248                           	opt stack 30
   249                           
   250                           ;newmain.c: 32: if(++m>31) m=0;
   251                           
   252                           ;incstack = 0
   253  000822  2A01               	incf	_m,f,c
   254  000824  0E1F               	movlw	31
   255  000826  6401               	cpfsgt	_m,c
   256  000828  D002               	goto	l31
   257  00082A  0E00               	movlw	0
   258  00082C  6E01               	movwf	_m,c
   259  00082E                     l31:
   260                           
   261                           ;newmain.c: 33: PORTD=0;
   262  00082E  0E00               	movlw	0
   263  000830  6E83               	movwf	3971,c	;volatile
   264                           
   265                           ;newmain.c: 34: PORTB=0;
   266  000832  0E00               	movlw	0
   267  000834  6E81               	movwf	3969,c	;volatile
   268                           
   269                           ;newmain.c: 35: PORTA=0;
   270  000836  0E00               	movlw	0
   271  000838  6E80               	movwf	3968,c	;volatile
   272                           
   273                           ;newmain.c: 36: if(m<16) PORTB=(han[m]);
   274  00083A  0E10               	movlw	16
   275  00083C  6001               	cpfslt	_m,c
   276  00083E  D00C               	goto	l650
   277  000840  5001               	movf	_m,w,c
   278  000842  0D01               	mullw	1
   279  000844  0E01               	movlw	low _han
   280  000846  24F3               	addwf	prodl,w,c
   281  000848  6EF6               	movwf	tblptrl,c
   282  00084A  0E08               	movlw	high _han
   283  00084C  20F4               	addwfc	prodh,w,c
   284  00084E  6EF7               	movwf	tblptrh,c
   285  000850                     	if	0	;There are less than 3 active tblptr bytes
   286  000850                     	endif
   287  000850  0008               	tblrd		*
   288  000852  CFF5 FF81          	movff	tablat,3969	;volatile
   289  000856  D00B               	goto	l652
   290  000858                     l650:
   291                           
   292                           ;newmain.c: 37: else PORTD=(han[m]);
   293  000858  5001               	movf	_m,w,c
   294  00085A  0D01               	mullw	1
   295  00085C  0E01               	movlw	low _han
   296  00085E  24F3               	addwf	prodl,w,c
   297  000860  6EF6               	movwf	tblptrl,c
   298  000862  0E08               	movlw	high _han
   299  000864  20F4               	addwfc	prodh,w,c
   300  000866  6EF7               	movwf	tblptrh,c
   301  000868                     	if	0	;There are less than 3 active tblptr bytes
   302  000868                     	endif
   303  000868  0008               	tblrd		*
   304  00086A  CFF5 FF83          	movff	tablat,3971	;volatile
   305  00086E                     l652:
   306                           
   307                           ;newmain.c: 38: PORTA|=(m&0x07);
   308  00086E  5001               	movf	_m,w,c
   309  000870  0B07               	andlw	7
   310  000872  1280               	iorwf	3968,f,c	;volatile
   311                           
   312                           ;newmain.c: 39: if((m&0x08)>0) RA3=1;
   313  000874  A601               	btfss	_m,3,c
   314  000876  D002               	goto	l34
   315  000878  8680               	bsf	3968,3,c	;volatile
   316  00087A  0012               	return	
   317  00087C                     l34:
   318                           
   319                           ;newmain.c: 40: else RA4=1;
   320  00087C  8880               	bsf	3968,4,c	;volatile
   321  00087E  0012               	return	
   322  000880                     __end_of_disp16_16:
   323                           	opt stack 0
   324                           tblptru	equ	0xFF8
   325                           tblptrh	equ	0xFF7
   326                           tblptrl	equ	0xFF6
   327                           tablat	equ	0xFF5
   328                           prodh	equ	0xFF4
   329                           prodl	equ	0xFF3
   330                           tblptru	equ	0xFF8
   331                           tblptrh	equ	0xFF7
   332                           tblptrl	equ	0xFF6
   333                           tablat	equ	0xFF5
   334                           prodh	equ	0xFF4
   335                           prodl	equ	0xFF3
   336                           
   337                           	psect	rparam
   338  0000                     tblptru	equ	0xFF8
   339                           tblptrh	equ	0xFF7
   340                           tblptrl	equ	0xFF6
   341                           tablat	equ	0xFF5
   342                           prodh	equ	0xFF4
   343                           prodl	equ	0xFF3


Data Sizes:
    Strings     0
    Constant    32
    Data        0
    BSS         1
    Persistent  0
    Stack       0

Auto Spaces:
    Space          Size  Autos    Used
    COMRAM           95      1       2
    BANK0           160      0       0
    BANK1           256      0       0
    BANK2           256      0       0
    BANK3           256      0       0
    BANK4           256      0       0
    BANK5           256      0       0
    BANK6           256      0       0
    BANK7           256      0       0

Pointer List with Targets:

    None.

Critical Paths under _main in COMRAM

    None.

Critical Paths under _main in BANK0

    None.

Critical Paths under _main in BANK1

    None.

Critical Paths under _main in BANK2

    None.

Critical Paths under _main in BANK3

    None.

Critical Paths under _main in BANK4

    None.

Critical Paths under _main in BANK5

    None.

Critical Paths under _main in BANK6

    None.

Critical Paths under _main in BANK7

    None.

Call Graph Tables:

 ---------------------------------------------------------------------------------
 (Depth) Function   	        Calls       Base Space   Used Autos Params    Refs
 ---------------------------------------------------------------------------------
 (0) _main                                                 1     1      0      30
                                              0 COMRAM     1     1      0
                          _disp16_16
 ---------------------------------------------------------------------------------
 (1) _disp16_16                                            0     0      0       0
 ---------------------------------------------------------------------------------
 Estimated maximum stack depth 1
 ---------------------------------------------------------------------------------

 Call Graph Graphs:

 _main (ROOT)
   _disp16_16

 Address spaces:
Name               Size   Autos  Total    Cost      Usage
BIGRAM             7FF      0       0      21        0.0%
EEDATA             100      0       0       0        0.0%
BITBANK7           100      0       0      18        0.0%
BANK7              100      0       0      19        0.0%
BITBANK6           100      0       0      16        0.0%
BANK6              100      0       0      17        0.0%
BITBANK5           100      0       0      14        0.0%
BANK5              100      0       0      15        0.0%
BITBANK4           100      0       0      12        0.0%
BANK4              100      0       0      13        0.0%
BITBANK3           100      0       0      10        0.0%
BANK3              100      0       0      11        0.0%
BITBANK2           100      0       0       8        0.0%
BANK2              100      0       0       9        0.0%
BITBANK1           100      0       0       6        0.0%
BANK1              100      0       0       7        0.0%
BITBANK0            A0      0       0       4        0.0%
BANK0               A0      0       0       5        0.0%
BITCOMRAM           5F      0       0       0        0.0%
COMRAM              5F      1       2       1        2.1%
BITSFR               0      0       0      40        0.0%
SFR                  0      0       0      40        0.0%
STACK                0      0       0       2        0.0%
NULL                 0      0       0       0        0.0%
ABS                  0      0       2      20        0.0%
DATA                 0      0       2       3        0.0%
CODE                 0      0       0       0        0.0%


Microchip Technology PIC18 Macro Assembler V1.35 build -356382666 
Symbol Table                                                                                   Mon Aug 24 10:22:58 2015

                      _m 0001                       l31 082E                       l34 087C  
                     l39 08A4              __CFG_BORV$1 000000                      l650 0858  
                    l652 086E                      l672 08B4                      l664 08A8  
                    l668 08B0                      _RA3 007C03                      _RA4 007C04  
                    _han 0801             __CFG_FOSC$HS 000000             __CFG_LVP$OFF 000000  
           __CFG_WDT$OFF 000000                     _main 0880                     prodh 000FF4  
                   prodl 000FF3                     start 0000            __CFG_MCLRE$ON 000000  
           ___param_bank 000010                    ?_main 0002                    _PORTA 000F80  
                  _PORTB 000F81                    _PORTD 000F83                    _USBEN 007B6B  
                  _TRISA 000F92                    _TRISB 000F93                    _TRISD 000F95  
                  main@k 0002                    tablat 000FF5          __initialization 08BA  
           __end_of_main 08BA                   ??_main 0002            __activetblptr 000001  
                 _ADCON1 000FC1                   _OSCCON 000FD3                   _UTRDIS 007B7B  
         __CFG_XINST$OFF 000000             __mediumconst 0000                   tblptrh 000FF7  
                 tblptrl 000FF6                   tblptru 000FF8               __accesstop 0060  
__end_of__initialization 08BC          __CFG_PBADEN$OFF 000000            ___rparam_used 000001  
         __pcstackCOMRAM 0002       __size_of_disp16_16 005E        __end_of_disp16_16 0880  
                __Hparam 0000                  __Lparam 0000             __psmallconst 0800  
                __pcinit 08BA                  __ramtop 0800                  __ptext0 0880  
                __ptext1 0822     end_of_initialization 08BC      start_initialization 08BA  
            __end_of_han 0821       __CFG_BOR$ON_ACTIVE 000000              __pbssCOMRAM 0001  
              _disp16_16 0822              __smallconst 0800               ?_disp16_16 0002  
               __Hrparam 0000                 __Lrparam 0000             __Lsmallconst 0800  
          __size_of_main 003A              ??_disp16_16 0002  
