

Microchip Technology PIC18 LITE Macro Assembler V1.35 build -356382666 
                                                                                               Mon Aug 24 08:05:19 2015

Microchip Technology Omniscient Code Generator v1.35 (Free mode) build 201507080246
     1                           	processor	18F4550
     2                           	fnconf	rparam,??,?,0
     3                           	opt	pw 120
     4                           	opt	lm
     5                           	psect	cinit,global,reloc=2,class=CODE,delta=1
     6                           	psect	bitbssCOMRAM,global,bit,class=COMRAM,space=1,delta=1
     7                           	psect	bssCOMRAM,global,class=COMRAM,space=1,delta=1
     8                           	psect	cstackCOMRAM,global,class=COMRAM,space=1,delta=1
     9                           	psect	text0,global,reloc=2,class=CODE,delta=1
    10                           	psect	intsave_regs,global,class=BIGRAM,space=1,delta=1
    11                           	psect	rparam,global,class=COMRAM,space=1,delta=1
    12  0000                     _ADCON1	set	4033
    13  0000                     _OSCCON	set	4051
    14  0000                     _PORTB	set	3969
    15  0000                     _TRISB	set	3987
    16  0000                     _TRISC	set	3988
    17  0000                     _RB0	set	31752
    18  0000                     _RC0	set	31760
    19                           
    20                           ; #config settings
    21  0000                     
    22                           	psect	cinit
    23  007FBC                     __pcinit:
    24                           	opt stack 0
    25  007FBC                     start_initialization:
    26                           	opt stack 0
    27  007FBC                     __initialization:
    28                           	opt stack 0
    29                           
    30                           ; Clear objects allocated to BITCOMRAM (1 bytes)
    31  007FBC  6A01               	clrf	(__pbitbssCOMRAM/(0+8))& (0+255),c
    32                           
    33                           ; Clear objects allocated to COMRAM (1 bytes)
    34  007FBE  6A02               	clrf	__pbssCOMRAM& (0+255),c
    35  007FC0                     end_of_initialization:
    36                           	opt stack 0
    37  007FC0                     __end_of__initialization:
    38                           	opt stack 0
    39  007FC0  0100               	movlb	0
    40  007FC2  EFE3  F03F         	goto	_main	;jump to C main() function
    41                           
    42                           	psect	bitbssCOMRAM
    43  000008                     __pbitbssCOMRAM:
    44                           	opt stack 0
    45  000008                     _keybit:
    46                           	opt stack 0
    47  000008                     	ds	1
    48                           
    49                           	psect	bssCOMRAM
    50  000002                     __pbssCOMRAM:
    51                           	opt stack 0
    52  000002                     _keycon:
    53                           	opt stack 0
    54  000002                     	ds	1
    55                           
    56                           	psect	cstackCOMRAM
    57  000000                     __pcstackCOMRAM:
    58                           	opt stack 0
    59  000000                     
    60                           ; 0 bytes @ 0x0
    61 ;;
    62 ;;Main: autosize = 0, tempsize = 0, incstack = 0, save=0
    63 ;;
    64 ;; *************** function _main *****************
    65 ;; Defined at:
    66 ;;		line 19 in file "newmain.c"
    67 ;; Parameters:    Size  Location     Type
    68 ;;		None
    69 ;; Auto vars:     Size  Location     Type
    70 ;;		None
    71 ;; Return value:  Size  Location     Type
    72 ;;		None               void
    73 ;; Registers used:
    74 ;;		wreg, status,2, status,0
    75 ;; Tracked objects:
    76 ;;		On entry : 0/0
    77 ;;		On exit  : 0/0
    78 ;;		Unchanged: 0/0
    79 ;; Data sizes:     COMRAM   BANK0   BANK1   BANK2   BANK3   BANK4   BANK5   BANK6   BANK7
    80 ;;      Params:         0       0       0       0       0       0       0       0       0
    81 ;;      Locals:         0       0       0       0       0       0       0       0       0
    82 ;;      Temps:          0       0       0       0       0       0       0       0       0
    83 ;;      Totals:         0       0       0       0       0       0       0       0       0
    84 ;;Total ram usage:        0 bytes
    85 ;; This function calls:
    86 ;;		Nothing
    87 ;; This function is called by:
    88 ;;		Startup code after reset
    89 ;; This function uses a non-reentrant model
    90 ;;
    91                           
    92                           	psect	text0
    93  007FC6                     __ptext0:
    94                           	opt stack 0
    95  007FC6                     _main:
    96                           	opt stack 31
    97                           
    98                           ;newmain.c: 21: OSCCON=0X00;
    99                           
   100                           ;incstack = 0
   101  007FC6  0E00               	movlw	0
   102  007FC8  6ED3               	movwf	4051,c	;volatile
   103                           
   104                           ;newmain.c: 22: ADCON1=0X0f;
   105  007FCA  0E0F               	movlw	15
   106  007FCC  6EC1               	movwf	4033,c	;volatile
   107                           
   108                           ;newmain.c: 23: TRISB=0B11111111;
   109  007FCE  6893               	setf	3987,c	;volatile
   110                           
   111                           ;newmain.c: 24: TRISC=0B11111110;
   112  007FD0  0EFE               	movlw	254
   113  007FD2  6E94               	movwf	3988,c	;volatile
   114  007FD4                     l631:
   115                           
   116                           ;newmain.c: 26: {
   117                           ;newmain.c: 27: if(PORTB==0XFF)
   118  007FD4  2881               	incf	3969,w,c	;volatile
   119  007FD6  A4D8               	btfss	status,2,c
   120  007FD8  D008               	goto	l22
   121                           
   122                           ;newmain.c: 28: {
   123                           ;newmain.c: 29: if(++keycon>200)
   124  007FDA  2A02               	incf	_keycon,f,c
   125  007FDC  0EC8               	movlw	200
   126  007FDE  6402               	cpfsgt	_keycon,c
   127  007FE0  D7F9               	goto	l631
   128                           
   129                           ;newmain.c: 30: {
   130                           ;newmain.c: 31: keycon=0;
   131  007FE2  0E00               	movlw	0
   132  007FE4  6E02               	movwf	_keycon,c
   133                           
   134                           ;newmain.c: 32: keybit=1;
   135  007FE6  8001               	bsf	_keybit/(0+8),_keybit& (0+7),c
   136                           
   137                           ;newmain.c: 33: }
   138                           ;newmain.c: 34: }
   139  007FE8  D7F5               	goto	l631
   140  007FEA                     l22:
   141                           
   142                           ;newmain.c: 35: else
   143                           ;newmain.c: 36: {
   144                           ;newmain.c: 37: if(keybit==1)
   145  007FEA  A001               	btfss	_keybit/(0+8),_keybit& (0+7),c
   146  007FEC  D7F3               	goto	l631
   147                           
   148                           ;newmain.c: 38: {
   149                           ;newmain.c: 39: keybit=0;
   150  007FEE  9001               	bcf	_keybit/(0+8),_keybit& (0+7),c
   151                           
   152                           ;newmain.c: 40: if(RB0==0)
   153  007FF0  B081               	btfsc	3969,0,c	;volatile
   154  007FF2  D7F0               	goto	l631
   155                           
   156                           ;newmain.c: 41: {
   157                           ;newmain.c: 42: RC0=!RC0;
   158  007FF4  B082               	btfsc	3970,0,c	;volatile
   159  007FF6  D002               	goto	u50
   160  007FF8  8082               	bsf	3970,0,c	;volatile
   161  007FFA  D7EC               	goto	l631
   162  007FFC                     u50:
   163  007FFC  9082               	bcf	3970,0,c	;volatile
   164  007FFE  D7EA               	goto	l631
   165  008000                     __end_of_main:
   166                           	opt stack 0
   167  0000                     status	equ	0xFD8
   168                           status	equ	0xFD8
   169                           
   170                           	psect	rparam
   171  0000                     status	equ	0xFD8


Data Sizes:
    Strings     0
    Constant    0
    Data        0
    BSS         1
    Persistent  0
    Stack       0

Auto Spaces:
    Space          Size  Autos    Used
    COMRAM           95      0       2
    BANK0           160      0       0
    BANK1           256      0       0
    BANK2           256      0       0
    BANK3           256      0       0
    BANK4           256      0       0
    BANK5           256      0       0
    BANK6           256      0       0
    BANK7           256      0       0

Pointer List with Targets:

    None.

Critical Paths under _main in COMRAM

    None.

Critical Paths under _main in BANK0

    None.

Critical Paths under _main in BANK1

    None.

Critical Paths under _main in BANK2

    None.

Critical Paths under _main in BANK3

    None.

Critical Paths under _main in BANK4

    None.

Critical Paths under _main in BANK5

    None.

Critical Paths under _main in BANK6

    None.

Critical Paths under _main in BANK7

    None.

Call Graph Tables:

 ---------------------------------------------------------------------------------
 (Depth) Function   	        Calls       Base Space   Used Autos Params    Refs
 ---------------------------------------------------------------------------------
 (0) _main                                                 0     0      0       0
 ---------------------------------------------------------------------------------
 Estimated maximum stack depth 0
 ---------------------------------------------------------------------------------

 Call Graph Graphs:

 _main (ROOT)

 Address spaces:
Name               Size   Autos  Total    Cost      Usage
BIGRAM             7FF      0       0      21        0.0%
EEDATA             100      0       0       0        0.0%
BITBANK7           100      0       0      18        0.0%
BANK7              100      0       0      19        0.0%
BITBANK6           100      0       0      16        0.0%
BANK6              100      0       0      17        0.0%
BITBANK5           100      0       0      14        0.0%
BANK5              100      0       0      15        0.0%
BITBANK4           100      0       0      12        0.0%
BANK4              100      0       0      13        0.0%
BITBANK3           100      0       0      10        0.0%
BANK3              100      0       0      11        0.0%
BITBANK2           100      0       0       8        0.0%
BANK2              100      0       0       9        0.0%
BITBANK1           100      0       0       6        0.0%
BANK1              100      0       0       7        0.0%
BITBANK0            A0      0       0       4        0.0%
BANK0               A0      0       0       5        0.0%
BITCOMRAM           5F      0       1       0        1.1%
COMRAM              5F      0       2       1        2.1%
BITSFR               0      0       0      40        0.0%
SFR                  0      0       0      40        0.0%
STACK                0      0       0       2        0.0%
NULL                 0      0       0       0        0.0%
ABS                  0      0       2      20        0.0%
DATA                 0      0       2       3        0.0%
CODE                 0      0       0       0        0.0%


Microchip Technology PIC18 Macro Assembler V1.35 build -356382666 
Symbol Table                                                                                   Mon Aug 24 08:05:19 2015

                     l22 7FEA                       u50 7FFC              __CFG_BORV$1 000000  
                    l631 7FD4                      _RB0 007C08                      _RC0 007C10  
           __CFG_FOSC$HS 000000             __CFG_LVP$OFF 000000             __CFG_WDT$OFF 000000  
                   _main 7FC6                     start 0000            __CFG_MCLRE$ON 000000  
           ___param_bank 000010                    ?_main 0000                    _PORTB 000F81  
                  _TRISB 000F93                    _TRISC 000F94           __pbitbssCOMRAM 0008  
                  status 000FD8          __initialization 7FBC             __end_of_main 8000  
                 ??_main 0000            __activetblptr 000000                   _ADCON1 000FC1  
                 _OSCCON 000FD3           __CFG_XINST$OFF 000000                   _keybit 0008  
                 _keycon 0002               __accesstop 0060  __end_of__initialization 7FC0  
        __CFG_PBADEN$OFF 000000            ___rparam_used 000001           __pcstackCOMRAM 0000  
                __Hparam 0000                  __Lparam 0000                  __pcinit 7FBC  
                __ramtop 0800                  __ptext0 7FC6     end_of_initialization 7FC0  
    start_initialization 7FBC       __CFG_BOR$ON_ACTIVE 000000              __pbssCOMRAM 0002  
               __Hrparam 0000                 __Lrparam 0000            __size_of_main 003A  
