

Microchip Technology PIC18 LITE Macro Assembler V1.35 build -356382666 
                                                                                               Fri Aug 28 20:13:29 2015

Microchip Technology Omniscient Code Generator v1.35 (Free mode) build 201507080246
     1                           	processor	18F4550
     2                           	fnconf	rparam,??,?,0
     3                           	opt	pw 120
     4                           	opt	lm
     5                           	psect	cinit,global,reloc=2,class=CODE,delta=1
     6                           	psect	cstackCOMRAM,global,class=COMRAM,space=1,delta=1
     7                           	psect	text0,global,reloc=2,class=CODE,delta=1
     8                           	psect	text1,global,reloc=2,class=CODE,delta=1
     9                           	psect	intsave_regs,global,class=BIGRAM,space=1,delta=1
    10                           	psect	rparam,global,class=COMRAM,space=1,delta=1
    11  0000                     _ADCON1	set	4033
    12  0000                     _OSCCON	set	4051
    13  0000                     _PORTD	set	3971
    14  0000                     _TRISD	set	3989
    15  0000                     _RD0	set	31768
    16                           
    17                           ; #config settings
    18  0000                     
    19                           	psect	cinit
    20  007F9C                     __pcinit:
    21                           	opt stack 0
    22  007F9C                     start_initialization:
    23                           	opt stack 0
    24  007F9C                     __initialization:
    25                           	opt stack 0
    26  007F9C                     end_of_initialization:
    27                           	opt stack 0
    28  007F9C                     __end_of__initialization:
    29                           	opt stack 0
    30  007F9C  0100               	movlb	0
    31  007F9E  EFD1  F03F         	goto	_main	;jump to C main() function
    32                           
    33                           	psect	cstackCOMRAM
    34  000001                     __pcstackCOMRAM:
    35                           	opt stack 0
    36  000001                     delay@t:
    37                           	opt stack 0
    38                           
    39                           ; 2 bytes @ 0x0
    40  000001                     	ds	2
    41  000003                     delay@i:
    42                           	opt stack 0
    43                           
    44                           ; 2 bytes @ 0x2
    45  000003                     	ds	2
    46  000005                     delay@j:
    47                           	opt stack 0
    48                           
    49                           ; 2 bytes @ 0x4
    50  000005                     	ds	2
    51  000007                     
    52                           ; 0 bytes @ 0x6
    53 ;;
    54 ;;Main: autosize = 0, tempsize = 0, incstack = 0, save=0
    55 ;;
    56 ;; *************** function _main *****************
    57 ;; Defined at:
    58 ;;		line 17 in file "newfile.c"
    59 ;; Parameters:    Size  Location     Type
    60 ;;		None
    61 ;; Auto vars:     Size  Location     Type
    62 ;;		None
    63 ;; Return value:  Size  Location     Type
    64 ;;		None               void
    65 ;; Registers used:
    66 ;;		wreg, status,2, status,0, cstack
    67 ;; Tracked objects:
    68 ;;		On entry : 0/0
    69 ;;		On exit  : 0/0
    70 ;;		Unchanged: 0/0
    71 ;; Data sizes:     COMRAM   BANK0   BANK1   BANK2   BANK3   BANK4   BANK5   BANK6   BANK7
    72 ;;      Params:         0       0       0       0       0       0       0       0       0
    73 ;;      Locals:         0       0       0       0       0       0       0       0       0
    74 ;;      Temps:          0       0       0       0       0       0       0       0       0
    75 ;;      Totals:         0       0       0       0       0       0       0       0       0
    76 ;;Total ram usage:        0 bytes
    77 ;; Hardware stack levels required when called:    1
    78 ;; This function calls:
    79 ;;		_delay
    80 ;; This function is called by:
    81 ;;		Startup code after reset
    82 ;; This function uses a non-reentrant model
    83 ;;
    84                           
    85                           	psect	text0
    86  007FA2                     __ptext0:
    87                           	opt stack 0
    88  007FA2                     _main:
    89                           	opt stack 30
    90                           
    91                           ;newfile.c: 19: OSCCON=0X00;
    92                           
    93                           ;incstack = 0
    94  007FA2  0E00               	movlw	0
    95  007FA4  6ED3               	movwf	4051,c	;volatile
    96                           
    97                           ;newfile.c: 20: ADCON1=0X0f;
    98  007FA6  0E0F               	movlw	15
    99  007FA8  6EC1               	movwf	4033,c	;volatile
   100                           
   101                           ;newfile.c: 21: TRISD=0B00000000;
   102  007FAA  0E00               	movlw	0
   103  007FAC  6E95               	movwf	3989,c	;volatile
   104                           
   105                           ;newfile.c: 22: PORTD=0B00000000;
   106  007FAE  0E00               	movlw	0
   107  007FB0  6E83               	movwf	3971,c	;volatile
   108  007FB2                     l664:
   109                           
   110                           ;newfile.c: 26: {
   111                           ;newfile.c: 27: delay(1);
   112  007FB2  0E00               	movlw	0
   113  007FB4  6E02               	movwf	delay@t+1,c
   114  007FB6  0E01               	movlw	1
   115  007FB8  6E01               	movwf	delay@t,c
   116  007FBA  ECE5  F03F         	call	_delay	;wreg free
   117                           
   118                           ;newfile.c: 28: RD0=!RD0;
   119  007FBE  B083               	btfsc	3971,0,c	;volatile
   120  007FC0  D002               	goto	u90
   121  007FC2  8083               	bsf	3971,0,c	;volatile
   122  007FC4  D7F6               	goto	l664
   123  007FC6                     u90:
   124  007FC6  9083               	bcf	3971,0,c	;volatile
   125  007FC8  D7F4               	goto	l664
   126  007FCA                     __end_of_main:
   127                           	opt stack 0
   128                           
   129 ;; *************** function _delay *****************
   130 ;; Defined at:
   131 ;;		line 31 in file "newfile.c"
   132 ;; Parameters:    Size  Location     Type
   133 ;;  t               2    0[COMRAM] unsigned int 
   134 ;; Auto vars:     Size  Location     Type
   135 ;;  j               2    4[COMRAM] unsigned int 
   136 ;;  i               2    2[COMRAM] unsigned int 
   137 ;; Return value:  Size  Location     Type
   138 ;;		None               void
   139 ;; Registers used:
   140 ;;		wreg, status,2, status,0
   141 ;; Tracked objects:
   142 ;;		On entry : 0/0
   143 ;;		On exit  : 0/0
   144 ;;		Unchanged: 0/0
   145 ;; Data sizes:     COMRAM   BANK0   BANK1   BANK2   BANK3   BANK4   BANK5   BANK6   BANK7
   146 ;;      Params:         2       0       0       0       0       0       0       0       0
   147 ;;      Locals:         4       0       0       0       0       0       0       0       0
   148 ;;      Temps:          0       0       0       0       0       0       0       0       0
   149 ;;      Totals:         6       0       0       0       0       0       0       0       0
   150 ;;Total ram usage:        6 bytes
   151 ;; Hardware stack levels used:    1
   152 ;; This function calls:
   153 ;;		Nothing
   154 ;; This function is called by:
   155 ;;		_main
   156 ;; This function uses a non-reentrant model
   157 ;;
   158                           
   159                           	psect	text1
   160  007FCA                     __ptext1:
   161                           	opt stack 0
   162  007FCA                     _delay:
   163                           	opt stack 30
   164                           
   165                           ;newfile.c: 33: unsigned int i,j;
   166                           ;newfile.c: 34: for(i=0;i<t;i++)
   167                           
   168                           ;incstack = 0
   169  007FCA  0E00               	movlw	0
   170  007FCC  6E04               	movwf	delay@i+1,c
   171  007FCE  0E00               	movlw	0
   172  007FD0  6E03               	movwf	delay@i,c
   173  007FD2  D00F               	goto	l660
   174  007FD4                     l648:
   175                           
   176                           ;newfile.c: 35: {
   177                           ;newfile.c: 36: for(j=0;j<120;j++);
   178  007FD4  0E00               	movlw	0
   179  007FD6  6E06               	movwf	delay@j+1,c
   180  007FD8  0E00               	movlw	0
   181  007FDA  6E05               	movwf	delay@j,c
   182  007FDC                     l650:
   183  007FDC  5006               	movf	delay@j+1,w,c
   184  007FDE  E107               	bnz	l658
   185  007FE0  0E78               	movlw	120
   186  007FE2  5C05               	subwf	delay@j,w,c
   187  007FE4  B0D8               	btfsc	status,0,c
   188  007FE6  D003               	goto	l658
   189  007FE8  4A05               	infsnz	delay@j,f,c
   190  007FEA  2A06               	incf	delay@j+1,f,c
   191  007FEC  D7F7               	goto	l650
   192  007FEE                     l658:
   193  007FEE  4A03               	infsnz	delay@i,f,c
   194  007FF0  2A04               	incf	delay@i+1,f,c
   195  007FF2                     l660:
   196  007FF2  5001               	movf	delay@t,w,c
   197  007FF4  5C03               	subwf	delay@i,w,c
   198  007FF6  5002               	movf	delay@t+1,w,c
   199  007FF8  5804               	subwfb	delay@i+1,w,c
   200  007FFA  B0D8               	btfsc	status,0,c
   201  007FFC  0012               	return	
   202  007FFE  D7EA               	goto	l648
   203  008000                     __end_of_delay:
   204                           	opt stack 0
   205  0000                     status	equ	0xFD8
   206                           status	equ	0xFD8
   207                           
   208                           	psect	rparam
   209  0000                     status	equ	0xFD8


Data Sizes:
    Strings     0
    Constant    0
    Data        0
    BSS         0
    Persistent  0
    Stack       0

Auto Spaces:
    Space          Size  Autos    Used
    COMRAM           95      6       6
    BANK0           160      0       0
    BANK1           256      0       0
    BANK2           256      0       0
    BANK3           256      0       0
    BANK4           256      0       0
    BANK5           256      0       0
    BANK6           256      0       0
    BANK7           256      0       0

Pointer List with Targets:

    None.

Critical Paths under _main in COMRAM

    _main->_delay

Critical Paths under _main in BANK0

    None.

Critical Paths under _main in BANK1

    None.

Critical Paths under _main in BANK2

    None.

Critical Paths under _main in BANK3

    None.

Critical Paths under _main in BANK4

    None.

Critical Paths under _main in BANK5

    None.

Critical Paths under _main in BANK6

    None.

Critical Paths under _main in BANK7

    None.

Call Graph Tables:

 ---------------------------------------------------------------------------------
 (Depth) Function   	        Calls       Base Space   Used Autos Params    Refs
 ---------------------------------------------------------------------------------
 (0) _main                                                 0     0      0     135
                              _delay
 ---------------------------------------------------------------------------------
 (1) _delay                                                6     4      2     135
                                              0 COMRAM     6     4      2
 ---------------------------------------------------------------------------------
 Estimated maximum stack depth 1
 ---------------------------------------------------------------------------------

 Call Graph Graphs:

 _main (ROOT)
   _delay

 Address spaces:
Name               Size   Autos  Total    Cost      Usage
BITCOMRAM           5F      0       0       0        0.0%
EEDATA             100      0       0       0        0.0%
NULL                 0      0       0       0        0.0%
CODE                 0      0       0       0        0.0%
COMRAM              5F      6       6       1        6.3%
STACK                0      0       0       2        0.0%
DATA                 0      0       0       3        0.0%
BITBANK0            A0      0       0       4        0.0%
BANK0               A0      0       0       5        0.0%
BITBANK1           100      0       0       6        0.0%
BANK1              100      0       0       7        0.0%
BITBANK2           100      0       0       8        0.0%
BANK2              100      0       0       9        0.0%
BITBANK3           100      0       0      10        0.0%
BANK3              100      0       0      11        0.0%
BITBANK4           100      0       0      12        0.0%
BANK4              100      0       0      13        0.0%
BITBANK5           100      0       0      14        0.0%
BANK5              100      0       0      15        0.0%
BITBANK6           100      0       0      16        0.0%
BANK6              100      0       0      17        0.0%
BITBANK7           100      0       0      18        0.0%
BANK7              100      0       0      19        0.0%
ABS                  0      0       0      20        0.0%
BIGRAM             7FF      0       0      21        0.0%
BITSFR               0      0       0      40        0.0%
SFR                  0      0       0      40        0.0%


Microchip Technology PIC18 Macro Assembler V1.35 build -356382666 
Symbol Table                                                                                   Fri Aug 28 20:13:29 2015

                     u90 7FC6              __CFG_BORV$1 000000                      l650 7FDC  
                    l660 7FF2                      l648 7FD4                      l664 7FB2  
                    l658 7FEE                      _RD0 007C18             __CFG_FOSC$HS 000000  
           __CFG_LVP$OFF 000000             __CFG_WDT$OFF 000000                     _main 7FA2  
                   start 0000            __CFG_MCLRE$ON 000000             ___param_bank 000010  
                  ?_main 0001                    _PORTD 000F83                    _TRISD 000F95  
                  _delay 7FCA                    status 000FD8          __initialization 7F9C  
           __end_of_main 7FCA                   ??_main 0007            __activetblptr 000000  
                 ?_delay 0001                   _ADCON1 000FC1                   _OSCCON 000FD3  
         __CFG_XINST$OFF 000000                   delay@i 0003                   delay@j 0005  
                 delay@t 0001               __accesstop 0060  __end_of__initialization 7F9C  
        __CFG_PBADEN$OFF 000000            ___rparam_used 000001           __pcstackCOMRAM 0001  
          __end_of_delay 8000                  ??_delay 0003                  __Hparam 0000  
                __Lparam 0000                  __pcinit 7F9C                  __ramtop 0800  
                __ptext0 7FA2                  __ptext1 7FCA     end_of_initialization 7F9C  
    start_initialization 7F9C       __CFG_BOR$ON_ACTIVE 000000           __size_of_delay 0036  
               __Hrparam 0000                 __Lrparam 0000            __size_of_main 0028  
