

Microchip Technology PIC18 LITE Macro Assembler V1.35 build -356382666 
                                                                                               Tue Aug 25 16:11:36 2015

Microchip Technology Omniscient Code Generator v1.35 (Free mode) build 201507080246
     1                           	processor	18F4550
     2                           	fnconf	rparam,??,?,0
     3                           	opt	pw 120
     4                           	opt	lm
     5                           	psect	smallconst,global,reloc=2,class=SMALLCONST,delta=1
     6                           	psect	cinit,global,reloc=2,class=CODE,delta=1
     7                           	psect	bssCOMRAM,global,class=COMRAM,space=1,delta=1
     8                           	psect	cstackCOMRAM,global,class=COMRAM,space=1,delta=1
     9                           	psect	text0,global,reloc=2,class=CODE,delta=1
    10                           	psect	text1,global,reloc=2,class=CODE,delta=1
    11                           	psect	intcode,global,reloc=2,class=CODE,delta=1
    12                           	psect	intcode_body,global,reloc=2,class=CODE,delta=1
    13                           	psect	intsave_regs,global,class=BIGRAM,space=1,delta=1
    14                           	psect	rparam,global,class=COMRAM,space=1,delta=1
    15                           	psect	temp,global,ovrld,common,class=COMRAM,space=1,delta=1
    16  0000                     
    17                           	psect	smallconst
    18  000800                     __psmallconst:
    19                           	opt stack 0
    20  000800  00                 	db	0
    21  000801                     _LED:
    22                           	opt stack 0
    23  000801  3F                 	db	63
    24  000802  06                 	db	6
    25  000803  5B                 	db	91
    26  000804  4F                 	db	79
    27  000805  66                 	db	102
    28  000806  6D                 	db	109
    29  000807  7D                 	db	125
    30  000808  07                 	db	7
    31  000809  7F                 	db	127
    32  00080A  6F                 	db	111
    33  00080B                     __end_of_LED:
    34                           	opt stack 0
    35  0000                     _ADCON1	set	4033
    36  0000                     _OSCCON	set	4051
    37  0000                     _PIR1	set	3998
    38  0000                     _PORTD	set	3971
    39  0000                     _T1CON	set	4045
    40  0000                     _TMR1H	set	4047
    41  0000                     _TMR1L	set	4046
    42  0000                     _TRISD	set	3989
    43  0000                     _GIE	set	32663
    44  0000                     _PEIE	set	32662
    45  0000                     _TMR1IE	set	31976
    46  0000                     _TMR1IF	set	31984
    47                           
    48                           ; #config settings
    49  00080B  00                 	db	0	; dummy byte at the end
    50  0000                     
    51                           	psect	cinit
    52  0008C0                     __pcinit:
    53                           	opt stack 0
    54  0008C0                     start_initialization:
    55                           	opt stack 0
    56  0008C0                     __initialization:
    57                           	opt stack 0
    58                           
    59                           ; Clear objects allocated to COMRAM (3 bytes)
    60  0008C0  6A11               	clrf	(__pbssCOMRAM+2)& (0+255),c
    61  0008C2  6A10               	clrf	(__pbssCOMRAM+1)& (0+255),c
    62  0008C4  6A0F               	clrf	__pbssCOMRAM& (0+255),c
    63  0008C6                     end_of_initialization:
    64                           	opt stack 0
    65  0008C6                     __end_of__initialization:
    66                           	opt stack 0
    67  0008C6  9012               	bcf	int$flags,0,c	;clear compiler interrupt flag (level 1)
    68  0008C8  9212               	bcf	int$flags,1,c	;clear compiler interrupt flag (level 2)
    69  0008CA  0E00               	movlw	low (__Lsmallconst shr (0+16))
    70  0008CC  6EF8               	movwf	tblptru,c
    71  0008CE  0E08               	movlw	high __Lsmallconst
    72  0008D0  6EF7               	movwf	tblptrh,c
    73  0008D2  0100               	movlb	0
    74  0008D4  EF78  F004         	goto	_main	;jump to C main() function
    75                           tblptru	equ	0xFF8
    76                           tblptrh	equ	0xFF7
    77                           
    78                           	psect	bssCOMRAM
    79  00000F                     __pbssCOMRAM:
    80                           	opt stack 0
    81  00000F                     _ycon:
    82                           	opt stack 0
    83  00000F                     	ds	2
    84  000011                     _a:
    85                           	opt stack 0
    86  000011                     	ds	1
    87                           tblptru	equ	0xFF8
    88                           tblptrh	equ	0xFF7
    89                           
    90                           	psect	cstackCOMRAM
    91  000001                     __pcstackCOMRAM:
    92                           	opt stack 0
    93  000001                     ??_T1:
    94  000001                     
    95                           ; 0 bytes @ 0x0
    96  000001                     	ds	14
    97  00000F                     tblptru	equ	0xFF8
    98                           tblptrh	equ	0xFF7
    99                           
   100                           ; 0 bytes @ 0xE
   101 ;;
   102 ;;Main: autosize = 0, tempsize = 0, incstack = 0, save=0
   103 ;;
   104 ;; *************** function _main *****************
   105 ;; Defined at:
   106 ;;		line 71 in file "newfile.c"
   107 ;; Parameters:    Size  Location     Type
   108 ;;		None
   109 ;; Auto vars:     Size  Location     Type
   110 ;;		None
   111 ;; Return value:  Size  Location     Type
   112 ;;		None               void
   113 ;; Registers used:
   114 ;;		wreg, status,2, cstack
   115 ;; Tracked objects:
   116 ;;		On entry : 0/0
   117 ;;		On exit  : 0/0
   118 ;;		Unchanged: 0/0
   119 ;; Data sizes:     COMRAM   BANK0   BANK1   BANK2   BANK3   BANK4   BANK5   BANK6   BANK7
   120 ;;      Params:         0       0       0       0       0       0       0       0       0
   121 ;;      Locals:         0       0       0       0       0       0       0       0       0
   122 ;;      Temps:          0       0       0       0       0       0       0       0       0
   123 ;;      Totals:         0       0       0       0       0       0       0       0       0
   124 ;;Total ram usage:        0 bytes
   125 ;; Hardware stack levels required when called:    2
   126 ;; This function calls:
   127 ;;		_timer1init
   128 ;; This function is called by:
   129 ;;		Startup code after reset
   130 ;; This function uses a non-reentrant model
   131 ;;
   132                           
   133                           	psect	text0
   134  0008F0                     __ptext0:
   135                           	opt stack 0
   136  0008F0                     _main:
   137                           	opt stack 29
   138                           
   139                           ;newfile.c: 73: OSCCON=0X00;
   140                           
   141                           ;incstack = 0
   142  0008F0  0E00               	movlw	0
   143  0008F2  6ED3               	movwf	4051,c	;volatile
   144                           
   145                           ;newfile.c: 74: ADCON1=0X0f;
   146  0008F4  0E0F               	movlw	15
   147  0008F6  6EC1               	movwf	4033,c	;volatile
   148                           
   149                           ;newfile.c: 75: TRISD=0B00000000;
   150  0008F8  0E00               	movlw	0
   151  0008FA  6E95               	movwf	3989,c	;volatile
   152                           
   153                           ;newfile.c: 76: PORTD=0B00000000;
   154  0008FC  0E00               	movlw	0
   155  0008FE  6E83               	movwf	3971,c	;volatile
   156                           
   157                           ;newfile.c: 77: timer1init();
   158  000900  EC6C  F004         	call	_timer1init	;wreg free
   159  000904  D7FF               	goto	l43
   160  000906                     __end_of_main:
   161                           	opt stack 0
   162                           tblptru	equ	0xFF8
   163                           tblptrh	equ	0xFF7
   164                           
   165 ;; *************** function _timer1init *****************
   166 ;; Defined at:
   167 ;;		line 31 in file "newfile.c"
   168 ;; Parameters:    Size  Location     Type
   169 ;;		None
   170 ;; Auto vars:     Size  Location     Type
   171 ;;		None
   172 ;; Return value:  Size  Location     Type
   173 ;;		None               void
   174 ;; Registers used:
   175 ;;		wreg, status,2
   176 ;; Tracked objects:
   177 ;;		On entry : 0/0
   178 ;;		On exit  : 0/0
   179 ;;		Unchanged: 0/0
   180 ;; Data sizes:     COMRAM   BANK0   BANK1   BANK2   BANK3   BANK4   BANK5   BANK6   BANK7
   181 ;;      Params:         0       0       0       0       0       0       0       0       0
   182 ;;      Locals:         0       0       0       0       0       0       0       0       0
   183 ;;      Temps:          0       0       0       0       0       0       0       0       0
   184 ;;      Totals:         0       0       0       0       0       0       0       0       0
   185 ;;Total ram usage:        0 bytes
   186 ;; Hardware stack levels used:    1
   187 ;; Hardware stack levels required when called:    1
   188 ;; This function calls:
   189 ;;		Nothing
   190 ;; This function is called by:
   191 ;;		_main
   192 ;; This function uses a non-reentrant model
   193 ;;
   194                           
   195                           	psect	text1
   196  0008D8                     __ptext1:
   197                           	opt stack 0
   198  0008D8                     _timer1init:
   199                           	opt stack 29
   200                           
   201                           ;newfile.c: 33: T1CON=0X01;
   202                           
   203                           ;incstack = 0
   204  0008D8  0E01               	movlw	1
   205  0008DA  6ECD               	movwf	4045,c	;volatile
   206                           
   207                           ;newfile.c: 34: TMR1IF=0;
   208  0008DC  909E               	bcf	3998,0,c	;volatile
   209                           
   210                           ;newfile.c: 35: TMR1IE=1;
   211  0008DE  809D               	bsf	3997,0,c	;volatile
   212                           
   213                           ;newfile.c: 36: TMR1H=0xFF;
   214  0008E0  68CF               	setf	4047,c	;volatile
   215                           
   216                           ;newfile.c: 37: TMR1L=0x13;
   217  0008E2  0E13               	movlw	19
   218  0008E4  6ECE               	movwf	4046,c	;volatile
   219                           
   220                           ;newfile.c: 38: PIR1=0;
   221  0008E6  0E00               	movlw	0
   222  0008E8  6E9E               	movwf	3998,c	;volatile
   223                           
   224                           ;newfile.c: 39: PEIE=1;
   225  0008EA  8CF2               	bsf	intcon,6,c	;volatile
   226                           
   227                           ;newfile.c: 40: GIE=1;
   228  0008EC  8EF2               	bsf	intcon,7,c	;volatile
   229  0008EE  0012               	return		;funcret
   230  0008F0                     __end_of_timer1init:
   231                           	opt stack 0
   232                           tblptru	equ	0xFF8
   233                           tblptrh	equ	0xFF7
   234                           intcon	equ	0xFF2
   235                           
   236 ;; *************** function _T1 *****************
   237 ;; Defined at:
   238 ;;		line 49 in file "newfile.c"
   239 ;; Parameters:    Size  Location     Type
   240 ;;		None
   241 ;; Auto vars:     Size  Location     Type
   242 ;;		None
   243 ;; Return value:  Size  Location     Type
   244 ;;		None               void
   245 ;; Registers used:
   246 ;;		wreg, status,2, status,0, tblptrl, tblptrh, tblptru, prodl, prodh
   247 ;; Tracked objects:
   248 ;;		On entry : 0/0
   249 ;;		On exit  : 0/0
   250 ;;		Unchanged: 0/0
   251 ;; Data sizes:     COMRAM   BANK0   BANK1   BANK2   BANK3   BANK4   BANK5   BANK6   BANK7
   252 ;;      Params:         0       0       0       0       0       0       0       0       0
   253 ;;      Locals:         0       0       0       0       0       0       0       0       0
   254 ;;      Temps:         14       0       0       0       0       0       0       0       0
   255 ;;      Totals:        14       0       0       0       0       0       0       0       0
   256 ;;Total ram usage:       14 bytes
   257 ;; Hardware stack levels used:    1
   258 ;; This function calls:
   259 ;;		Nothing
   260 ;; This function is called by:
   261 ;;		Interrupt level 2
   262 ;; This function uses a non-reentrant model
   263 ;;
   264                           
   265                           	psect	intcode
   266  000008                     __pintcode:
   267                           	opt stack 0
   268  000008                     _T1:
   269                           	opt stack 29
   270                           
   271                           ;incstack = 0
   272  000008  8212               	bsf	btemp,1,c	;set compiler interrupt flag (level 2)
   273  00000A  CFFA F001          	movff	pclath,??_T1
   274  00000E  CFFB F002          	movff	pclatu,??_T1+1
   275  000012  ED06  F004         	call	int_func,f	;refresh shadow registers
   276                           pclatu	equ	0xFFB
   277                           pclath	equ	0xFFA
   278                           tblptru	equ	0xFF8
   279                           tblptrh	equ	0xFF7
   280                           intcon	equ	0xFF2
   281                           
   282                           	psect	intcode_body
   283  00080C                     __pintcode_body:
   284                           	opt stack 29
   285  00080C                     int_func:
   286                           	opt stack 29
   287  00080C  0006               	pop		; remove dummy address from shadow register refresh
   288  00080E  CFE9 F003          	movff	fsr0l,??_T1+2
   289  000812  CFEA F004          	movff	fsr0h,??_T1+3
   290  000816  CFE1 F005          	movff	fsr1l,??_T1+4
   291  00081A  CFE2 F006          	movff	fsr1h,??_T1+5
   292  00081E  CFD9 F007          	movff	fsr2l,??_T1+6
   293  000822  CFDA F008          	movff	fsr2h,??_T1+7
   294  000826  CFF3 F009          	movff	prodl,??_T1+8
   295  00082A  CFF4 F00A          	movff	prodh,??_T1+9
   296  00082E  CFF6 F00B          	movff	tblptrl,??_T1+10
   297  000832  CFF7 F00C          	movff	tblptrh,??_T1+11
   298  000836  CFF8 F00D          	movff	tblptru,??_T1+12
   299  00083A  CFF5 F00E          	movff	tablat,??_T1+13
   300                           
   301                           ;newfile.c: 51: if(TMR1IF==1)
   302  00083E  A09E               	btfss	3998,0,c	;volatile
   303  000840  D021               	goto	i2l39
   304                           
   305                           ;newfile.c: 52: {
   306                           ;newfile.c: 53: TMR1H=0XFF;
   307  000842  68CF               	setf	4047,c	;volatile
   308                           
   309                           ;newfile.c: 54: TMR1L=0x13;
   310  000844  0E13               	movlw	19
   311  000846  6ECE               	movwf	4046,c	;volatile
   312                           
   313                           ;newfile.c: 55: TMR1IF=0;
   314  000848  909E               	bcf	3998,0,c	;volatile
   315                           
   316                           ;newfile.c: 56: if(++ycon>3999)
   317  00084A  4A0F               	infsnz	_ycon,f,c
   318  00084C  2A10               	incf	_ycon+1,f,c
   319  00084E  0EA0               	movlw	160
   320  000850  5C0F               	subwf	_ycon,w,c
   321  000852  0E0F               	movlw	15
   322  000854  5810               	subwfb	_ycon+1,w,c
   323  000856  A0D8               	btfss	status,0,c
   324  000858  D015               	goto	i2l39
   325                           
   326                           ;newfile.c: 57: {
   327                           ;newfile.c: 58: ycon=0;
   328  00085A  0E00               	movlw	0
   329  00085C  6E10               	movwf	_ycon+1,c
   330  00085E  0E00               	movlw	0
   331  000860  6E0F               	movwf	_ycon,c
   332                           
   333                           ;newfile.c: 59: if(++a>9) a=0;
   334  000862  2A11               	incf	_a,f,c
   335  000864  0E09               	movlw	9
   336  000866  6411               	cpfsgt	_a,c
   337  000868  D002               	goto	i2l671
   338  00086A  0E00               	movlw	0
   339  00086C  6E11               	movwf	_a,c
   340  00086E                     i2l671:
   341                           
   342                           ;newfile.c: 60: PORTD=LED[a];
   343  00086E  5011               	movf	_a,w,c
   344  000870  0D01               	mullw	1
   345  000872  0E01               	movlw	low _LED
   346  000874  24F3               	addwf	prodl,w,c
   347  000876  6EF6               	movwf	tblptrl,c
   348  000878  0E08               	movlw	high _LED
   349  00087A  20F4               	addwfc	prodh,w,c
   350  00087C  6EF7               	movwf	tblptrh,c
   351  00087E                     	if	0	;There are less than 3 active tblptr bytes
   352  00087E                     	endif
   353  00087E  0008               	tblrd		*
   354  000880  CFF5 FF83          	movff	tablat,3971	;volatile
   355  000884                     i2l39:
   356  000884  C00E  FFF5         	movff	??_T1+13,tablat
   357  000888  C00D  FFF8         	movff	??_T1+12,tblptru
   358  00088C  C00C  FFF7         	movff	??_T1+11,tblptrh
   359  000890  C00B  FFF6         	movff	??_T1+10,tblptrl
   360  000894  C00A  FFF4         	movff	??_T1+9,prodh
   361  000898  C009  FFF3         	movff	??_T1+8,prodl
   362  00089C  C008  FFDA         	movff	??_T1+7,fsr2h
   363  0008A0  C007  FFD9         	movff	??_T1+6,fsr2l
   364  0008A4  C006  FFE2         	movff	??_T1+5,fsr1h
   365  0008A8  C005  FFE1         	movff	??_T1+4,fsr1l
   366  0008AC  C004  FFEA         	movff	??_T1+3,fsr0h
   367  0008B0  C003  FFE9         	movff	??_T1+2,fsr0l
   368  0008B4  C002  FFFB         	movff	??_T1+1,pclatu
   369  0008B8  C001  FFFA         	movff	??_T1,pclath
   370  0008BC  9212               	bcf	btemp,1,c	;clear compiler interrupt flag (level 2)
   371  0008BE  0011               	retfie		f
   372  0008C0                     __end_of_T1:
   373                           	opt stack 0
   374                           pclatu	equ	0xFFB
   375                           pclath	equ	0xFFA
   376                           tblptru	equ	0xFF8
   377                           tblptrh	equ	0xFF7
   378                           tblptrl	equ	0xFF6
   379                           tablat	equ	0xFF5
   380                           prodh	equ	0xFF4
   381                           prodl	equ	0xFF3
   382                           intcon	equ	0xFF2
   383                           fsr0h	equ	0xFEA
   384                           fsr0l	equ	0xFE9
   385                           fsr1h	equ	0xFE2
   386                           fsr1l	equ	0xFE1
   387                           fsr2h	equ	0xFDA
   388                           fsr2l	equ	0xFD9
   389                           status	equ	0xFD8
   390                           pclatu	equ	0xFFB
   391                           pclath	equ	0xFFA
   392                           tblptru	equ	0xFF8
   393                           tblptrh	equ	0xFF7
   394                           tblptrl	equ	0xFF6
   395                           tablat	equ	0xFF5
   396                           prodh	equ	0xFF4
   397                           prodl	equ	0xFF3
   398                           intcon	equ	0xFF2
   399                           fsr0h	equ	0xFEA
   400                           fsr0l	equ	0xFE9
   401                           fsr1h	equ	0xFE2
   402                           fsr1l	equ	0xFE1
   403                           fsr2h	equ	0xFDA
   404                           fsr2l	equ	0xFD9
   405                           status	equ	0xFD8
   406                           
   407                           	psect	rparam
   408  0000                     pclatu	equ	0xFFB
   409                           pclath	equ	0xFFA
   410                           tblptru	equ	0xFF8
   411                           tblptrh	equ	0xFF7
   412                           tblptrl	equ	0xFF6
   413                           tablat	equ	0xFF5
   414                           prodh	equ	0xFF4
   415                           prodl	equ	0xFF3
   416                           intcon	equ	0xFF2
   417                           fsr0h	equ	0xFEA
   418                           fsr0l	equ	0xFE9
   419                           fsr1h	equ	0xFE2
   420                           fsr1l	equ	0xFE1
   421                           fsr2h	equ	0xFDA
   422                           fsr2l	equ	0xFD9
   423                           status	equ	0xFD8
   424                           
   425                           	psect	temp
   426  000012                     btemp:
   427                           	opt stack 0
   428  000012                     	ds	1
   429  0000                     int$flags	set	btemp
   430                           pclatu	equ	0xFFB
   431                           pclath	equ	0xFFA
   432                           tblptru	equ	0xFF8
   433                           tblptrh	equ	0xFF7
   434                           tblptrl	equ	0xFF6
   435                           tablat	equ	0xFF5
   436                           prodh	equ	0xFF4
   437                           prodl	equ	0xFF3
   438                           intcon	equ	0xFF2
   439                           fsr0h	equ	0xFEA
   440                           fsr0l	equ	0xFE9
   441                           fsr1h	equ	0xFE2
   442                           fsr1l	equ	0xFE1
   443                           fsr2h	equ	0xFDA
   444                           fsr2l	equ	0xFD9
   445                           status	equ	0xFD8


Data Sizes:
    Strings     0
    Constant    10
    Data        0
    BSS         3
    Persistent  0
    Stack       0

Auto Spaces:
    Space          Size  Autos    Used
    COMRAM           94     14      17
    BANK0           160      0       0
    BANK1           256      0       0
    BANK2           256      0       0
    BANK3           256      0       0
    BANK4           256      0       0
    BANK5           256      0       0
    BANK6           256      0       0
    BANK7           256      0       0

Pointer List with Targets:

    None.

Critical Paths under _main in COMRAM

    None.

Critical Paths under _T1 in COMRAM

    None.

Critical Paths under _main in BANK0

    None.

Critical Paths under _T1 in BANK0

    None.

Critical Paths under _main in BANK1

    None.

Critical Paths under _T1 in BANK1

    None.

Critical Paths under _main in BANK2

    None.

Critical Paths under _T1 in BANK2

    None.

Critical Paths under _main in BANK3

    None.

Critical Paths under _T1 in BANK3

    None.

Critical Paths under _main in BANK4

    None.

Critical Paths under _T1 in BANK4

    None.

Critical Paths under _main in BANK5

    None.

Critical Paths under _T1 in BANK5

    None.

Critical Paths under _main in BANK6

    None.

Critical Paths under _T1 in BANK6

    None.

Critical Paths under _main in BANK7

    None.

Critical Paths under _T1 in BANK7

    None.

Call Graph Tables:

 ---------------------------------------------------------------------------------
 (Depth) Function   	        Calls       Base Space   Used Autos Params    Refs
 ---------------------------------------------------------------------------------
 (0) _main                                                 0     0      0       0
                         _timer1init
 ---------------------------------------------------------------------------------
 (1) _timer1init                                           0     0      0       0
 ---------------------------------------------------------------------------------
 Estimated maximum stack depth 1
 ---------------------------------------------------------------------------------
 (Depth) Function   	        Calls       Base Space   Used Autos Params    Refs
 ---------------------------------------------------------------------------------
 (2) _T1                                                  14    14      0       0
                                              0 COMRAM    14    14      0
 ---------------------------------------------------------------------------------
 Estimated maximum stack depth 2
 ---------------------------------------------------------------------------------

 Call Graph Graphs:

 _main (ROOT)
   _timer1init

 _T1 (ROOT)

 Address spaces:
Name               Size   Autos  Total    Cost      Usage
BIGRAM             7FF      0       0      21        0.0%
EEDATA             100      0       0       0        0.0%
BITBANK7           100      0       0      18        0.0%
BANK7              100      0       0      19        0.0%
BITBANK6           100      0       0      16        0.0%
BANK6              100      0       0      17        0.0%
BITBANK5           100      0       0      14        0.0%
BANK5              100      0       0      15        0.0%
BITBANK4           100      0       0      12        0.0%
BANK4              100      0       0      13        0.0%
BITBANK3           100      0       0      10        0.0%
BANK3              100      0       0      11        0.0%
BITBANK2           100      0       0       8        0.0%
BANK2              100      0       0       9        0.0%
BITBANK1           100      0       0       6        0.0%
BANK1              100      0       0       7        0.0%
BITBANK0            A0      0       0       4        0.0%
BANK0               A0      0       0       5        0.0%
BITCOMRAM           5E      0       0       0        0.0%
COMRAM              5E      E      11       1       18.1%
BITSFR               0      0       0      40        0.0%
SFR                  0      0       0      40        0.0%
STACK                0      0       0       2        0.0%
NULL                 0      0       0       0        0.0%
ABS                  0      0      11      20        0.0%
DATA                 0      0      11       3        0.0%
CODE                 0      0       0       0        0.0%


Microchip Technology PIC18 Macro Assembler V1.35 build -356382666 
Symbol Table                                                                                   Tue Aug 25 16:11:36 2015

                      _a 0011                       l43 0904                       _T1 0008  
                    ?_T1 0001                      _GIE 007F97                      _LED 0801  
           __CFG_FOSC$HS 000000                     ??_T1 0001             __CFG_WDT$OFF 000000  
                   _PEIE 007F96                     _PIR1 000F9E                     i2l39 0884  
                   _main 08F0                     fsr0h 000FEA                     fsr1h 000FE2  
                   fsr0l 000FE9                     fsr2h 000FDA                     fsr1l 000FE1  
                   _ycon 000F                     fsr2l 000FD9                     btemp 0012  
                   pclat 000FFA                     prodh 000FF4                     prodl 000FF3  
                   start 0016             ___param_bank 000010                    ?_main 0001  
                  _T1CON 000FCD                    i2l671 086E                    _TMR1H 000FCF  
                  _TMR1L 000FCE                    _PORTD 000F83                    _TRISD 000F95  
                  tablat 000FF5                    status 000FD8          __initialization 08C0  
           __end_of_main 0906                   ??_main 000F            __activetblptr 000001  
                 _ADCON1 000FC1                   _OSCCON 000FD3                   _TMR1IE 007CE8  
                 _TMR1IF 007CF0             __mediumconst 0000                   tblptrh 000FF7  
                 tblptrl 000FF6                   tblptru 000FF8               __accesstop 0060  
__end_of__initialization 08C6          __CFG_PBADEN$OFF 000000            ___rparam_used 000001  
         __pcstackCOMRAM 0001               __end_of_T1 08C0                  __Hparam 0000  
                __Lparam 0000             __psmallconst 0800                  __pcinit 08C0  
                __ramtop 0800                  __ptext0 08F0                  __ptext1 08D8  
         __pintcode_body 080C     end_of_initialization 08C6                  int_func 080C  
             _timer1init 08D8      start_initialization 08C0              __end_of_LED 080B  
            ?_timer1init 0001              __pbssCOMRAM 000F                __pintcode 0008  
            __smallconst 0800      __size_of_timer1init 0018              __size_of_T1 08B8  
               __Hrparam 0000                 __Lrparam 0000             __Lsmallconst 0800  
          __size_of_main 0016             ??_timer1init 000F                 int$flags 0012  
               intlevel2 0000       __end_of_timer1init 08F0  
