

Microchip Technology PIC18 LITE Macro Assembler V1.35 build -356382666 
                                                                                               Tue Aug 25 13:51:19 2015

Microchip Technology Omniscient Code Generator v1.35 (Free mode) build 201507080246
     1                           	processor	18F4550
     2                           	fnconf	rparam,??,?,0
     3                           	opt	pw 120
     4                           	opt	lm
     5                           	psect	smallconst,global,reloc=2,class=SMALLCONST,delta=1
     6                           	psect	cinit,global,reloc=2,class=CODE,delta=1
     7                           	psect	cstackCOMRAM,global,class=COMRAM,space=1,delta=1
     8                           	psect	text0,global,reloc=2,class=CODE,delta=1
     9                           	psect	text1,global,reloc=2,class=CODE,delta=1
    10                           	psect	text2,global,reloc=2,class=CODE,delta=1
    11                           	psect	text3,global,reloc=2,class=CODE,delta=1
    12                           	psect	intsave_regs,global,class=BIGRAM,space=1,delta=1
    13                           	psect	rparam,global,class=COMRAM,space=1,delta=1
    14  0000                     
    15                           	psect	smallconst
    16  000800                     __psmallconst:
    17                           	opt stack 0
    18  000800  00                 	db	0
    19  000801                     _LED:
    20                           	opt stack 0
    21  000801  3F                 	db	63
    22  000802  06                 	db	6
    23  000803  5B                 	db	91
    24  000804  4F                 	db	79
    25  000805  66                 	db	102
    26  000806  6D                 	db	109
    27  000807  7D                 	db	125
    28  000808  07                 	db	7
    29  000809  7F                 	db	127
    30  00080A  6F                 	db	111
    31  00080B                     __end_of_LED:
    32                           	opt stack 0
    33  0000                     _ADCON1	set	4033
    34  0000                     _OSCCON	set	4051
    35  0000                     _TRISA	set	3986
    36  0000                     _RA2	set	31746
    37  0000                     _RA3	set	31747
    38  0000                     _RA5	set	31749
    39                           
    40                           ; #config settings
    41  00080B  00                 	db	0	; dummy byte at the end
    42  0000                     
    43                           	psect	cinit
    44  000A60                     __pcinit:
    45                           	opt stack 0
    46  000A60                     start_initialization:
    47                           	opt stack 0
    48  000A60                     __initialization:
    49                           	opt stack 0
    50  000A60                     end_of_initialization:
    51                           	opt stack 0
    52  000A60                     __end_of__initialization:
    53                           	opt stack 0
    54  000A60  0E00               	movlw	low (__Lmediumconst shr (0+16))
    55  000A62  6EF8               	movwf	tblptru,c
    56  000A64  0100               	movlb	0
    57  000A66  EF06  F004         	goto	_main	;jump to C main() function
    58                           tblptru	equ	0xFF8
    59                           
    60                           	psect	cstackCOMRAM
    61  000001                     __pcstackCOMRAM:
    62                           	opt stack 0
    63  000001                     ?___lwmod:
    64                           	opt stack 0
    65  000001                     ___lwmod@dividend:
    66                           	opt stack 0
    67                           
    68                           ; 2 bytes @ 0x0
    69  000001                     	ds	2
    70  000003                     ___lwmod@divisor:
    71                           	opt stack 0
    72                           
    73                           ; 2 bytes @ 0x2
    74  000003                     	ds	2
    75  000005                     ___lwmod@counter:
    76                           	opt stack 0
    77                           
    78                           ; 1 bytes @ 0x4
    79  000005                     	ds	1
    80  000006                     ?___lwdiv:
    81                           	opt stack 0
    82  000006                     ___lwdiv@dividend:
    83                           	opt stack 0
    84                           
    85                           ; 2 bytes @ 0x5
    86  000006                     	ds	2
    87  000008                     ___lwdiv@divisor:
    88                           	opt stack 0
    89                           
    90                           ; 2 bytes @ 0x7
    91  000008                     	ds	2
    92  00000A                     ___lwdiv@quotient:
    93                           	opt stack 0
    94                           
    95                           ; 2 bytes @ 0x9
    96  00000A                     	ds	2
    97  00000C                     ___lwdiv@counter:
    98                           	opt stack 0
    99                           
   100                           ; 1 bytes @ 0xB
   101  00000C                     	ds	1
   102  00000D                     write595@U7buf:
   103                           	opt stack 0
   104                           
   105                           ; 1 bytes @ 0xC
   106  00000D                     	ds	1
   107  00000E                     write595@U6buf:
   108                           	opt stack 0
   109                           
   110                           ; 1 bytes @ 0xD
   111  00000E                     	ds	1
   112  00000F                     write595@i:
   113                           	opt stack 0
   114                           
   115                           ; 1 bytes @ 0xE
   116  00000F                     	ds	1
   117  000010                     main@a:
   118                           	opt stack 0
   119                           
   120                           ; 1 bytes @ 0xF
   121  000010                     	ds	1
   122  000011                     main@c:
   123                           	opt stack 0
   124                           
   125                           ; 1 bytes @ 0x10
   126  000011                     	ds	1
   127  000012                     main@d:
   128                           	opt stack 0
   129                           
   130                           ; 2 bytes @ 0x11
   131  000012                     	ds	2
   132  000014                     main@b:
   133                           	opt stack 0
   134                           
   135                           ; 1 bytes @ 0x13
   136  000014                     	ds	1
   137                           tblptru	equ	0xFF8
   138                           
   139 ;;
   140 ;;Main: autosize = 0, tempsize = 0, incstack = 0, save=0
   141 ;;
   142 ;; *************** function _main *****************
   143 ;; Defined at:
   144 ;;		line 68 in file "newmain.c"
   145 ;; Parameters:    Size  Location     Type
   146 ;;		None
   147 ;; Auto vars:     Size  Location     Type
   148 ;;  d               2   17[COMRAM] unsigned int 
   149 ;;  b               1   19[COMRAM] unsigned char 
   150 ;;  c               1   16[COMRAM] unsigned char 
   151 ;;  a               1   15[COMRAM] unsigned char 
   152 ;; Return value:  Size  Location     Type
   153 ;;		None               void
   154 ;; Registers used:
   155 ;;		wreg, status,2, status,0, tblptrl, tblptrh, tblptru, cstack
   156 ;; Tracked objects:
   157 ;;		On entry : 0/0
   158 ;;		On exit  : 0/0
   159 ;;		Unchanged: 0/0
   160 ;; Data sizes:     COMRAM   BANK0   BANK1   BANK2   BANK3   BANK4   BANK5   BANK6   BANK7
   161 ;;      Params:         0       0       0       0       0       0       0       0       0
   162 ;;      Locals:         5       0       0       0       0       0       0       0       0
   163 ;;      Temps:          0       0       0       0       0       0       0       0       0
   164 ;;      Totals:         5       0       0       0       0       0       0       0       0
   165 ;;Total ram usage:        5 bytes
   166 ;; Hardware stack levels required when called:    1
   167 ;; This function calls:
   168 ;;		___lwdiv
   169 ;;		___lwmod
   170 ;;		_write595
   171 ;; This function is called by:
   172 ;;		Startup code after reset
   173 ;; This function uses a non-reentrant model
   174 ;;
   175                           
   176                           	psect	text0
   177  00080C                     __ptext0:
   178                           	opt stack 0
   179  00080C                     _main:
   180                           	opt stack 30
   181                           
   182                           ;newmain.c: 70: unsigned char a;
   183                           ;newmain.c: 71: unsigned char b;
   184                           ;newmain.c: 72: unsigned char c;
   185                           ;newmain.c: 73: unsigned int d=0;
   186                           
   187                           ;incstack = 0
   188  00080C  0E00               	movlw	0
   189  00080E  6E13               	movwf	main@d+1,c
   190  000810  0E00               	movlw	0
   191  000812  6E12               	movwf	main@d,c
   192                           
   193                           ;newmain.c: 74: OSCCON=0X00;
   194  000814  0E00               	movlw	0
   195  000816  6ED3               	movwf	4051,c	;volatile
   196                           
   197                           ;newmain.c: 75: ADCON1=0X0f;
   198  000818  0E0F               	movlw	15
   199  00081A  6EC1               	movwf	4033,c	;volatile
   200                           
   201                           ;newmain.c: 76: TRISA=0B00000000;
   202  00081C  0E00               	movlw	0
   203  00081E  6E92               	movwf	3986,c	;volatile
   204                           
   205                           ;newmain.c: 77: write595(0x00,0x00);
   206  000820  0E00               	movlw	0
   207  000822  6E0D               	movwf	write595@U7buf,c
   208  000824  0E00               	movlw	0
   209  000826  ECB7  F004         	call	_write595
   210  00082A                     l830:
   211                           
   212                           ;newmain.c: 79: {
   213                           ;newmain.c: 80: if(++a>250)
   214  00082A  2A10               	incf	main@a,f,c
   215  00082C  0EFA               	movlw	250
   216  00082E  6410               	cpfsgt	main@a,c
   217  000830  D7FC               	goto	l830
   218                           
   219                           ;newmain.c: 81: {
   220                           ;newmain.c: 82: a=0;
   221  000832  0E00               	movlw	0
   222  000834  6E10               	movwf	main@a,c
   223                           
   224                           ;newmain.c: 83: if(++c>200)
   225  000836  2A11               	incf	main@c,f,c
   226  000838  0EC8               	movlw	200
   227  00083A  6411               	cpfsgt	main@c,c
   228  00083C  D00E               	goto	l842
   229                           
   230                           ;newmain.c: 84: {
   231                           ;newmain.c: 85: c=0;
   232  00083E  0E00               	movlw	0
   233  000840  6E11               	movwf	main@c,c
   234                           
   235                           ;newmain.c: 86: if(++d>9999) d=0;
   236  000842  4A12               	infsnz	main@d,f,c
   237  000844  2A13               	incf	main@d+1,f,c
   238  000846  0E10               	movlw	16
   239  000848  5C12               	subwf	main@d,w,c
   240  00084A  0E27               	movlw	39
   241  00084C  5813               	subwfb	main@d+1,w,c
   242  00084E  A0D8               	btfss	status,0,c
   243  000850  D004               	goto	l842
   244  000852  0E00               	movlw	0
   245  000854  6E13               	movwf	main@d+1,c
   246  000856  0E00               	movlw	0
   247  000858  6E12               	movwf	main@d,c
   248  00085A                     l842:
   249                           
   250                           ;newmain.c: 87: }
   251                           ;newmain.c: 88: write595(0x00,0x00);
   252  00085A  0E00               	movlw	0
   253  00085C  6E0D               	movwf	write595@U7buf,c
   254  00085E  0E00               	movlw	0
   255  000860  ECB7  F004         	call	_write595
   256                           
   257                           ;newmain.c: 89: if(++b>3) b=0;
   258  000864  2A14               	incf	main@b,f,c
   259  000866  0E03               	movlw	3
   260  000868  6414               	cpfsgt	main@b,c
   261  00086A  D073               	goto	l858
   262  00086C  0E00               	movlw	0
   263  00086E  6E14               	movwf	main@b,c
   264                           
   265                           ;newmain.c: 90: switch(b)
   266  000870  D070               	goto	l858
   267  000872                     l848:
   268                           
   269                           ;newmain.c: 93: write595(LED[d/1000],b);
   270  000872  C014  F00D         	movff	main@b,write595@U7buf
   271  000876  C012  F006         	movff	main@d,___lwdiv@dividend
   272  00087A  C013  F007         	movff	main@d+1,___lwdiv@dividend+1
   273  00087E  0E03               	movlw	3
   274  000880  6E09               	movwf	___lwdiv@divisor+1,c
   275  000882  0EE8               	movlw	232
   276  000884  6E08               	movwf	___lwdiv@divisor,c
   277  000886  ECE6  F004         	call	___lwdiv	;wreg free
   278  00088A  0E01               	movlw	low _LED
   279  00088C  2406               	addwf	?___lwdiv,w,c
   280  00088E  6EF6               	movwf	tblptrl,c
   281  000890  0E08               	movlw	high _LED
   282  000892  2007               	addwfc	?___lwdiv+1,w,c
   283  000894  6EF7               	movwf	tblptrh,c
   284  000896                     	if	0	;There are less than 3 active tblptr bytes
   285  000896                     	endif
   286  000896  0008               	tblrd		*
   287  000898  50F5               	movf	tablat,w,c
   288  00089A  ECB7  F004         	call	_write595
   289                           
   290                           ;newmain.c: 94: break;
   291  00089E  D7C5               	goto	l830
   292  0008A0                     l850:
   293                           
   294                           ;newmain.c: 96: write595(LED[(d%1000)/100],b);
   295  0008A0  C014  F00D         	movff	main@b,write595@U7buf
   296  0008A4  0E03               	movlw	3
   297  0008A6  6E04               	movwf	___lwmod@divisor+1,c
   298  0008A8  0EE8               	movlw	232
   299  0008AA  6E03               	movwf	___lwmod@divisor,c
   300  0008AC  C012  F001         	movff	main@d,___lwmod@dividend
   301  0008B0  C013  F002         	movff	main@d+1,___lwmod@dividend+1
   302  0008B4  EC0F  F005         	call	___lwmod	;wreg free
   303  0008B8  C001  F006         	movff	?___lwmod,___lwdiv@dividend
   304  0008BC  C002  F007         	movff	?___lwmod+1,___lwdiv@dividend+1
   305  0008C0  0E00               	movlw	0
   306  0008C2  6E09               	movwf	___lwdiv@divisor+1,c
   307  0008C4  0E64               	movlw	100
   308  0008C6  6E08               	movwf	___lwdiv@divisor,c
   309  0008C8  ECE6  F004         	call	___lwdiv	;wreg free
   310  0008CC  0E01               	movlw	low _LED
   311  0008CE  2406               	addwf	?___lwdiv,w,c
   312  0008D0  6EF6               	movwf	tblptrl,c
   313  0008D2  0E08               	movlw	high _LED
   314  0008D4  2007               	addwfc	?___lwdiv+1,w,c
   315  0008D6  6EF7               	movwf	tblptrh,c
   316  0008D8                     	if	0	;There are less than 3 active tblptr bytes
   317  0008D8                     	endif
   318  0008D8  0008               	tblrd		*
   319  0008DA  50F5               	movf	tablat,w,c
   320  0008DC  ECB7  F004         	call	_write595
   321                           
   322                           ;newmain.c: 97: break;
   323  0008E0  D7A4               	goto	l830
   324  0008E2                     l852:
   325                           
   326                           ;newmain.c: 99: write595(LED[(d%100)/10],b);
   327  0008E2  C014  F00D         	movff	main@b,write595@U7buf
   328  0008E6  0E00               	movlw	0
   329  0008E8  6E04               	movwf	___lwmod@divisor+1,c
   330  0008EA  0E64               	movlw	100
   331  0008EC  6E03               	movwf	___lwmod@divisor,c
   332  0008EE  C012  F001         	movff	main@d,___lwmod@dividend
   333  0008F2  C013  F002         	movff	main@d+1,___lwmod@dividend+1
   334  0008F6  EC0F  F005         	call	___lwmod	;wreg free
   335  0008FA  C001  F006         	movff	?___lwmod,___lwdiv@dividend
   336  0008FE  C002  F007         	movff	?___lwmod+1,___lwdiv@dividend+1
   337  000902  0E00               	movlw	0
   338  000904  6E09               	movwf	___lwdiv@divisor+1,c
   339  000906  0E0A               	movlw	10
   340  000908  6E08               	movwf	___lwdiv@divisor,c
   341  00090A  ECE6  F004         	call	___lwdiv	;wreg free
   342  00090E  0E01               	movlw	low _LED
   343  000910  2406               	addwf	?___lwdiv,w,c
   344  000912  6EF6               	movwf	tblptrl,c
   345  000914  0E08               	movlw	high _LED
   346  000916  2007               	addwfc	?___lwdiv+1,w,c
   347  000918  6EF7               	movwf	tblptrh,c
   348  00091A                     	if	0	;There are less than 3 active tblptr bytes
   349  00091A                     	endif
   350  00091A  0008               	tblrd		*
   351  00091C  50F5               	movf	tablat,w,c
   352  00091E  ECB7  F004         	call	_write595
   353                           
   354                           ;newmain.c: 100: break;
   355  000922  D783               	goto	l830
   356  000924                     l854:
   357                           
   358                           ;newmain.c: 102: write595(LED[d%10],b);
   359  000924  C014  F00D         	movff	main@b,write595@U7buf
   360  000928  C012  F001         	movff	main@d,___lwmod@dividend
   361  00092C  C013  F002         	movff	main@d+1,___lwmod@dividend+1
   362  000930  0E00               	movlw	0
   363  000932  6E04               	movwf	___lwmod@divisor+1,c
   364  000934  0E0A               	movlw	10
   365  000936  6E03               	movwf	___lwmod@divisor,c
   366  000938  EC0F  F005         	call	___lwmod	;wreg free
   367  00093C  0E01               	movlw	low _LED
   368  00093E  2401               	addwf	?___lwmod,w,c
   369  000940  6EF6               	movwf	tblptrl,c
   370  000942  0E08               	movlw	high _LED
   371  000944  2002               	addwfc	?___lwmod+1,w,c
   372  000946  6EF7               	movwf	tblptrh,c
   373  000948                     	if	0	;There are less than 3 active tblptr bytes
   374  000948                     	endif
   375  000948  0008               	tblrd		*
   376  00094A  50F5               	movf	tablat,w,c
   377  00094C  ECB7  F004         	call	_write595
   378                           
   379                           ;newmain.c: 106: }
   380                           
   381                           ;newmain.c: 105: break;
   382                           
   383                           ;newmain.c: 104: default:
   384                           
   385                           ;newmain.c: 103: break;
   386  000950  D76C               	goto	l830
   387  000952                     l858:
   388  000952  5014               	movf	main@b,w,c
   389                           
   390                           ; Switch size 1, requested type "space"
   391                           ; Number of cases is 4, Range of values is 0 to 3
   392                           ; switch strategies available:
   393                           ; Name         Instructions Cycles
   394                           ; simple_byte           13     7 (average)
   395                           ;	Chosen strategy is simple_byte
   396  000954  0A00               	xorlw	0	; case 0
   397  000956  B4D8               	btfsc	status,2,c
   398  000958  D78C               	goto	l848
   399  00095A  0A01               	xorlw	1	; case 1
   400  00095C  B4D8               	btfsc	status,2,c
   401  00095E  D7A0               	goto	l850
   402  000960  0A03               	xorlw	3	; case 2
   403  000962  B4D8               	btfsc	status,2,c
   404  000964  D7BE               	goto	l852
   405  000966  0A01               	xorlw	1	; case 3
   406  000968  B4D8               	btfsc	status,2,c
   407  00096A  D7DC               	goto	l854
   408  00096C  D75E               	goto	l830
   409  00096E                     __end_of_main:
   410                           	opt stack 0
   411                           tblptru	equ	0xFF8
   412                           tblptrh	equ	0xFF7
   413                           tblptrl	equ	0xFF6
   414                           tablat	equ	0xFF5
   415                           status	equ	0xFD8
   416                           
   417 ;; *************** function _write595 *****************
   418 ;; Defined at:
   419 ;;		line 28 in file "newmain.c"
   420 ;; Parameters:    Size  Location     Type
   421 ;;  U6buf           1    wreg     unsigned char 
   422 ;;  U7buf           1   12[COMRAM] unsigned char 
   423 ;; Auto vars:     Size  Location     Type
   424 ;;  U6buf           1   13[COMRAM] unsigned char 
   425 ;;  i               1   14[COMRAM] unsigned char 
   426 ;; Return value:  Size  Location     Type
   427 ;;		None               void
   428 ;; Registers used:
   429 ;;		wreg, status,2, status,0
   430 ;; Tracked objects:
   431 ;;		On entry : 0/0
   432 ;;		On exit  : 0/0
   433 ;;		Unchanged: 0/0
   434 ;; Data sizes:     COMRAM   BANK0   BANK1   BANK2   BANK3   BANK4   BANK5   BANK6   BANK7
   435 ;;      Params:         1       0       0       0       0       0       0       0       0
   436 ;;      Locals:         2       0       0       0       0       0       0       0       0
   437 ;;      Temps:          0       0       0       0       0       0       0       0       0
   438 ;;      Totals:         3       0       0       0       0       0       0       0       0
   439 ;;Total ram usage:        3 bytes
   440 ;; Hardware stack levels used:    1
   441 ;; This function calls:
   442 ;;		Nothing
   443 ;; This function is called by:
   444 ;;		_main
   445 ;; This function uses a non-reentrant model
   446 ;;
   447                           
   448                           	psect	text1
   449  00096E                     __ptext1:
   450                           	opt stack 0
   451  00096E                     _write595:
   452                           	opt stack 30
   453                           
   454                           ;incstack = 0
   455                           ;write595@U6buf stored from wreg
   456  00096E  6E0E               	movwf	write595@U6buf,c
   457                           
   458                           ;newmain.c: 30: unsigned char i;
   459                           ;newmain.c: 31: RA2=0;
   460  000970  9480               	bcf	3968,2,c	;volatile
   461                           
   462                           ;newmain.c: 32: for(i=0;i<8;i++)
   463  000972  0E00               	movlw	0
   464  000974  6E0F               	movwf	write595@i,c
   465  000976                     l754:
   466  000976  0E07               	movlw	7
   467  000978  640F               	cpfsgt	write595@i,c
   468  00097A  D001               	goto	l17
   469  00097C  D00E               	goto	l770
   470  00097E                     l17:
   471                           
   472                           ;newmain.c: 33: {
   473                           ;newmain.c: 34: if(U6buf&0x80)
   474  00097E  AE0E               	btfss	write595@U6buf,7,c
   475  000980  D002               	goto	l19
   476                           
   477                           ;newmain.c: 35: RA5=1;
   478  000982  8A80               	bsf	3968,5,c	;volatile
   479  000984  D001               	goto	l760
   480  000986                     l19:
   481                           
   482                           ;newmain.c: 36: else
   483                           ;newmain.c: 37: RA5=0;
   484  000986  9A80               	bcf	3968,5,c	;volatile
   485  000988                     l760:
   486                           
   487                           ;newmain.c: 38: U6buf=U6buf<<1;
   488  000988  500E               	movf	write595@U6buf,w,c
   489  00098A  240E               	addwf	write595@U6buf,w,c
   490  00098C  6E0E               	movwf	write595@U6buf,c
   491                           
   492                           ;newmain.c: 39: RA3=0;
   493  00098E  9680               	bcf	3968,3,c	;volatile
   494  000990  0004               	clrwdt		;# 
   495  000992  0004               	clrwdt		;# 
   496                           
   497                           ;newmain.c: 42: RA3=1;
   498  000994  8680               	bsf	3968,3,c	;volatile
   499  000996  2A0F               	incf	write595@i,f,c
   500  000998  D7EE               	goto	l754
   501  00099A                     l770:
   502                           
   503                           ;newmain.c: 43: }
   504                           ;newmain.c: 44: for(i=0;i<8;i++)
   505  00099A  0E00               	movlw	0
   506  00099C  6E0F               	movwf	write595@i,c
   507  00099E                     l772:
   508  00099E  0E07               	movlw	7
   509  0009A0  640F               	cpfsgt	write595@i,c
   510  0009A2  D001               	goto	l21
   511  0009A4  D00E               	goto	l22
   512  0009A6                     l21:
   513                           
   514                           ;newmain.c: 45: {
   515                           ;newmain.c: 46: if(U7buf&0x80)
   516  0009A6  AE0D               	btfss	write595@U7buf,7,c
   517  0009A8  D002               	goto	l23
   518                           
   519                           ;newmain.c: 47: RA5=1;
   520  0009AA  8A80               	bsf	3968,5,c	;volatile
   521  0009AC  D001               	goto	l778
   522  0009AE                     l23:
   523                           
   524                           ;newmain.c: 48: else
   525                           ;newmain.c: 49: RA5=0;
   526  0009AE  9A80               	bcf	3968,5,c	;volatile
   527  0009B0                     l778:
   528                           
   529                           ;newmain.c: 50: U7buf=U7buf<<1;
   530  0009B0  500D               	movf	write595@U7buf,w,c
   531  0009B2  240D               	addwf	write595@U7buf,w,c
   532  0009B4  6E0D               	movwf	write595@U7buf,c
   533                           
   534                           ;newmain.c: 51: RA3=0;
   535  0009B6  9680               	bcf	3968,3,c	;volatile
   536  0009B8  0004               	clrwdt		;# 
   537  0009BA  0004               	clrwdt		;# 
   538                           
   539                           ;newmain.c: 54: RA3=1;
   540  0009BC  8680               	bsf	3968,3,c	;volatile
   541  0009BE  2A0F               	incf	write595@i,f,c
   542  0009C0  D7EE               	goto	l772
   543  0009C2                     l22:
   544                           
   545                           ;newmain.c: 55: }
   546                           ;newmain.c: 56: RA2=1;
   547  0009C2  8480               	bsf	3968,2,c	;volatile
   548  0009C4  F000               	nop		;# 
   549  0009C6  F000               	nop		;# 
   550                           
   551                           ;newmain.c: 59: RA2=0;
   552  0009C8  9480               	bcf	3968,2,c	;volatile
   553  0009CA  0012               	return		;funcret
   554  0009CC                     __end_of_write595:
   555                           	opt stack 0
   556                           tblptru	equ	0xFF8
   557                           tblptrh	equ	0xFF7
   558                           tblptrl	equ	0xFF6
   559                           tablat	equ	0xFF5
   560                           status	equ	0xFD8
   561                           
   562 ;; *************** function ___lwmod *****************
   563 ;; Defined at:
   564 ;;		line 8 in file "C:\Program Files (x86)\Microchip\xc8\v1.35\sources\common\lwmod.c"
   565 ;; Parameters:    Size  Location     Type
   566 ;;  dividend        2    0[COMRAM] unsigned int 
   567 ;;  divisor         2    2[COMRAM] unsigned int 
   568 ;; Auto vars:     Size  Location     Type
   569 ;;  counter         1    4[COMRAM] unsigned char 
   570 ;; Return value:  Size  Location     Type
   571 ;;                  2    0[COMRAM] unsigned int 
   572 ;; Registers used:
   573 ;;		wreg, status,2, status,0
   574 ;; Tracked objects:
   575 ;;		On entry : 0/0
   576 ;;		On exit  : 0/0
   577 ;;		Unchanged: 0/0
   578 ;; Data sizes:     COMRAM   BANK0   BANK1   BANK2   BANK3   BANK4   BANK5   BANK6   BANK7
   579 ;;      Params:         4       0       0       0       0       0       0       0       0
   580 ;;      Locals:         1       0       0       0       0       0       0       0       0
   581 ;;      Temps:          0       0       0       0       0       0       0       0       0
   582 ;;      Totals:         5       0       0       0       0       0       0       0       0
   583 ;;Total ram usage:        5 bytes
   584 ;; Hardware stack levels used:    1
   585 ;; This function calls:
   586 ;;		Nothing
   587 ;; This function is called by:
   588 ;;		_main
   589 ;; This function uses a non-reentrant model
   590 ;;
   591                           
   592                           	psect	text2
   593  000A1E                     __ptext2:
   594                           	opt stack 0
   595  000A1E                     ___lwmod:
   596                           	opt stack 30
   597                           
   598                           ;incstack = 0
   599  000A1E  5003               	movf	___lwmod@divisor,w,c
   600  000A20  1004               	iorwf	___lwmod@divisor+1,w,c
   601  000A22  B4D8               	btfsc	status,2,c
   602  000A24  D018               	goto	l455
   603  000A26  0E01               	movlw	1
   604  000A28  6E05               	movwf	___lwmod@counter,c
   605  000A2A  D004               	goto	l816
   606  000A2C                     l814:
   607  000A2C  90D8               	bcf	status,0,c
   608  000A2E  3603               	rlcf	___lwmod@divisor,f,c
   609  000A30  3604               	rlcf	___lwmod@divisor+1,f,c
   610  000A32  2A05               	incf	___lwmod@counter,f,c
   611  000A34                     l816:
   612  000A34  AE04               	btfss	___lwmod@divisor+1,7,c
   613  000A36  D7FA               	goto	l814
   614  000A38                     l818:
   615  000A38  5003               	movf	___lwmod@divisor,w,c
   616  000A3A  5C01               	subwf	___lwmod@dividend,w,c
   617  000A3C  5004               	movf	___lwmod@divisor+1,w,c
   618  000A3E  5802               	subwfb	___lwmod@dividend+1,w,c
   619  000A40  A0D8               	btfss	status,0,c
   620  000A42  D004               	goto	l822
   621  000A44  5003               	movf	___lwmod@divisor,w,c
   622  000A46  5E01               	subwf	___lwmod@dividend,f,c
   623  000A48  5004               	movf	___lwmod@divisor+1,w,c
   624  000A4A  5A02               	subwfb	___lwmod@dividend+1,f,c
   625  000A4C                     l822:
   626  000A4C  90D8               	bcf	status,0,c
   627  000A4E  3204               	rrcf	___lwmod@divisor+1,f,c
   628  000A50  3203               	rrcf	___lwmod@divisor,f,c
   629  000A52  2E05               	decfsz	___lwmod@counter,f,c
   630  000A54  D7F1               	goto	l818
   631  000A56                     l455:
   632  000A56  C001  F001         	movff	___lwmod@dividend,?___lwmod
   633  000A5A  C002  F002         	movff	___lwmod@dividend+1,?___lwmod+1
   634  000A5E  0012               	return		;funcret
   635  000A60                     __end_of___lwmod:
   636                           	opt stack 0
   637                           tblptru	equ	0xFF8
   638                           tblptrh	equ	0xFF7
   639                           tblptrl	equ	0xFF6
   640                           tablat	equ	0xFF5
   641                           status	equ	0xFD8
   642                           
   643 ;; *************** function ___lwdiv *****************
   644 ;; Defined at:
   645 ;;		line 8 in file "C:\Program Files (x86)\Microchip\xc8\v1.35\sources\common\lwdiv.c"
   646 ;; Parameters:    Size  Location     Type
   647 ;;  dividend        2    5[COMRAM] unsigned int 
   648 ;;  divisor         2    7[COMRAM] unsigned int 
   649 ;; Auto vars:     Size  Location     Type
   650 ;;  quotient        2    9[COMRAM] unsigned int 
   651 ;;  counter         1   11[COMRAM] unsigned char 
   652 ;; Return value:  Size  Location     Type
   653 ;;                  2    5[COMRAM] unsigned int 
   654 ;; Registers used:
   655 ;;		wreg, status,2, status,0
   656 ;; Tracked objects:
   657 ;;		On entry : 0/0
   658 ;;		On exit  : 0/0
   659 ;;		Unchanged: 0/0
   660 ;; Data sizes:     COMRAM   BANK0   BANK1   BANK2   BANK3   BANK4   BANK5   BANK6   BANK7
   661 ;;      Params:         4       0       0       0       0       0       0       0       0
   662 ;;      Locals:         3       0       0       0       0       0       0       0       0
   663 ;;      Temps:          0       0       0       0       0       0       0       0       0
   664 ;;      Totals:         7       0       0       0       0       0       0       0       0
   665 ;;Total ram usage:        7 bytes
   666 ;; Hardware stack levels used:    1
   667 ;; This function calls:
   668 ;;		Nothing
   669 ;; This function is called by:
   670 ;;		_main
   671 ;; This function uses a non-reentrant model
   672 ;;
   673                           
   674                           	psect	text3
   675  0009CC                     __ptext3:
   676                           	opt stack 0
   677  0009CC                     ___lwdiv:
   678                           	opt stack 30
   679                           
   680                           ;incstack = 0
   681  0009CC  0E00               	movlw	0
   682  0009CE  6E0B               	movwf	___lwdiv@quotient+1,c
   683  0009D0  0E00               	movlw	0
   684  0009D2  6E0A               	movwf	___lwdiv@quotient,c
   685  0009D4  5008               	movf	___lwdiv@divisor,w,c
   686  0009D6  1009               	iorwf	___lwdiv@divisor+1,w,c
   687  0009D8  B4D8               	btfsc	status,2,c
   688  0009DA  D01C               	goto	l445
   689  0009DC  0E01               	movlw	1
   690  0009DE  6E0C               	movwf	___lwdiv@counter,c
   691  0009E0  D004               	goto	l796
   692  0009E2                     l794:
   693  0009E2  90D8               	bcf	status,0,c
   694  0009E4  3608               	rlcf	___lwdiv@divisor,f,c
   695  0009E6  3609               	rlcf	___lwdiv@divisor+1,f,c
   696  0009E8  2A0C               	incf	___lwdiv@counter,f,c
   697  0009EA                     l796:
   698  0009EA  AE09               	btfss	___lwdiv@divisor+1,7,c
   699  0009EC  D7FA               	goto	l794
   700  0009EE                     l798:
   701  0009EE  90D8               	bcf	status,0,c
   702  0009F0  360A               	rlcf	___lwdiv@quotient,f,c
   703  0009F2  360B               	rlcf	___lwdiv@quotient+1,f,c
   704  0009F4  5008               	movf	___lwdiv@divisor,w,c
   705  0009F6  5C06               	subwf	___lwdiv@dividend,w,c
   706  0009F8  5009               	movf	___lwdiv@divisor+1,w,c
   707  0009FA  5807               	subwfb	___lwdiv@dividend+1,w,c
   708  0009FC  A0D8               	btfss	status,0,c
   709  0009FE  D005               	goto	l806
   710  000A00  5008               	movf	___lwdiv@divisor,w,c
   711  000A02  5E06               	subwf	___lwdiv@dividend,f,c
   712  000A04  5009               	movf	___lwdiv@divisor+1,w,c
   713  000A06  5A07               	subwfb	___lwdiv@dividend+1,f,c
   714  000A08  800A               	bsf	___lwdiv@quotient,0,c
   715  000A0A                     l806:
   716  000A0A  90D8               	bcf	status,0,c
   717  000A0C  3209               	rrcf	___lwdiv@divisor+1,f,c
   718  000A0E  3208               	rrcf	___lwdiv@divisor,f,c
   719  000A10  2E0C               	decfsz	___lwdiv@counter,f,c
   720  000A12  D7ED               	goto	l798
   721  000A14                     l445:
   722  000A14  C00A  F006         	movff	___lwdiv@quotient,?___lwdiv
   723  000A18  C00B  F007         	movff	___lwdiv@quotient+1,?___lwdiv+1
   724  000A1C  0012               	return		;funcret
   725  000A1E                     __end_of___lwdiv:
   726                           	opt stack 0
   727                           tblptru	equ	0xFF8
   728                           tblptrh	equ	0xFF7
   729                           tblptrl	equ	0xFF6
   730                           tablat	equ	0xFF5
   731                           status	equ	0xFD8
   732                           tblptru	equ	0xFF8
   733                           tblptrh	equ	0xFF7
   734                           tblptrl	equ	0xFF6
   735                           tablat	equ	0xFF5
   736                           status	equ	0xFD8
   737                           
   738                           	psect	rparam
   739  0000                     tblptru	equ	0xFF8
   740                           tblptrh	equ	0xFF7
   741                           tblptrl	equ	0xFF6
   742                           tablat	equ	0xFF5
   743                           status	equ	0xFD8


Data Sizes:
    Strings     0
    Constant    10
    Data        0
    BSS         0
    Persistent  0
    Stack       0

Auto Spaces:
    Space          Size  Autos    Used
    COMRAM           95     20      20
    BANK0           160      0       0
    BANK1           256      0       0
    BANK2           256      0       0
    BANK3           256      0       0
    BANK4           256      0       0
    BANK5           256      0       0
    BANK6           256      0       0
    BANK7           256      0       0

Pointer List with Targets:

    None.

Critical Paths under _main in COMRAM

    _main->_write595
    _write595->___lwdiv
    ___lwdiv->___lwmod

Critical Paths under _main in BANK0

    None.

Critical Paths under _main in BANK1

    None.

Critical Paths under _main in BANK2

    None.

Critical Paths under _main in BANK3

    None.

Critical Paths under _main in BANK4

    None.

Critical Paths under _main in BANK5

    None.

Critical Paths under _main in BANK6

    None.

Critical Paths under _main in BANK7

    None.

Call Graph Tables:

 ---------------------------------------------------------------------------------
 (Depth) Function   	        Calls       Base Space   Used Autos Params    Refs
 ---------------------------------------------------------------------------------
 (0) _main                                                 5     5      0    1568
                                             15 COMRAM     5     5      0
                            ___lwdiv
                            ___lwmod
                           _write595
 ---------------------------------------------------------------------------------
 (1) _write595                                             3     2      1     440
                                             12 COMRAM     3     2      1
                            ___lwdiv (ARG)
                            ___lwmod (ARG)
 ---------------------------------------------------------------------------------
 (1) ___lwmod                                              5     1      4     417
                                              0 COMRAM     5     1      4
 ---------------------------------------------------------------------------------
 (1) ___lwdiv                                              7     3      4     420
                                              5 COMRAM     7     3      4
                            ___lwmod (ARG)
 ---------------------------------------------------------------------------------
 Estimated maximum stack depth 1
 ---------------------------------------------------------------------------------

 Call Graph Graphs:

 _main (ROOT)
   ___lwdiv
     ___lwmod (ARG)
   ___lwmod
   _write595
     ___lwdiv (ARG)
       ___lwmod (ARG)
     ___lwmod (ARG)

 Address spaces:
Name               Size   Autos  Total    Cost      Usage
BITCOMRAM           5F      0       0       0        0.0%
EEDATA             100      0       0       0        0.0%
NULL                 0      0       0       0        0.0%
CODE                 0      0       0       0        0.0%
COMRAM              5F     14      14       1       21.1%
STACK                0      0       0       2        0.0%
DATA                 0      0       0       3        0.0%
BITBANK0            A0      0       0       4        0.0%
BANK0               A0      0       0       5        0.0%
BITBANK1           100      0       0       6        0.0%
BANK1              100      0       0       7        0.0%
BITBANK2           100      0       0       8        0.0%
BANK2              100      0       0       9        0.0%
BITBANK3           100      0       0      10        0.0%
BANK3              100      0       0      11        0.0%
BITBANK4           100      0       0      12        0.0%
BANK4              100      0       0      13        0.0%
BITBANK5           100      0       0      14        0.0%
BANK5              100      0       0      15        0.0%
BITBANK6           100      0       0      16        0.0%
BANK6              100      0       0      17        0.0%
BITBANK7           100      0       0      18        0.0%
BANK7              100      0       0      19        0.0%
ABS                  0      0       0      20        0.0%
BIGRAM             7FF      0       0      21        0.0%
BITSFR               0      0       0      40        0.0%
SFR                  0      0       0      40        0.0%


Microchip Technology PIC18 Macro Assembler V1.35 build -356382666 
Symbol Table                                                                                   Tue Aug 25 13:51:19 2015

                     l21 09A6                       l22 09C2                       l23 09AE  
                     l17 097E                       l19 0986              __CFG_BORV$1 000000  
                    l445 0A14                      l455 0A56                      l806 0A0A  
                    l822 0A4C                      l814 0A2C                      l830 082A  
                    l816 0A34                      l760 0988                      l818 0A38  
                    l770 099A                      l754 0976                      l850 08A0  
                    l842 085A                      l772 099E                      l852 08E2  
                    l854 0924                      l848 0872                      l794 09E2  
                    l778 09B0                      l858 0952                      l796 09EA  
                    l798 09EE                      _RA2 007C02                      _RA3 007C03  
                    _LED 0801                      _RA5 007C05             __CFG_FOSC$HS 000000  
           __CFG_LVP$OFF 000000             __CFG_WDT$OFF 000000                     _main 080C  
                   start 0000            __CFG_MCLRE$ON 000000             ___param_bank 000010  
                  ?_main 0001          __end_of___lwdiv 0A1E          __end_of___lwmod 0A60  
                  _TRISA 000F92                    main@a 0010                    main@b 0014  
                  main@c 0011                    main@d 0012                    tablat 000FF5  
                  status 000FD8          __initialization 0A60             __end_of_main 096E  
                 ??_main 0010            __activetblptr 000002                   _ADCON1 000FC1  
                 _OSCCON 000FD3           __CFG_XINST$OFF 000000                ??___lwdiv 000A  
              ??___lwmod 0005             __mediumconst 0000                   tblptrh 000FF7  
                 tblptrl 000FF6                   tblptru 000FF8         __end_of_write595 09CC  
             __accesstop 0060  __end_of__initialization 0A60          __CFG_PBADEN$OFF 000000  
          ___rparam_used 000001           __pcstackCOMRAM 0001                  __Hparam 0000  
                __Lparam 0000                  ___lwdiv 09CC                  ___lwmod 0A1E  
           __psmallconst 0800                ?_write595 000D                  __pcinit 0A60  
                __ramtop 0800                  __ptext0 080C                  __ptext1 096E  
                __ptext2 0A1E                  __ptext3 09CC     end_of_initialization 0A60  
          __Lmediumconst 0000               ??_write595 000E      start_initialization 0A60  
            __end_of_LED 080B       __CFG_BOR$ON_ACTIVE 000000         ___lwdiv@dividend 0006  
               ?___lwdiv 0006                 ?___lwmod 0001            write595@U6buf 000E  
          write595@U7buf 000D              __smallconst 0800        __size_of_write595 005E  
       ___lwdiv@quotient 000A                 __Hrparam 0000                 __Lrparam 0000  
       __size_of___lwdiv 0052         __size_of___lwmod 0042          ___lwdiv@divisor 0008  
        ___lwdiv@counter 000C            __size_of_main 0162                 _write595 096E  
       ___lwmod@dividend 0001                write595@i 000F          ___lwmod@divisor 0003  
        ___lwmod@counter 0005  
