

Microchip Technology PIC18 LITE Macro Assembler V1.35 build -356382666 
                                                                                               Mon Aug 24 08:40:50 2015

Microchip Technology Omniscient Code Generator v1.35 (Free mode) build 201507080246
     1                           	processor	18F4550
     2                           	fnconf	rparam,??,?,0
     3                           	opt	pw 120
     4                           	opt	lm
     5                           	psect	smallconst,global,reloc=2,class=SMALLCONST,delta=1
     6                           	psect	cinit,global,reloc=2,class=CODE,delta=1
     7                           	psect	cstackCOMRAM,global,class=COMRAM,space=1,delta=1
     8                           	psect	text0,global,reloc=2,class=CODE,delta=1
     9                           	psect	intsave_regs,global,class=BIGRAM,space=1,delta=1
    10                           	psect	rparam,global,class=COMRAM,space=1,delta=1
    11  0000                     
    12                           	psect	smallconst
    13  000800                     __psmallconst:
    14                           	opt stack 0
    15  000800  00                 	db	0
    16  000801                     _LED:
    17                           	opt stack 0
    18  000801  3F                 	db	63
    19  000802  06                 	db	6
    20  000803  5B                 	db	91
    21  000804  4F                 	db	79
    22  000805  66                 	db	102
    23  000806  6D                 	db	109
    24  000807  7D                 	db	125
    25  000808  07                 	db	7
    26  000809  7F                 	db	127
    27  00080A  6F                 	db	111
    28  00080B                     __end_of_LED:
    29                           	opt stack 0
    30  0000                     _ADCON1	set	4033
    31  0000                     _OSCCON	set	4051
    32  0000                     _PORTD	set	3971
    33  0000                     _TRISB	set	3987
    34  0000                     _TRISD	set	3989
    35  0000                     _RB0	set	31752
    36  0000                     _RB1	set	31753
    37  0000                     _RB2	set	31754
    38  0000                     _RB3	set	31755
    39  0000                     _RB4	set	31756
    40  0000                     _RB5	set	31757
    41  0000                     _RB6	set	31758
    42  0000                     _RB7	set	31759
    43                           
    44                           ; #config settings
    45  00080B  00                 	db	0	; dummy byte at the end
    46  0000                     
    47                           	psect	cinit
    48  000888                     __pcinit:
    49                           	opt stack 0
    50  000888                     start_initialization:
    51                           	opt stack 0
    52  000888                     __initialization:
    53                           	opt stack 0
    54  000888                     end_of_initialization:
    55                           	opt stack 0
    56  000888                     __end_of__initialization:
    57                           	opt stack 0
    58  000888  0E00               	movlw	low (__Lsmallconst shr (0+16))
    59  00088A  6EF8               	movwf	tblptru,c
    60  00088C  0E08               	movlw	high __Lsmallconst
    61  00088E  6EF7               	movwf	tblptrh,c
    62  000890  0100               	movlb	0
    63  000892  EF06  F004         	goto	_main	;jump to C main() function
    64                           tblptru	equ	0xFF8
    65                           tblptrh	equ	0xFF7
    66                           
    67                           	psect	cstackCOMRAM
    68  000000                     __pcstackCOMRAM:
    69                           	opt stack 0
    70  000000                     tblptru	equ	0xFF8
    71                           tblptrh	equ	0xFF7
    72                           
    73                           ; 0 bytes @ 0x0
    74 ;;
    75 ;;Main: autosize = 0, tempsize = 0, incstack = 0, save=0
    76 ;;
    77 ;; *************** function _main *****************
    78 ;; Defined at:
    79 ;;		line 34 in file "newmain.c"
    80 ;; Parameters:    Size  Location     Type
    81 ;;		None
    82 ;; Auto vars:     Size  Location     Type
    83 ;;		None
    84 ;; Return value:  Size  Location     Type
    85 ;;		None               void
    86 ;; Registers used:
    87 ;;		wreg, status,2, status,0, tblptrl, tblptrh, tblptru
    88 ;; Tracked objects:
    89 ;;		On entry : 0/0
    90 ;;		On exit  : 0/0
    91 ;;		Unchanged: 0/0
    92 ;; Data sizes:     COMRAM   BANK0   BANK1   BANK2   BANK3   BANK4   BANK5   BANK6   BANK7
    93 ;;      Params:         0       0       0       0       0       0       0       0       0
    94 ;;      Locals:         0       0       0       0       0       0       0       0       0
    95 ;;      Temps:          0       0       0       0       0       0       0       0       0
    96 ;;      Totals:         0       0       0       0       0       0       0       0       0
    97 ;;Total ram usage:        0 bytes
    98 ;; This function calls:
    99 ;;		Nothing
   100 ;; This function is called by:
   101 ;;		Startup code after reset
   102 ;; This function uses a non-reentrant model
   103 ;;
   104                           
   105                           	psect	text0
   106  00080C                     __ptext0:
   107                           	opt stack 0
   108  00080C                     _main:
   109                           	opt stack 31
   110                           
   111                           ;newmain.c: 36: OSCCON=0X00;
   112                           
   113                           ;incstack = 0
   114  00080C  0E00               	movlw	0
   115  00080E  6ED3               	movwf	4051,c	;volatile
   116                           
   117                           ;newmain.c: 37: ADCON1=0X0f;
   118  000810  0E0F               	movlw	15
   119  000812  6EC1               	movwf	4033,c	;volatile
   120                           
   121                           ;newmain.c: 38: TRISD=0B00000000;
   122  000814  0E00               	movlw	0
   123  000816  6E95               	movwf	3989,c	;volatile
   124                           
   125                           ;newmain.c: 39: TRISB=0B11111111;
   126  000818  6893               	setf	3987,c	;volatile
   127  00081A                     l652:
   128                           
   129                           ;newmain.c: 41: {
   130                           ;newmain.c: 42: if(RB0==0) PORTD=LED[1];
   131  00081A  B081               	btfsc	3969,0,c	;volatile
   132  00081C  D004               	goto	l32
   133  00081E  0E02               	movlw	low (_LED+1)
   134  000820  6EF6               	movwf	tblptrl,c
   135  000822  0E08               	movlw	high (_LED+1)
   136  000824  D029               	goto	L7
   137  000826                     l32:
   138                           
   139                           ;newmain.c: 43: else if(RB1==0) PORTD=LED[2];
   140  000826  B281               	btfsc	3969,1,c	;volatile
   141  000828  D004               	goto	l34
   142  00082A  0E03               	movlw	low (_LED+2)
   143  00082C  6EF6               	movwf	tblptrl,c
   144  00082E  0E08               	movlw	high (_LED+2)
   145  000830  D023               	goto	L7
   146  000832                     l34:
   147                           
   148                           ;newmain.c: 44: else if(RB2==0) PORTD=LED[3];
   149  000832  B481               	btfsc	3969,2,c	;volatile
   150  000834  D004               	goto	l36
   151  000836  0E04               	movlw	low (_LED+3)
   152  000838  6EF6               	movwf	tblptrl,c
   153  00083A  0E08               	movlw	high (_LED+3)
   154  00083C  D01D               	goto	L7
   155  00083E                     l36:
   156                           
   157                           ;newmain.c: 45: else if(RB3==0) PORTD=LED[4];
   158  00083E  B681               	btfsc	3969,3,c	;volatile
   159  000840  D004               	goto	l38
   160  000842  0E05               	movlw	low (_LED+4)
   161  000844  6EF6               	movwf	tblptrl,c
   162  000846  0E08               	movlw	high (_LED+4)
   163  000848  D017               	goto	L7
   164  00084A                     l38:
   165                           
   166                           ;newmain.c: 46: else if(RB4==0) PORTD=LED[5];
   167  00084A  B881               	btfsc	3969,4,c	;volatile
   168  00084C  D004               	goto	l40
   169  00084E  0E06               	movlw	low (_LED+5)
   170  000850  6EF6               	movwf	tblptrl,c
   171  000852  0E08               	movlw	high (_LED+5)
   172  000854  D011               	goto	L7
   173  000856                     l40:
   174                           
   175                           ;newmain.c: 47: else if(RB5==0) PORTD=LED[6];
   176  000856  BA81               	btfsc	3969,5,c	;volatile
   177  000858  D004               	goto	l42
   178  00085A  0E07               	movlw	low (_LED+6)
   179  00085C  6EF6               	movwf	tblptrl,c
   180  00085E  0E08               	movlw	high (_LED+6)
   181  000860  D00B               	goto	L7
   182  000862                     l42:
   183                           
   184                           ;newmain.c: 48: else if(RB6==0) PORTD=LED[7];
   185  000862  BC81               	btfsc	3969,6,c	;volatile
   186  000864  D004               	goto	l44
   187  000866  0E08               	movlw	low (_LED+7)
   188  000868  6EF6               	movwf	tblptrl,c
   189  00086A  0E08               	movlw	high (_LED+7)
   190  00086C  D005               	goto	L7
   191  00086E                     l44:
   192                           
   193                           ;newmain.c: 49: else if(RB7==0) PORTD=LED[8];
   194  00086E  BE81               	btfsc	3969,7,c	;volatile
   195  000870  D008               	goto	l670
   196  000872  0E09               	movlw	low (_LED+8)
   197  000874  6EF6               	movwf	tblptrl,c
   198  000876  0E08               	movlw	high (_LED+8)
   199  000878                     L7:
   200  000878  6EF7               	movwf	tblptrh,c
   201  00087A                     	if	0	;tblptru may be non-zero
   202  00087A                     	endif
   203  00087A                     	if	0	;tblptru may be non-zero
   204  00087A                     	endif
   205  00087A  0008               	tblrd		*
   206  00087C  CFF5 FF83          	movff	tablat,3971	;volatile
   207  000880  D7CC               	goto	l652
   208  000882                     l670:
   209                           
   210                           ;newmain.c: 50: else PORTD=0;
   211  000882  0E00               	movlw	0
   212  000884  6E83               	movwf	3971,c	;volatile
   213  000886  D7C9               	goto	l652
   214  000888                     __end_of_main:
   215                           	opt stack 0
   216                           tblptru	equ	0xFF8
   217                           tblptrh	equ	0xFF7
   218                           tblptrl	equ	0xFF6
   219                           tablat	equ	0xFF5
   220                           tblptru	equ	0xFF8
   221                           tblptrh	equ	0xFF7
   222                           tblptrl	equ	0xFF6
   223                           tablat	equ	0xFF5
   224                           
   225                           	psect	rparam
   226  0000                     tblptru	equ	0xFF8
   227                           tblptrh	equ	0xFF7
   228                           tblptrl	equ	0xFF6
   229                           tablat	equ	0xFF5


Data Sizes:
    Strings     0
    Constant    10
    Data        0
    BSS         0
    Persistent  0
    Stack       0

Auto Spaces:
    Space          Size  Autos    Used
    COMRAM           95      0       0
    BANK0           160      0       0
    BANK1           256      0       0
    BANK2           256      0       0
    BANK3           256      0       0
    BANK4           256      0       0
    BANK5           256      0       0
    BANK6           256      0       0
    BANK7           256      0       0

Pointer List with Targets:

    None.

Critical Paths under _main in COMRAM

    None.

Critical Paths under _main in BANK0

    None.

Critical Paths under _main in BANK1

    None.

Critical Paths under _main in BANK2

    None.

Critical Paths under _main in BANK3

    None.

Critical Paths under _main in BANK4

    None.

Critical Paths under _main in BANK5

    None.

Critical Paths under _main in BANK6

    None.

Critical Paths under _main in BANK7

    None.

Call Graph Tables:

 ---------------------------------------------------------------------------------
 (Depth) Function   	        Calls       Base Space   Used Autos Params    Refs
 ---------------------------------------------------------------------------------
 (0) _main                                                 0     0      0       0
 ---------------------------------------------------------------------------------
 Estimated maximum stack depth 0
 ---------------------------------------------------------------------------------

 Call Graph Graphs:

 _main (ROOT)

 Address spaces:
Name               Size   Autos  Total    Cost      Usage
BITCOMRAM           5F      0       0       0        0.0%
EEDATA             100      0       0       0        0.0%
NULL                 0      0       0       0        0.0%
CODE                 0      0       0       0        0.0%
COMRAM              5F      0       0       1        0.0%
STACK                0      0       0       2        0.0%
DATA                 0      0       0       3        0.0%
BITBANK0            A0      0       0       4        0.0%
BANK0               A0      0       0       5        0.0%
BITBANK1           100      0       0       6        0.0%
BANK1              100      0       0       7        0.0%
BITBANK2           100      0       0       8        0.0%
BANK2              100      0       0       9        0.0%
BITBANK3           100      0       0      10        0.0%
BANK3              100      0       0      11        0.0%
BITBANK4           100      0       0      12        0.0%
BANK4              100      0       0      13        0.0%
BITBANK5           100      0       0      14        0.0%
BANK5              100      0       0      15        0.0%
BITBANK6           100      0       0      16        0.0%
BANK6              100      0       0      17        0.0%
BITBANK7           100      0       0      18        0.0%
BANK7              100      0       0      19        0.0%
ABS                  0      0       0      20        0.0%
BIGRAM             7FF      0       0      21        0.0%
BITSFR               0      0       0      40        0.0%
SFR                  0      0       0      40        0.0%


Microchip Technology PIC18 Macro Assembler V1.35 build -356382666 
Symbol Table                                                                                   Mon Aug 24 08:40:50 2015

                     l40 0856                       l32 0826                       l42 0862  
                     l34 0832                       l44 086E                       l36 083E  
                     l38 084A              __CFG_BORV$1 000000                      l652 081A  
                    l670 0882                      _RB0 007C08                      _RB1 007C09  
                    _RB2 007C0A                      _LED 0801                      _RB3 007C0B  
                    _RB4 007C0C                      _RB5 007C0D                      _RB6 007C0E  
                    _RB7 007C0F             __CFG_FOSC$HS 000000             __CFG_LVP$OFF 000000  
           __CFG_WDT$OFF 000000                     _main 080C                     start 0000  
          __CFG_MCLRE$ON 000000             ___param_bank 000010                    ?_main 0000  
                  _PORTD 000F83                    _TRISB 000F93                    _TRISD 000F95  
                  tablat 000FF5          __initialization 0888             __end_of_main 0888  
                 ??_main 0000            __activetblptr 000001                   _ADCON1 000FC1  
                 _OSCCON 000FD3           __CFG_XINST$OFF 000000             __mediumconst 0000  
                 tblptrh 000FF7                   tblptrl 000FF6                   tblptru 000FF8  
             __accesstop 0060  __end_of__initialization 0888          __CFG_PBADEN$OFF 000000  
          ___rparam_used 000001           __pcstackCOMRAM 0000                  __Hparam 0000  
                __Lparam 0000             __psmallconst 0800                  __pcinit 0888  
                __ramtop 0800                  __ptext0 080C     end_of_initialization 0888  
    start_initialization 0888              __end_of_LED 080B       __CFG_BOR$ON_ACTIVE 000000  
            __smallconst 0800                 __Hrparam 0000                 __Lrparam 0000  
           __Lsmallconst 0800            __size_of_main 007C  
