

Microchip Technology PIC18 LITE Macro Assembler V1.35 build -356382666 
                                                                                               Mon Aug 24 08:57:12 2015

Microchip Technology Omniscient Code Generator v1.35 (Free mode) build 201507080246
     1                           	processor	18F4550
     2                           	fnconf	rparam,??,?,0
     3                           	opt	pw 120
     4                           	opt	lm
     5                           	psect	cinit,global,reloc=2,class=CODE,delta=1
     6                           	psect	cstackCOMRAM,global,class=COMRAM,space=1,delta=1
     7                           	psect	text0,global,reloc=2,class=CODE,delta=1
     8                           	psect	intsave_regs,global,class=BIGRAM,space=1,delta=1
     9                           	psect	rparam,global,class=COMRAM,space=1,delta=1
    10  0000                     _ADCON1	set	4033
    11  0000                     _OSCCON	set	4051
    12  0000                     _TRISB	set	3987
    13  0000                     _TRISC	set	3988
    14  0000                     _RB0	set	31752
    15  0000                     _RB1	set	31753
    16  0000                     _RB2	set	31754
    17  0000                     _RB3	set	31755
    18  0000                     _RB4	set	31756
    19  0000                     _RB5	set	31757
    20  0000                     _RB6	set	31758
    21  0000                     _RB7	set	31759
    22  0000                     _RC2	set	31762
    23                           
    24                           ; #config settings
    25  0000                     
    26                           	psect	cinit
    27  007FCA                     __pcinit:
    28                           	opt stack 0
    29  007FCA                     start_initialization:
    30                           	opt stack 0
    31  007FCA                     __initialization:
    32                           	opt stack 0
    33  007FCA                     end_of_initialization:
    34                           	opt stack 0
    35  007FCA                     __end_of__initialization:
    36                           	opt stack 0
    37  007FCA  0100               	movlb	0
    38  007FCC  EFE8  F03F         	goto	_main	;jump to C main() function
    39                           
    40                           	psect	cstackCOMRAM
    41  000000                     __pcstackCOMRAM:
    42                           	opt stack 0
    43  000000                     
    44                           ; 0 bytes @ 0x0
    45 ;;
    46 ;;Main: autosize = 0, tempsize = 0, incstack = 0, save=0
    47 ;;
    48 ;; *************** function _main *****************
    49 ;; Defined at:
    50 ;;		line 15 in file "newmain.c"
    51 ;; Parameters:    Size  Location     Type
    52 ;;		None
    53 ;; Auto vars:     Size  Location     Type
    54 ;;		None
    55 ;; Return value:  Size  Location     Type
    56 ;;		None               void
    57 ;; Registers used:
    58 ;;		wreg, status,2
    59 ;; Tracked objects:
    60 ;;		On entry : 0/0
    61 ;;		On exit  : 0/0
    62 ;;		Unchanged: 0/0
    63 ;; Data sizes:     COMRAM   BANK0   BANK1   BANK2   BANK3   BANK4   BANK5   BANK6   BANK7
    64 ;;      Params:         0       0       0       0       0       0       0       0       0
    65 ;;      Locals:         0       0       0       0       0       0       0       0       0
    66 ;;      Temps:          0       0       0       0       0       0       0       0       0
    67 ;;      Totals:         0       0       0       0       0       0       0       0       0
    68 ;;Total ram usage:        0 bytes
    69 ;; This function calls:
    70 ;;		Nothing
    71 ;; This function is called by:
    72 ;;		Startup code after reset
    73 ;; This function uses a non-reentrant model
    74 ;;
    75                           
    76                           	psect	text0
    77  007FD0                     __ptext0:
    78                           	opt stack 0
    79  007FD0                     _main:
    80                           	opt stack 31
    81                           
    82                           ;newmain.c: 17: OSCCON=0X00;
    83                           
    84                           ;incstack = 0
    85  007FD0  0E00               	movlw	0
    86  007FD2  6ED3               	movwf	4051,c	;volatile
    87                           
    88                           ;newmain.c: 18: ADCON1=0X0f;
    89  007FD4  0E0F               	movlw	15
    90  007FD6  6EC1               	movwf	4033,c	;volatile
    91                           
    92                           ;newmain.c: 19: TRISC=0B11111011;
    93  007FD8  0EFB               	movlw	251
    94  007FDA  6E94               	movwf	3988,c	;volatile
    95                           
    96                           ;newmain.c: 20: TRISB=0B11111111;
    97  007FDC  6893               	setf	3987,c	;volatile
    98  007FDE                     l650:
    99                           
   100                           ;newmain.c: 22: {
   101                           ;newmain.c: 23: if(RB0==0) RC2=1;
   102  007FDE  B081               	btfsc	3969,0,c	;volatile
   103                           
   104                           ;newmain.c: 24: else if(RB1==0) RC2=1;
   105  007FE0  A281               	btfss	3969,1,c	;volatile
   106  007FE2  D00A               	goto	l666
   107                           
   108                           ;newmain.c: 25: else if(RB2==0) RC2=1;
   109  007FE4  B481               	btfsc	3969,2,c	;volatile
   110                           
   111                           ;newmain.c: 26: else if(RB3==0) RC2=1;
   112  007FE6  A681               	btfss	3969,3,c	;volatile
   113  007FE8  D007               	goto	l666
   114                           
   115                           ;newmain.c: 27: else if(RB4==0) RC2=1;
   116  007FEA  B881               	btfsc	3969,4,c	;volatile
   117                           
   118                           ;newmain.c: 28: else if(RB5==0) RC2=1;
   119  007FEC  AA81               	btfss	3969,5,c	;volatile
   120  007FEE  D004               	goto	l666
   121                           
   122                           ;newmain.c: 29: else if(RB6==0) RC2=1;
   123  007FF0  AC81               	btfss	3969,6,c	;volatile
   124  007FF2  D002               	goto	l666
   125                           
   126                           ;newmain.c: 30: else if(RB7==0) RC2=1;
   127  007FF4  BE81               	btfsc	3969,7,c	;volatile
   128  007FF6  D002               	goto	l44
   129  007FF8                     l666:
   130  007FF8  8482               	bsf	3970,2,c	;volatile
   131  007FFA  D7F1               	goto	l650
   132  007FFC                     l44:
   133                           
   134                           ;newmain.c: 31: else RC2=0;
   135  007FFC  9482               	bcf	3970,2,c	;volatile
   136  007FFE  D7EF               	goto	l650
   137  008000                     __end_of_main:
   138                           	opt stack 0
   139  0000                     
   140                           	psect	rparam


Data Sizes:
    Strings     0
    Constant    0
    Data        0
    BSS         0
    Persistent  0
    Stack       0

Auto Spaces:
    Space          Size  Autos    Used
    COMRAM           95      0       0
    BANK0           160      0       0
    BANK1           256      0       0
    BANK2           256      0       0
    BANK3           256      0       0
    BANK4           256      0       0
    BANK5           256      0       0
    BANK6           256      0       0
    BANK7           256      0       0

Pointer List with Targets:

    None.

Critical Paths under _main in COMRAM

    None.

Critical Paths under _main in BANK0

    None.

Critical Paths under _main in BANK1

    None.

Critical Paths under _main in BANK2

    None.

Critical Paths under _main in BANK3

    None.

Critical Paths under _main in BANK4

    None.

Critical Paths under _main in BANK5

    None.

Critical Paths under _main in BANK6

    None.

Critical Paths under _main in BANK7

    None.

Call Graph Tables:

 ---------------------------------------------------------------------------------
 (Depth) Function   	        Calls       Base Space   Used Autos Params    Refs
 ---------------------------------------------------------------------------------
 (0) _main                                                 0     0      0       0
 ---------------------------------------------------------------------------------
 Estimated maximum stack depth 0
 ---------------------------------------------------------------------------------

 Call Graph Graphs:

 _main (ROOT)

 Address spaces:
Name               Size   Autos  Total    Cost      Usage
BITCOMRAM           5F      0       0       0        0.0%
EEDATA             100      0       0       0        0.0%
NULL                 0      0       0       0        0.0%
CODE                 0      0       0       0        0.0%
COMRAM              5F      0       0       1        0.0%
STACK                0      0       0       2        0.0%
DATA                 0      0       0       3        0.0%
BITBANK0            A0      0       0       4        0.0%
BANK0               A0      0       0       5        0.0%
BITBANK1           100      0       0       6        0.0%
BANK1              100      0       0       7        0.0%
BITBANK2           100      0       0       8        0.0%
BANK2              100      0       0       9        0.0%
BITBANK3           100      0       0      10        0.0%
BANK3              100      0       0      11        0.0%
BITBANK4           100      0       0      12        0.0%
BANK4              100      0       0      13        0.0%
BITBANK5           100      0       0      14        0.0%
BANK5              100      0       0      15        0.0%
BITBANK6           100      0       0      16        0.0%
BANK6              100      0       0      17        0.0%
BITBANK7           100      0       0      18        0.0%
BANK7              100      0       0      19        0.0%
ABS                  0      0       0      20        0.0%
BIGRAM             7FF      0       0      21        0.0%
BITSFR               0      0       0      40        0.0%
SFR                  0      0       0      40        0.0%


Microchip Technology PIC18 Macro Assembler V1.35 build -356382666 
Symbol Table                                                                                   Mon Aug 24 08:57:12 2015

                     l44 7FFC              __CFG_BORV$1 000000                      l650 7FDE  
                    l666 7FF8                      _RB0 007C08                      _RB1 007C09  
                    _RB2 007C0A                      _RB3 007C0B                      _RC2 007C12  
                    _RB4 007C0C                      _RB5 007C0D                      _RB6 007C0E  
                    _RB7 007C0F             __CFG_FOSC$HS 000000             __CFG_LVP$OFF 000000  
           __CFG_WDT$OFF 000000                     _main 7FD0                     start 0000  
          __CFG_MCLRE$ON 000000             ___param_bank 000010                    ?_main 0000  
                  _TRISB 000F93                    _TRISC 000F94          __initialization 7FCA  
           __end_of_main 8000                   ??_main 0000            __activetblptr 000000  
                 _ADCON1 000FC1                   _OSCCON 000FD3           __CFG_XINST$OFF 000000  
             __accesstop 0060  __end_of__initialization 7FCA          __CFG_PBADEN$OFF 000000  
          ___rparam_used 000001           __pcstackCOMRAM 0000                  __Hparam 0000  
                __Lparam 0000                  __pcinit 7FCA                  __ramtop 0800  
                __ptext0 7FD0     end_of_initialization 7FCA      start_initialization 7FCA  
     __CFG_BOR$ON_ACTIVE 000000                 __Hrparam 0000                 __Lrparam 0000  
          __size_of_main 0030  
