

Microchip Technology PIC18 LITE Macro Assembler V1.35 build -356382666 
                                                                                               Tue Aug 25 12:50:05 2015

Microchip Technology Omniscient Code Generator v1.35 (Free mode) build 201507080246
     1                           	processor	18F4550
     2                           	fnconf	rparam,??,?,0
     3                           	opt	pw 120
     4                           	opt	lm
     5                           	psect	smallconst,global,reloc=2,class=SMALLCONST,delta=1
     6                           	psect	cinit,global,reloc=2,class=CODE,delta=1
     7                           	psect	cstackCOMRAM,global,class=COMRAM,space=1,delta=1
     8                           	psect	text0,global,reloc=2,class=CODE,delta=1
     9                           	psect	text1,global,reloc=2,class=CODE,delta=1
    10                           	psect	intsave_regs,global,class=BIGRAM,space=1,delta=1
    11                           	psect	rparam,global,class=COMRAM,space=1,delta=1
    12  0000                     
    13                           	psect	smallconst
    14  000800                     __psmallconst:
    15                           	opt stack 0
    16  000800  00                 	db	0
    17  000801                     _liushui:
    18                           	opt stack 0
    19  000801  01                 	db	1
    20  000802  02                 	db	2
    21  000803  04                 	db	4
    22  000804  08                 	db	8
    23  000805  10                 	db	16
    24  000806  20                 	db	32
    25  000807  40                 	db	64
    26  000808  80                 	db	128
    27  000809  C0                 	db	192
    28  00080A  E0                 	db	224
    29  00080B  F0                 	db	240
    30  00080C  F8                 	db	248
    31  00080D  FC                 	db	252
    32  00080E  FE                 	db	254
    33  00080F  FF                 	db	255
    34  000810  FE                 	db	254
    35  000811  FC                 	db	252
    36  000812  F8                 	db	248
    37  000813  F0                 	db	240
    38  000814  E0                 	db	224
    39  000815  C0                 	db	192
    40  000816  80                 	db	128
    41  000817  80                 	db	128
    42  000818  40                 	db	64
    43  000819  20                 	db	32
    44  00081A  10                 	db	16
    45  00081B  08                 	db	8
    46  00081C  04                 	db	4
    47  00081D  02                 	db	2
    48  00081E  01                 	db	1
    49  00081F  02                 	db	2
    50  000820  04                 	db	4
    51  000821  08                 	db	8
    52  000822  10                 	db	16
    53  000823  20                 	db	32
    54  000824  40                 	db	64
    55  000825  80                 	db	128
    56  000826  40                 	db	64
    57  000827  20                 	db	32
    58  000828  10                 	db	16
    59  000829  08                 	db	8
    60  00082A  04                 	db	4
    61  00082B  02                 	db	2
    62  00082C  01                 	db	1
    63  00082D  03                 	db	3
    64  00082E  06                 	db	6
    65  00082F  0C                 	db	12
    66  000830  18                 	db	24
    67  000831  30                 	db	48
    68  000832  60                 	db	96
    69  000833  C0                 	db	192
    70  000834  00                 	db	0
    71  000835  01                 	db	1
    72  000836  05                 	db	5
    73  000837  15                 	db	21
    74  000838  55                 	db	85
    75  000839  57                 	db	87
    76  00083A  5F                 	db	95
    77  00083B  7F                 	db	127
    78  00083C  FF                 	db	255
    79  00083D  00                 	db	0
    80  00083E  AA                 	db	170
    81  00083F  55                 	db	85
    82  000840  00                 	db	0
    83  000841                     __end_of_liushui:
    84                           	opt stack 0
    85  000841                     _LED:
    86                           	opt stack 0
    87  000841  3F                 	db	63
    88  000842  06                 	db	6
    89  000843  5B                 	db	91
    90  000844  4F                 	db	79
    91  000845  66                 	db	102
    92  000846  6D                 	db	109
    93  000847  7D                 	db	125
    94  000848  07                 	db	7
    95  000849  7F                 	db	127
    96  00084A  6F                 	db	111
    97  00084B                     __end_of_LED:
    98                           	opt stack 0
    99  0000                     _ADCON1	set	4033
   100  0000                     _OSCCON	set	4051
   101  0000                     _TRISA	set	3986
   102  0000                     _RA2	set	31746
   103  0000                     _RA3	set	31747
   104  0000                     _RA5	set	31749
   105                           
   106                           ; #config settings
   107  00084B  00                 	db	0	; dummy byte at the end
   108  0000                     
   109                           	psect	cinit
   110  00092E                     __pcinit:
   111                           	opt stack 0
   112  00092E                     start_initialization:
   113                           	opt stack 0
   114  00092E                     __initialization:
   115                           	opt stack 0
   116  00092E                     end_of_initialization:
   117                           	opt stack 0
   118  00092E                     __end_of__initialization:
   119                           	opt stack 0
   120  00092E  0E00               	movlw	low (__Lsmallconst shr (0+16))
   121  000930  6EF8               	movwf	tblptru,c
   122  000932  0E08               	movlw	high __Lsmallconst
   123  000934  6EF7               	movwf	tblptrh,c
   124  000936  0100               	movlb	0
   125  000938  EF26  F004         	goto	_main	;jump to C main() function
   126                           tblptru	equ	0xFF8
   127                           tblptrh	equ	0xFF7
   128                           
   129                           	psect	cstackCOMRAM
   130  000001                     __pcstackCOMRAM:
   131                           	opt stack 0
   132  000001                     write595@U7buf:
   133                           	opt stack 0
   134                           
   135                           ; 1 bytes @ 0x0
   136  000001                     	ds	1
   137  000002                     write595@U6buf:
   138                           	opt stack 0
   139                           
   140                           ; 1 bytes @ 0x1
   141  000002                     	ds	1
   142  000003                     write595@i:
   143                           	opt stack 0
   144                           
   145                           ; 1 bytes @ 0x2
   146  000003                     	ds	1
   147  000004                     main@a:
   148                           	opt stack 0
   149                           
   150                           ; 2 bytes @ 0x3
   151  000004                     	ds	2
   152  000006                     main@b:
   153                           	opt stack 0
   154                           
   155                           ; 1 bytes @ 0x5
   156  000006                     	ds	1
   157  000007                     main@c:
   158                           	opt stack 0
   159                           
   160                           ; 1 bytes @ 0x6
   161  000007                     	ds	1
   162                           tblptru	equ	0xFF8
   163                           tblptrh	equ	0xFF7
   164                           
   165 ;;
   166 ;;Main: autosize = 0, tempsize = 0, incstack = 0, save=0
   167 ;;
   168 ;; *************** function _main *****************
   169 ;; Defined at:
   170 ;;		line 137 in file "newmain.c"
   171 ;; Parameters:    Size  Location     Type
   172 ;;		None
   173 ;; Auto vars:     Size  Location     Type
   174 ;;  a               2    3[COMRAM] unsigned int 
   175 ;;  c               1    6[COMRAM] unsigned char 
   176 ;;  b               1    5[COMRAM] unsigned char 
   177 ;; Return value:  Size  Location     Type
   178 ;;		None               void
   179 ;; Registers used:
   180 ;;		wreg, status,2, status,0, tblptrl, tblptrh, tblptru, prodl, prodh, cstack
   181 ;; Tracked objects:
   182 ;;		On entry : 0/0
   183 ;;		On exit  : 0/0
   184 ;;		Unchanged: 0/0
   185 ;; Data sizes:     COMRAM   BANK0   BANK1   BANK2   BANK3   BANK4   BANK5   BANK6   BANK7
   186 ;;      Params:         0       0       0       0       0       0       0       0       0
   187 ;;      Locals:         4       0       0       0       0       0       0       0       0
   188 ;;      Temps:          0       0       0       0       0       0       0       0       0
   189 ;;      Totals:         4       0       0       0       0       0       0       0       0
   190 ;;Total ram usage:        4 bytes
   191 ;; Hardware stack levels required when called:    1
   192 ;; This function calls:
   193 ;;		_write595
   194 ;; This function is called by:
   195 ;;		Startup code after reset
   196 ;; This function uses a non-reentrant model
   197 ;;
   198                           
   199                           	psect	text0
   200  00084C                     __ptext0:
   201                           	opt stack 0
   202  00084C                     _main:
   203                           	opt stack 30
   204                           
   205                           ;newmain.c: 139: unsigned int a;
   206                           ;newmain.c: 140: unsigned char b,c;
   207                           ;newmain.c: 141: OSCCON=0X00;
   208                           
   209                           ;incstack = 0
   210  00084C  0E00               	movlw	0
   211  00084E  6ED3               	movwf	4051,c	;volatile
   212                           
   213                           ;newmain.c: 142: ADCON1=0X0f;
   214  000850  0E0F               	movlw	15
   215  000852  6EC1               	movwf	4033,c	;volatile
   216                           
   217                           ;newmain.c: 143: TRISA=0B00000000;
   218  000854  0E00               	movlw	0
   219  000856  6E92               	movwf	3986,c	;volatile
   220                           
   221                           ;newmain.c: 144: write595(0x00,0x00);
   222  000858  0E00               	movlw	0
   223  00085A  6E01               	movwf	write595@U7buf,c
   224  00085C  0E00               	movlw	0
   225  00085E  EC68  F004         	call	_write595
   226                           
   227                           ;newmain.c: 145: a=b=c=0;
   228  000862  0E00               	movlw	0
   229  000864  6E07               	movwf	main@c,c
   230  000866  C007  F006         	movff	main@c,main@b
   231  00086A  C006  F004         	movff	main@b,main@a
   232  00086E  6A05               	clrf	main@a+1,c
   233  000870                     l736:
   234                           
   235                           ;newmain.c: 147: {
   236                           ;newmain.c: 148: if(++a>10000)
   237  000870  4A04               	infsnz	main@a,f,c
   238  000872  2A05               	incf	main@a+1,f,c
   239  000874  0E11               	movlw	17
   240  000876  5C04               	subwf	main@a,w,c
   241  000878  0E27               	movlw	39
   242  00087A  5805               	subwfb	main@a+1,w,c
   243  00087C  A0D8               	btfss	status,0,c
   244  00087E  D7F8               	goto	l736
   245                           
   246                           ;newmain.c: 149: {
   247                           ;newmain.c: 150: a=0;
   248  000880  0E00               	movlw	0
   249  000882  6E05               	movwf	main@a+1,c
   250  000884  0E00               	movlw	0
   251  000886  6E04               	movwf	main@a,c
   252                           
   253                           ;newmain.c: 151: if(++b>63)
   254  000888  2A06               	incf	main@b,f,c
   255  00088A  0E3F               	movlw	63
   256  00088C  6406               	cpfsgt	main@b,c
   257  00088E  D008               	goto	l748
   258                           
   259                           ;newmain.c: 152: {
   260                           ;newmain.c: 153: b=0;
   261  000890  0E00               	movlw	0
   262  000892  6E06               	movwf	main@b,c
   263                           
   264                           ;newmain.c: 154: if(++c>9) c=0;
   265  000894  2A07               	incf	main@c,f,c
   266  000896  0E09               	movlw	9
   267  000898  6407               	cpfsgt	main@c,c
   268  00089A  D002               	goto	l748
   269  00089C  0E00               	movlw	0
   270  00089E  6E07               	movwf	main@c,c
   271  0008A0                     l748:
   272                           
   273                           ;newmain.c: 155: }
   274                           ;newmain.c: 156: write595(liushui[b],LED[c]);
   275  0008A0  5007               	movf	main@c,w,c
   276  0008A2  0D01               	mullw	1
   277  0008A4  0E41               	movlw	low _LED
   278  0008A6  24F3               	addwf	prodl,w,c
   279  0008A8  6EF6               	movwf	tblptrl,c
   280  0008AA  0E08               	movlw	high _LED
   281  0008AC  20F4               	addwfc	prodh,w,c
   282  0008AE  6EF7               	movwf	tblptrh,c
   283  0008B0                     	if	0	;There are less than 3 active tblptr bytes
   284  0008B0                     	endif
   285  0008B0  0008               	tblrd		*
   286  0008B2  CFF5 F001          	movff	tablat,write595@U7buf
   287  0008B6  5006               	movf	main@b,w,c
   288  0008B8  0D01               	mullw	1
   289  0008BA  0E01               	movlw	low _liushui
   290  0008BC  24F3               	addwf	prodl,w,c
   291  0008BE  6EF6               	movwf	tblptrl,c
   292  0008C0  0E08               	movlw	high _liushui
   293  0008C2  20F4               	addwfc	prodh,w,c
   294  0008C4  6EF7               	movwf	tblptrh,c
   295  0008C6                     	if	0	;There are less than 3 active tblptr bytes
   296  0008C6                     	endif
   297  0008C6  0008               	tblrd		*
   298  0008C8  50F5               	movf	tablat,w,c
   299  0008CA  EC68  F004         	call	_write595
   300  0008CE  D7D0               	goto	l736
   301  0008D0                     __end_of_main:
   302                           	opt stack 0
   303                           tblptru	equ	0xFF8
   304                           tblptrh	equ	0xFF7
   305                           tblptrl	equ	0xFF6
   306                           tablat	equ	0xFF5
   307                           prodh	equ	0xFF4
   308                           prodl	equ	0xFF3
   309                           status	equ	0xFD8
   310                           
   311 ;; *************** function _write595 *****************
   312 ;; Defined at:
   313 ;;		line 97 in file "newmain.c"
   314 ;; Parameters:    Size  Location     Type
   315 ;;  U6buf           1    wreg     unsigned char 
   316 ;;  U7buf           1    0[COMRAM] unsigned char 
   317 ;; Auto vars:     Size  Location     Type
   318 ;;  U6buf           1    1[COMRAM] unsigned char 
   319 ;;  i               1    2[COMRAM] unsigned char 
   320 ;; Return value:  Size  Location     Type
   321 ;;		None               void
   322 ;; Registers used:
   323 ;;		wreg, status,2, status,0
   324 ;; Tracked objects:
   325 ;;		On entry : 0/0
   326 ;;		On exit  : 0/0
   327 ;;		Unchanged: 0/0
   328 ;; Data sizes:     COMRAM   BANK0   BANK1   BANK2   BANK3   BANK4   BANK5   BANK6   BANK7
   329 ;;      Params:         1       0       0       0       0       0       0       0       0
   330 ;;      Locals:         2       0       0       0       0       0       0       0       0
   331 ;;      Temps:          0       0       0       0       0       0       0       0       0
   332 ;;      Totals:         3       0       0       0       0       0       0       0       0
   333 ;;Total ram usage:        3 bytes
   334 ;; Hardware stack levels used:    1
   335 ;; This function calls:
   336 ;;		Nothing
   337 ;; This function is called by:
   338 ;;		_main
   339 ;; This function uses a non-reentrant model
   340 ;;
   341                           
   342                           	psect	text1
   343  0008D0                     __ptext1:
   344                           	opt stack 0
   345  0008D0                     _write595:
   346                           	opt stack 30
   347                           
   348                           ;incstack = 0
   349                           ;write595@U6buf stored from wreg
   350  0008D0  6E02               	movwf	write595@U6buf,c
   351                           
   352                           ;newmain.c: 99: unsigned char i;
   353                           ;newmain.c: 100: RA2=0;
   354  0008D2  9480               	bcf	3968,2,c	;volatile
   355                           
   356                           ;newmain.c: 101: for(i=0;i<8;i++)
   357  0008D4  0E00               	movlw	0
   358  0008D6  6E03               	movwf	write595@i,c
   359  0008D8                     l696:
   360  0008D8  0E07               	movlw	7
   361  0008DA  6403               	cpfsgt	write595@i,c
   362  0008DC  D001               	goto	l19
   363  0008DE  D00E               	goto	l712
   364  0008E0                     l19:
   365                           
   366                           ;newmain.c: 102: {
   367                           ;newmain.c: 103: if(U6buf&0x80)
   368  0008E0  AE02               	btfss	write595@U6buf,7,c
   369  0008E2  D002               	goto	l21
   370                           
   371                           ;newmain.c: 104: RA5=1;
   372  0008E4  8A80               	bsf	3968,5,c	;volatile
   373  0008E6  D001               	goto	l702
   374  0008E8                     l21:
   375                           
   376                           ;newmain.c: 105: else
   377                           ;newmain.c: 106: RA5=0;
   378  0008E8  9A80               	bcf	3968,5,c	;volatile
   379  0008EA                     l702:
   380                           
   381                           ;newmain.c: 107: U6buf=U6buf<<1;
   382  0008EA  5002               	movf	write595@U6buf,w,c
   383  0008EC  2402               	addwf	write595@U6buf,w,c
   384  0008EE  6E02               	movwf	write595@U6buf,c
   385                           
   386                           ;newmain.c: 108: RA3=0;
   387  0008F0  9680               	bcf	3968,3,c	;volatile
   388  0008F2  0004               	clrwdt		;# 
   389  0008F4  0004               	clrwdt		;# 
   390                           
   391                           ;newmain.c: 111: RA3=1;
   392  0008F6  8680               	bsf	3968,3,c	;volatile
   393  0008F8  2A03               	incf	write595@i,f,c
   394  0008FA  D7EE               	goto	l696
   395  0008FC                     l712:
   396                           
   397                           ;newmain.c: 112: }
   398                           ;newmain.c: 113: for(i=0;i<8;i++)
   399  0008FC  0E00               	movlw	0
   400  0008FE  6E03               	movwf	write595@i,c
   401  000900                     l714:
   402  000900  0E07               	movlw	7
   403  000902  6403               	cpfsgt	write595@i,c
   404  000904  D001               	goto	l23
   405  000906  D00E               	goto	l24
   406  000908                     l23:
   407                           
   408                           ;newmain.c: 114: {
   409                           ;newmain.c: 115: if(U7buf&0x80)
   410  000908  AE01               	btfss	write595@U7buf,7,c
   411  00090A  D002               	goto	l25
   412                           
   413                           ;newmain.c: 116: RA5=1;
   414  00090C  8A80               	bsf	3968,5,c	;volatile
   415  00090E  D001               	goto	l720
   416  000910                     l25:
   417                           
   418                           ;newmain.c: 117: else
   419                           ;newmain.c: 118: RA5=0;
   420  000910  9A80               	bcf	3968,5,c	;volatile
   421  000912                     l720:
   422                           
   423                           ;newmain.c: 119: U7buf=U7buf<<1;
   424  000912  5001               	movf	write595@U7buf,w,c
   425  000914  2401               	addwf	write595@U7buf,w,c
   426  000916  6E01               	movwf	write595@U7buf,c
   427                           
   428                           ;newmain.c: 120: RA3=0;
   429  000918  9680               	bcf	3968,3,c	;volatile
   430  00091A  0004               	clrwdt		;# 
   431  00091C  0004               	clrwdt		;# 
   432                           
   433                           ;newmain.c: 123: RA3=1;
   434  00091E  8680               	bsf	3968,3,c	;volatile
   435  000920  2A03               	incf	write595@i,f,c
   436  000922  D7EE               	goto	l714
   437  000924                     l24:
   438                           
   439                           ;newmain.c: 124: }
   440                           ;newmain.c: 125: RA2=1;
   441  000924  8480               	bsf	3968,2,c	;volatile
   442  000926  F000               	nop		;# 
   443  000928  F000               	nop		;# 
   444                           
   445                           ;newmain.c: 128: RA2=0;
   446  00092A  9480               	bcf	3968,2,c	;volatile
   447  00092C  0012               	return		;funcret
   448  00092E                     __end_of_write595:
   449                           	opt stack 0
   450                           tblptru	equ	0xFF8
   451                           tblptrh	equ	0xFF7
   452                           tblptrl	equ	0xFF6
   453                           tablat	equ	0xFF5
   454                           prodh	equ	0xFF4
   455                           prodl	equ	0xFF3
   456                           status	equ	0xFD8
   457                           tblptru	equ	0xFF8
   458                           tblptrh	equ	0xFF7
   459                           tblptrl	equ	0xFF6
   460                           tablat	equ	0xFF5
   461                           prodh	equ	0xFF4
   462                           prodl	equ	0xFF3
   463                           status	equ	0xFD8
   464                           
   465                           	psect	rparam
   466  0000                     tblptru	equ	0xFF8
   467                           tblptrh	equ	0xFF7
   468                           tblptrl	equ	0xFF6
   469                           tablat	equ	0xFF5
   470                           prodh	equ	0xFF4
   471                           prodl	equ	0xFF3
   472                           status	equ	0xFD8


Data Sizes:
    Strings     0
    Constant    74
    Data        0
    BSS         0
    Persistent  0
    Stack       0

Auto Spaces:
    Space          Size  Autos    Used
    COMRAM           95      7       7
    BANK0           160      0       0
    BANK1           256      0       0
    BANK2           256      0       0
    BANK3           256      0       0
    BANK4           256      0       0
    BANK5           256      0       0
    BANK6           256      0       0
    BANK7           256      0       0

Pointer List with Targets:

    None.

Critical Paths under _main in COMRAM

    _main->_write595

Critical Paths under _main in BANK0

    None.

Critical Paths under _main in BANK1

    None.

Critical Paths under _main in BANK2

    None.

Critical Paths under _main in BANK3

    None.

Critical Paths under _main in BANK4

    None.

Critical Paths under _main in BANK5

    None.

Critical Paths under _main in BANK6

    None.

Critical Paths under _main in BANK7

    None.

Call Graph Tables:

 ---------------------------------------------------------------------------------
 (Depth) Function   	        Calls       Base Space   Used Autos Params    Refs
 ---------------------------------------------------------------------------------
 (0) _main                                                 4     4      0     384
                                              3 COMRAM     4     4      0
                           _write595
 ---------------------------------------------------------------------------------
 (1) _write595                                             3     2      1     268
                                              0 COMRAM     3     2      1
 ---------------------------------------------------------------------------------
 Estimated maximum stack depth 1
 ---------------------------------------------------------------------------------

 Call Graph Graphs:

 _main (ROOT)
   _write595

 Address spaces:
Name               Size   Autos  Total    Cost      Usage
BITCOMRAM           5F      0       0       0        0.0%
EEDATA             100      0       0       0        0.0%
NULL                 0      0       0       0        0.0%
CODE                 0      0       0       0        0.0%
COMRAM              5F      7       7       1        7.4%
STACK                0      0       0       2        0.0%
DATA                 0      0       0       3        0.0%
BITBANK0            A0      0       0       4        0.0%
BANK0               A0      0       0       5        0.0%
BITBANK1           100      0       0       6        0.0%
BANK1              100      0       0       7        0.0%
BITBANK2           100      0       0       8        0.0%
BANK2              100      0       0       9        0.0%
BITBANK3           100      0       0      10        0.0%
BANK3              100      0       0      11        0.0%
BITBANK4           100      0       0      12        0.0%
BANK4              100      0       0      13        0.0%
BITBANK5           100      0       0      14        0.0%
BANK5              100      0       0      15        0.0%
BITBANK6           100      0       0      16        0.0%
BANK6              100      0       0      17        0.0%
BITBANK7           100      0       0      18        0.0%
BANK7              100      0       0      19        0.0%
ABS                  0      0       0      20        0.0%
BIGRAM             7FF      0       0      21        0.0%
BITSFR               0      0       0      40        0.0%
SFR                  0      0       0      40        0.0%


Microchip Technology PIC18 Macro Assembler V1.35 build -356382666 
Symbol Table                                                                                   Tue Aug 25 12:50:05 2015

                     l21 08E8                       l23 0908                       l24 0924  
                     l25 0910                       l19 08E0              __CFG_BORV$1 000000  
                    l702 08EA                      l720 0912                      l712 08FC  
                    l714 0900                      l736 0870                      l748 08A0  
                    l696 08D8                      _RA2 007C02                      _RA3 007C03  
                    _LED 0841                      _RA5 007C05             __CFG_FOSC$HS 000000  
           __CFG_LVP$OFF 000000             __CFG_WDT$OFF 000000                     _main 084C  
                   prodh 000FF4                     prodl 000FF3                     start 0000  
          __CFG_MCLRE$ON 000000             ___param_bank 000010                    ?_main 0001  
                  _TRISA 000F92                    main@a 0004                    main@b 0006  
                  main@c 0007          __end_of_liushui 0841                    tablat 000FF5  
                  status 000FD8          __initialization 092E             __end_of_main 08D0  
                 ??_main 0004            __activetblptr 000001                   _ADCON1 000FC1  
                 _OSCCON 000FD3           __CFG_XINST$OFF 000000             __mediumconst 0000  
                 tblptrh 000FF7                   tblptrl 000FF6                   tblptru 000FF8  
       __end_of_write595 092E               __accesstop 0060  __end_of__initialization 092E  
        __CFG_PBADEN$OFF 000000            ___rparam_used 000001           __pcstackCOMRAM 0001  
                __Hparam 0000                  __Lparam 0000             __psmallconst 0800  
              ?_write595 0001                  __pcinit 092E                  __ramtop 0800  
                __ptext0 084C                  __ptext1 08D0                  _liushui 0801  
   end_of_initialization 092E               ??_write595 0002      start_initialization 092E  
            __end_of_LED 084B       __CFG_BOR$ON_ACTIVE 000000            write595@U6buf 0002  
          write595@U7buf 0001              __smallconst 0800        __size_of_write595 005E  
               __Hrparam 0000                 __Lrparam 0000             __Lsmallconst 0800  
          __size_of_main 0084                 _write595 08D0                write595@i 0003  
